#
# There is insufficient memory for the Java Runtime Environment to continue.
# Native memory allocation (malloc) failed to allocate 2288192 bytes. Error detail: Chunk::new
# Possible reasons:
#   The system is out of physical RAM or swap space
#   This process is running with CompressedOops enabled, and the Java Heap may be blocking the growth of the native heap
# Possible solutions:
#   Reduce memory load on the system
#   Increase physical memory or swap space
#   Check if swap backing store is full
#   Decrease Java heap size (-Xmx/-Xms)
#   Decrease number of Java threads
#   Decrease Java thread stack sizes (-Xss)
#   Set larger code cache with -XX:ReservedCodeCacheSize=
#   JVM is running with Unscaled Compressed Oops mode in which the Java heap is
#     placed in the first 4GB address space. The Java Heap base address is the
#     maximum limit for the native heap growth. Please use -XX:HeapBaseMinAddress
#     to set the Java Heap base and to place the Java Heap above 4GB virtual address.
# This output file may be truncated or incomplete.
#
#  Out of Memory Error (arena.cpp:191), pid=9812, tid=17204
#
# JRE version: OpenJDK Runtime Environment Microsoft-11369865 (17.0.15+6) (build 17.0.15+6-LTS)
# Java VM: OpenJDK 64-Bit Server VM Microsoft-11369865 (17.0.15+6-LTS, mixed mode, sharing, tiered, compressed oops, compressed class ptrs, g1 gc, windows-amd64)
# No core dump will be written. Minidumps are not enabled by default on client versions of Windows
#

---------------  S U M M A R Y ------------

Command Line: --add-opens=java.base/java.lang=ALL-UNNAMED --add-opens=java.base/java.lang.invoke=ALL-UNNAMED --add-opens=java.base/java.util=ALL-UNNAMED --add-opens=java.prefs/java.util.prefs=ALL-UNNAMED --add-exports=jdk.compiler/com.sun.tools.javac.api=ALL-UNNAMED --add-exports=jdk.compiler/com.sun.tools.javac.util=ALL-UNNAMED --add-opens=java.base/java.util=ALL-UNNAMED --add-opens=java.prefs/java.util.prefs=ALL-UNNAMED --add-opens=java.base/java.nio.charset=ALL-UNNAMED --add-opens=java.base/java.net=ALL-UNNAMED --add-opens=java.base/java.util.concurrent.atomic=ALL-UNNAMED --add-opens=java.xml/javax.xml.namespace=ALL-UNNAMED -XX:MaxMetaspaceSize=384m -XX:+HeapDumpOnOutOfMemoryError -Xms256m -Xmx512m -Dfile.encoding=UTF-8 -Duser.country=KR -Duser.language=ko -Duser.variant -javaagent:C:\Gradle\wrapper\dists\gradle-8.13-bin\5xuhj0ry160q40clulazy9h7d\gradle-8.13\lib\agents\gradle-instrumentation-agent-8.13.jar org.gradle.launcher.daemon.bootstrap.GradleDaemon 8.13

Host: Intel(R) Pentium(R) CPU 6405U @ 2.40GHz, 4 cores, 3G,  Windows 11 , 64 bit Build 22621 (10.0.22621.5124)
Time: Mon May 12 17:59:01 2025  Windows 11 , 64 bit Build 22621 (10.0.22621.5124) elapsed time: 82.613755 seconds (0d 0h 1m 22s)

---------------  T H R E A D  ---------------

Current thread (0x000001db7f42f510):  JavaThread "C2 CompilerThread1" daemon [_thread_in_native, id=17204, stack(0x0000008ad5500000,0x0000008ad5600000)]


Current CompileTask:
C2:  82613 7872       4       com.google.common.collect.ImmutableSet::copyOf (76 bytes)

Stack: [0x0000008ad5500000,0x0000008ad5600000]
Native frames: (J=compiled Java code, j=interpreted, Vv=VM code, C=native code)
V  [jvm.dll+0x6887a9]
V  [jvm.dll+0x83f5a8]
V  [jvm.dll+0x841053]
V  [jvm.dll+0x8416c3]
V  [jvm.dll+0x2496ef]
V  [jvm.dll+0xad134]
V  [jvm.dll+0xad7cc]
V  [jvm.dll+0x36af2e]
V  [jvm.dll+0x335513]
V  [jvm.dll+0x3349aa]
V  [jvm.dll+0x21a908]
V  [jvm.dll+0x219d3f]
V  [jvm.dll+0x1a55f6]
V  [jvm.dll+0x22a39a]
V  [jvm.dll+0x2284db]
V  [jvm.dll+0x7f4e28]
V  [jvm.dll+0x7ef2dc]
V  [jvm.dll+0x687687]
C  [ucrtbase.dll+0x29333]
C  [KERNEL32.DLL+0x1259d]
C  [ntdll.dll+0x5af38]


---------------  P R O C E S S  ---------------

Threads class SMR info:
_java_thread_list=0x000001db24c82e00, length=83, elements={
0x000001db6d27c250, 0x000001db78590750, 0x000001db785915d0, 0x000001db785ac360,
0x000001db785acf20, 0x000001db785af9f0, 0x000001db785b58c0, 0x000001db785bee80,
0x000001db785bf930, 0x000001db785fc4e0, 0x000001db7857caa0, 0x000001db7875c560,
0x000001db7884a440, 0x000001db788d3ec0, 0x000001db788723f0, 0x000001db7da998f0,
0x000001db7da99e00, 0x000001db7da989c0, 0x000001db7da98ed0, 0x000001db7da993e0,
0x000001db7da9a310, 0x000001db7da9ad30, 0x000001db7da9a820, 0x000001db7da9b240,
0x000001db7da9b750, 0x000001db7da97fa0, 0x000001db7f562f10, 0x000001db7f55f760,
0x000001db7f562a00, 0x000001db7f565790, 0x000001db7f565ca0, 0x000001db7f5661b0,
0x000001db7f561ad0, 0x000001db7f55f250, 0x000001db7f55fc70, 0x000001db7f561fe0,
0x000001db7f560690, 0x000001db7f565280, 0x000001db7f563420, 0x000001db7f564350,
0x000001db7f5610b0, 0x000001db7f5615c0, 0x000001db7f5624f0, 0x000001db7f563930,
0x000001db7f563e40, 0x000001db7f564860, 0x000001db7f564d70, 0x000001db24483230,
0x000001db24485fc0, 0x000001db7f42f510, 0x000001db24480ec0, 0x000001db2447fa80,
0x000001db244813d0, 0x000001db2447ff90, 0x000001db244804a0, 0x000001db244818e0,
0x000001db2447f570, 0x000001db24481df0, 0x000001db24483740, 0x000001db24482300,
0x000001db24482810, 0x000001db24482d20, 0x000001db24483c50, 0x000001db24484160,
0x000001db244869e0, 0x000001db24484670, 0x000001db24484b80, 0x000001db24485090,
0x000001db244855a0, 0x000001db24485ab0, 0x000001db2538db50, 0x000001db2538b2d0,
0x000001db25387610, 0x000001db2538b7e0, 0x000001db2538d640, 0x000001db25387100,
0x000001db2538bcf0, 0x000001db25386bf0, 0x000001db2538e060, 0x000001db25387b20,
0x000001db2538a8b0, 0x000001db25388a50, 0x000001db25388f60
}

Java Threads: ( => current thread )
  0x000001db6d27c250 JavaThread "main" [_thread_blocked, id=17200, stack(0x0000008ad1700000,0x0000008ad1800000)]
  0x000001db78590750 JavaThread "Reference Handler" daemon [_thread_blocked, id=17796, stack(0x0000008ad1e00000,0x0000008ad1f00000)]
  0x000001db785915d0 JavaThread "Finalizer" daemon [_thread_blocked, id=13356, stack(0x0000008ad1f00000,0x0000008ad2000000)]
  0x000001db785ac360 JavaThread "Signal Dispatcher" daemon [_thread_blocked, id=18880, stack(0x0000008ad2000000,0x0000008ad2100000)]
  0x000001db785acf20 JavaThread "Attach Listener" daemon [_thread_blocked, id=13880, stack(0x0000008ad2100000,0x0000008ad2200000)]
  0x000001db785af9f0 JavaThread "Service Thread" daemon [_thread_blocked, id=18372, stack(0x0000008ad2200000,0x0000008ad2300000)]
  0x000001db785b58c0 JavaThread "Monitor Deflation Thread" daemon [_thread_blocked, id=18584, stack(0x0000008ad2300000,0x0000008ad2400000)]
  0x000001db785bee80 JavaThread "C2 CompilerThread0" daemon [_thread_in_native, id=17724, stack(0x0000008ad2400000,0x0000008ad2500000)]
  0x000001db785bf930 JavaThread "C1 CompilerThread0" daemon [_thread_blocked, id=18020, stack(0x0000008ad2500000,0x0000008ad2600000)]
  0x000001db785fc4e0 JavaThread "Sweeper thread" daemon [_thread_blocked, id=18688, stack(0x0000008ad2600000,0x0000008ad2700000)]
  0x000001db7857caa0 JavaThread "Common-Cleaner" daemon [_thread_blocked, id=16952, stack(0x0000008ad2700000,0x0000008ad2800000)]
  0x000001db7875c560 JavaThread "Notification Thread" daemon [_thread_blocked, id=17984, stack(0x0000008ad2800000,0x0000008ad2900000)]
  0x000001db7884a440 JavaThread "Daemon health stats" [_thread_blocked, id=16820, stack(0x0000008ad2e00000,0x0000008ad2f00000)]
  0x000001db788d3ec0 JavaThread "Incoming local TCP Connector on port 49171" [_thread_in_native, id=964, stack(0x0000008ad2f00000,0x0000008ad3000000)]
  0x000001db788723f0 JavaThread "Daemon periodic checks" [_thread_blocked, id=6428, stack(0x0000008ad3000000,0x0000008ad3100000)]
  0x000001db7da998f0 JavaThread "Daemon" [_thread_blocked, id=18472, stack(0x0000008ad3100000,0x0000008ad3200000)]
  0x000001db7da99e00 JavaThread "Handler for socket connection from /127.0.0.1:49171 to /127.0.0.1:49172" [_thread_in_native, id=10544, stack(0x0000008ad3200000,0x0000008ad3300000)]
  0x000001db7da989c0 JavaThread "Cancel handler" [_thread_blocked, id=2596, stack(0x0000008ad3300000,0x0000008ad3400000)]
  0x000001db7da98ed0 JavaThread "Daemon worker" [_thread_in_Java, id=11472, stack(0x0000008ad3400000,0x0000008ad3500000)]
  0x000001db7da993e0 JavaThread "Asynchronous log dispatcher for DefaultDaemonConnection: socket connection from /127.0.0.1:49171 to /127.0.0.1:49172" [_thread_blocked, id=14380, stack(0x0000008ad3500000,0x0000008ad3600000)]
  0x000001db7da9a310 JavaThread "Stdin handler" [_thread_blocked, id=16644, stack(0x0000008ad3600000,0x0000008ad3700000)]
  0x000001db7da9ad30 JavaThread "Daemon client event forwarder" [_thread_blocked, id=17732, stack(0x0000008ad3700000,0x0000008ad3800000)]
  0x000001db7da9a820 JavaThread "Cache worker for journal cache (C:\Gradle\caches\journal-1)" [_thread_blocked, id=6636, stack(0x0000008ad3800000,0x0000008ad3900000)]
  0x000001db7da9b240 JavaThread "File lock request listener" [_thread_in_native, id=18992, stack(0x0000008ad3900000,0x0000008ad3a00000)]
  0x000001db7da9b750 JavaThread "Cache worker for file hash cache (C:\Gradle\caches\8.13\fileHashes)" [_thread_blocked, id=17124, stack(0x0000008ad3a00000,0x0000008ad3b00000)]
  0x000001db7da97fa0 JavaThread "File lock release action executor" [_thread_blocked, id=17552, stack(0x0000008ad3b00000,0x0000008ad3c00000)]
  0x000001db7f562f10 JavaThread "Cache worker for file hash cache (C:\Users\kku89\git\backend\toeicvocab\.gradle\8.13\fileHashes)" [_thread_blocked, id=17152, stack(0x0000008ad3c00000,0x0000008ad3d00000)]
  0x000001db7f55f760 JavaThread "Cache worker for Build Output Cleanup Cache (C:\Users\kku89\git\backend\toeicvocab\.gradle\buildOutputCleanup)" [_thread_blocked, id=4668, stack(0x0000008ad3d00000,0x0000008ad3e00000)]
  0x000001db7f562a00 JavaThread "File watcher server" daemon [_thread_in_native, id=3236, stack(0x0000008ad3e00000,0x0000008ad3f00000)]
  0x000001db7f565790 JavaThread "File watcher consumer" daemon [_thread_blocked, id=17444, stack(0x0000008ad3f00000,0x0000008ad4000000)]
  0x000001db7f565ca0 JavaThread "jar transforms" [_thread_blocked, id=14324, stack(0x0000008ad4000000,0x0000008ad4100000)]
  0x000001db7f5661b0 JavaThread "jar transforms Thread 2" [_thread_blocked, id=18720, stack(0x0000008ad4100000,0x0000008ad4200000)]
  0x000001db7f561ad0 JavaThread "Cache worker for checksums cache (C:\Users\kku89\git\backend\toeicvocab\.gradle\8.13\checksums)" [_thread_blocked, id=15356, stack(0x0000008ad4200000,0x0000008ad4300000)]
  0x000001db7f55f250 JavaThread "Cache worker for file content cache (C:\Gradle\caches\8.13\fileContent)" [_thread_blocked, id=15888, stack(0x0000008ad4300000,0x0000008ad4400000)]
  0x000001db7f55fc70 JavaThread "jar transforms Thread 3" [_thread_blocked, id=18540, stack(0x0000008ad4400000,0x0000008ad4500000)]
  0x000001db7f561fe0 JavaThread "Cache worker for cache directory md-supplier (C:\Gradle\caches\8.13\md-supplier)" [_thread_blocked, id=13548, stack(0x0000008ad4500000,0x0000008ad4600000)]
  0x000001db7f560690 JavaThread "Cache worker for cache directory md-rule (C:\Gradle\caches\8.13\md-rule)" [_thread_blocked, id=17424, stack(0x0000008ad4600000,0x0000008ad4700000)]
  0x000001db7f565280 JavaThread "Unconstrained build operations" [_thread_blocked, id=18888, stack(0x0000008ad4700000,0x0000008ad4800000)]
  0x000001db7f563420 JavaThread "Unconstrained build operations Thread 2" [_thread_blocked, id=8380, stack(0x0000008ad4800000,0x0000008ad4900000)]
  0x000001db7f564350 JavaThread "jar transforms Thread 4" [_thread_blocked, id=1936, stack(0x0000008ad4900000,0x0000008ad4a00000)]
  0x000001db7f5610b0 JavaThread "Unconstrained build operations Thread 3" [_thread_blocked, id=18484, stack(0x0000008ad4c00000,0x0000008ad4d00000)]
  0x000001db7f5615c0 JavaThread "Unconstrained build operations Thread 4" [_thread_blocked, id=15480, stack(0x0000008ad4d00000,0x0000008ad4e00000)]
  0x000001db7f5624f0 JavaThread "Unconstrained build operations Thread 5" [_thread_blocked, id=15660, stack(0x0000008ad4e00000,0x0000008ad4f00000)]
  0x000001db7f563930 JavaThread "Unconstrained build operations Thread 6" [_thread_blocked, id=3228, stack(0x0000008ad4f00000,0x0000008ad5000000)]
  0x000001db7f563e40 JavaThread "Unconstrained build operations Thread 7" [_thread_blocked, id=18724, stack(0x0000008ad5000000,0x0000008ad5100000)]
  0x000001db7f564860 JavaThread "Unconstrained build operations Thread 8" [_thread_blocked, id=18312, stack(0x0000008ad5100000,0x0000008ad5200000)]
  0x000001db7f564d70 JavaThread "Unconstrained build operations Thread 9" [_thread_blocked, id=18492, stack(0x0000008ad5200000,0x0000008ad5300000)]
  0x000001db24483230 JavaThread "Unconstrained build operations Thread 10" [_thread_blocked, id=9568, stack(0x0000008ad5300000,0x0000008ad5400000)]
  0x000001db24485fc0 JavaThread "Unconstrained build operations Thread 11" [_thread_blocked, id=16932, stack(0x0000008ad5400000,0x0000008ad5500000)]
=>0x000001db7f42f510 JavaThread "C2 CompilerThread1" daemon [_thread_in_native, id=17204, stack(0x0000008ad5500000,0x0000008ad5600000)]
  0x000001db24480ec0 JavaThread "Memory manager" [_thread_blocked, id=17456, stack(0x0000008ad5600000,0x0000008ad5700000)]
  0x000001db2447fa80 JavaThread "ForkJoinPool.commonPool-worker-1" daemon [_thread_blocked, id=9392, stack(0x0000008ad5800000,0x0000008ad5900000)]
  0x000001db244813d0 JavaThread "ForkJoinPool.commonPool-worker-2" daemon [_thread_blocked, id=4968, stack(0x0000008ad5900000,0x0000008ad5a00000)]
  0x000001db2447ff90 JavaThread "ForkJoinPool.commonPool-worker-3" daemon [_thread_blocked, id=1904, stack(0x0000008ad5a00000,0x0000008ad5b00000)]
  0x000001db244804a0 JavaThread "Unconstrained build operations Thread 12" [_thread_blocked, id=18500, stack(0x0000008ad5b00000,0x0000008ad5c00000)]
  0x000001db244818e0 JavaThread "Unconstrained build operations Thread 13" [_thread_blocked, id=17396, stack(0x0000008ad5c00000,0x0000008ad5d00000)]
  0x000001db2447f570 JavaThread "Unconstrained build operations Thread 14" [_thread_blocked, id=16528, stack(0x0000008ad5d00000,0x0000008ad5e00000)]
  0x000001db24481df0 JavaThread "Unconstrained build operations Thread 15" [_thread_blocked, id=10804, stack(0x0000008ad5e00000,0x0000008ad5f00000)]
  0x000001db24483740 JavaThread "Unconstrained build operations Thread 16" [_thread_blocked, id=15912, stack(0x0000008ad5f00000,0x0000008ad6000000)]
  0x000001db24482300 JavaThread "Unconstrained build operations Thread 17" [_thread_blocked, id=15340, stack(0x0000008ad6000000,0x0000008ad6100000)]
  0x000001db24482810 JavaThread "Unconstrained build operations Thread 18" [_thread_blocked, id=7068, stack(0x0000008ad6100000,0x0000008ad6200000)]
  0x000001db24482d20 JavaThread "Unconstrained build operations Thread 19" [_thread_blocked, id=8400, stack(0x0000008ad6200000,0x0000008ad6300000)]
  0x000001db24483c50 JavaThread "Unconstrained build operations Thread 20" [_thread_blocked, id=18404, stack(0x0000008ad6300000,0x0000008ad6400000)]
  0x000001db24484160 JavaThread "Unconstrained build operations Thread 21" [_thread_blocked, id=17976, stack(0x0000008ad6400000,0x0000008ad6500000)]
  0x000001db244869e0 JavaThread "Unconstrained build operations Thread 22" [_thread_blocked, id=6904, stack(0x0000008ad6500000,0x0000008ad6600000)]
  0x000001db24484670 JavaThread "Unconstrained build operations Thread 23" [_thread_blocked, id=1372, stack(0x0000008ad6600000,0x0000008ad6700000)]
  0x000001db24484b80 JavaThread "Unconstrained build operations Thread 24" [_thread_blocked, id=18828, stack(0x0000008ad6700000,0x0000008ad6800000)]
  0x000001db24485090 JavaThread "Unconstrained build operations Thread 25" [_thread_blocked, id=17672, stack(0x0000008ad6800000,0x0000008ad6900000)]
  0x000001db244855a0 JavaThread "Unconstrained build operations Thread 26" [_thread_blocked, id=18128, stack(0x0000008ad6900000,0x0000008ad6a00000)]
  0x000001db24485ab0 JavaThread "Unconstrained build operations Thread 27" [_thread_blocked, id=16992, stack(0x0000008ad6a00000,0x0000008ad6b00000)]
  0x000001db2538db50 JavaThread "Unconstrained build operations Thread 28" [_thread_blocked, id=8036, stack(0x0000008ad6b00000,0x0000008ad6c00000)]
  0x000001db2538b2d0 JavaThread "Unconstrained build operations Thread 29" [_thread_blocked, id=14460, stack(0x0000008ad6c00000,0x0000008ad6d00000)]
  0x000001db25387610 JavaThread "Unconstrained build operations Thread 30" [_thread_blocked, id=10048, stack(0x0000008ad6d00000,0x0000008ad6e00000)]
  0x000001db2538b7e0 JavaThread "Unconstrained build operations Thread 31" [_thread_blocked, id=18096, stack(0x0000008ad6e00000,0x0000008ad6f00000)]
  0x000001db2538d640 JavaThread "Unconstrained build operations Thread 32" [_thread_blocked, id=4088, stack(0x0000008ad6f00000,0x0000008ad7000000)]
  0x000001db25387100 JavaThread "Unconstrained build operations Thread 33" [_thread_blocked, id=14508, stack(0x0000008ad7000000,0x0000008ad7100000)]
  0x000001db2538bcf0 JavaThread "Unconstrained build operations Thread 34" [_thread_blocked, id=4652, stack(0x0000008ad7100000,0x0000008ad7200000)]
  0x000001db25386bf0 JavaThread "Unconstrained build operations Thread 35" [_thread_blocked, id=6136, stack(0x0000008ad7200000,0x0000008ad7300000)]
  0x000001db2538e060 JavaThread "Unconstrained build operations Thread 36" [_thread_blocked, id=14488, stack(0x0000008ad7300000,0x0000008ad7400000)]
  0x000001db25387b20 JavaThread "Unconstrained build operations Thread 37" [_thread_blocked, id=19084, stack(0x0000008ad7400000,0x0000008ad7500000)]
  0x000001db2538a8b0 JavaThread "Unconstrained build operations Thread 38" [_thread_blocked, id=11256, stack(0x0000008ad7500000,0x0000008ad7600000)]
  0x000001db25388a50 JavaThread "Unconstrained build operations Thread 39" [_thread_blocked, id=7916, stack(0x0000008ad7600000,0x0000008ad7700000)]
  0x000001db25388f60 JavaThread "Unconstrained build operations Thread 40" [_thread_blocked, id=16760, stack(0x0000008ad7700000,0x0000008ad7800000)]

Other Threads:
  0x000001db7858c500 VMThread "VM Thread" [stack: 0x0000008ad1d00000,0x0000008ad1e00000] [id=17820]
  0x000001db6d27d0d0 WatcherThread [stack: 0x0000008ad2900000,0x0000008ad2a00000] [id=5400]
  0x000001db6d2a8830 GCTaskThread "GC Thread#0" [stack: 0x0000008ad1800000,0x0000008ad1900000] [id=2876]
  0x000001db78804c50 GCTaskThread "GC Thread#1" [stack: 0x0000008ad2a00000,0x0000008ad2b00000] [id=8520]
  0x000001db7882cf50 GCTaskThread "GC Thread#2" [stack: 0x0000008ad2b00000,0x0000008ad2c00000] [id=11444]
  0x000001db7882d210 GCTaskThread "GC Thread#3" [stack: 0x0000008ad2c00000,0x0000008ad2d00000] [id=18752]
  0x000001db6d2ad780 ConcurrentGCThread "G1 Main Marker" [stack: 0x0000008ad1900000,0x0000008ad1a00000] [id=2080]
  0x000001db6d2ae1a0 ConcurrentGCThread "G1 Conc#0" [stack: 0x0000008ad1a00000,0x0000008ad1b00000] [id=6288]
  0x000001db6d32d560 ConcurrentGCThread "G1 Refine#0" [stack: 0x0000008ad1b00000,0x0000008ad1c00000] [id=5540]
  0x000001db7d6c2a60 ConcurrentGCThread "G1 Refine#1" [stack: 0x0000008ad2d00000,0x0000008ad2e00000] [id=18416]
  0x000001db7e92c5d0 ConcurrentGCThread "G1 Refine#2" [stack: 0x0000008ad5700000,0x0000008ad5800000] [id=17756]
  0x000001db7844a100 ConcurrentGCThread "G1 Service" [stack: 0x0000008ad1c00000,0x0000008ad1d00000] [id=12284]

Threads with active compile tasks:
C2 CompilerThread0    82710 8377       4       io.spring.gradle.dependencymanagement.org.codehaus.plexus.util.xml.pull.MXParser::nextTag (83 bytes)
C2 CompilerThread1    82710 7872       4       com.google.common.collect.ImmutableSet::copyOf (76 bytes)

VM state: not at safepoint (normal execution)

VM Mutex/Monitor currently owned by a thread: None

Heap address: 0x00000000e0000000, size: 512 MB, Compressed Oops mode: 32-bit

CDS archive(s) mapped at: [0x000001db0f000000-0x000001db0fbb0000-0x000001db0fbb0000), size 12255232, SharedBaseAddress: 0x000001db0f000000, ArchiveRelocationMode: 1.
Compressed class space mapped at: 0x000001db10000000-0x000001db24000000, reserved size: 335544320
Narrow klass base: 0x000001db0f000000, Narrow klass shift: 0, Narrow klass range: 0x100000000

GC Precious Log:
 CPUs: 4 total, 4 available
 Memory: 3876M
 Large Page Support: Disabled
 NUMA Support: Disabled
 Compressed Oops: Enabled (32-bit)
 Heap Region Size: 1M
 Heap Min Capacity: 256M
 Heap Initial Capacity: 256M
 Heap Max Capacity: 512M
 Pre-touch: Disabled
 Parallel Workers: 4
 Concurrent Workers: 1
 Concurrent Refinement Workers: 4
 Periodic GC: Disabled

Heap:
 garbage-first heap   total 262144K, used 156084K [0x00000000e0000000, 0x0000000100000000)
  region size 1024K, 117 young (119808K), 2 survivors (2048K)
 Metaspace       used 54622K, committed 55232K, reserved 393216K
  class space    used 7636K, committed 7872K, reserved 327680K

Heap Regions: E=young(eden), S=young(survivor), O=old, HS=humongous(starts), HC=humongous(continues), CS=collection set, F=free, OA=open archive, CA=closed archive, TAMS=top-at-mark-start (previous, next)
|   0|0x00000000e0000000, 0x00000000e0100000, 0x00000000e0100000|100%|HS|  |TAMS 0x00000000e0100000, 0x00000000e0000000| Complete 
|   1|0x00000000e0100000, 0x00000000e0200000, 0x00000000e0200000|100%|HC|  |TAMS 0x00000000e0200000, 0x00000000e0100000| Complete 
|   2|0x00000000e0200000, 0x00000000e0300000, 0x00000000e0300000|100%|HC|  |TAMS 0x00000000e0300000, 0x00000000e0200000| Complete 
|   3|0x00000000e0300000, 0x00000000e0400000, 0x00000000e0400000|100%| O|  |TAMS 0x00000000e0400000, 0x00000000e0300000| Untracked 
|   4|0x00000000e0400000, 0x00000000e0500000, 0x00000000e0500000|100%| O|  |TAMS 0x00000000e0500000, 0x00000000e0400000| Untracked 
|   5|0x00000000e0500000, 0x00000000e0600000, 0x00000000e0600000|100%| O|  |TAMS 0x00000000e0600000, 0x00000000e0500000| Untracked 
|   6|0x00000000e0600000, 0x00000000e0700000, 0x00000000e0700000|100%| O|  |TAMS 0x00000000e0700000, 0x00000000e0600000| Untracked 
|   7|0x00000000e0700000, 0x00000000e0800000, 0x00000000e0800000|100%|HS|  |TAMS 0x00000000e0800000, 0x00000000e0700000| Complete 
|   8|0x00000000e0800000, 0x00000000e0900000, 0x00000000e0900000|100%| O|  |TAMS 0x00000000e0900000, 0x00000000e0800000| Untracked 
|   9|0x00000000e0900000, 0x00000000e0a00000, 0x00000000e0a00000|100%| O|  |TAMS 0x00000000e0a00000, 0x00000000e0900000| Untracked 
|  10|0x00000000e0a00000, 0x00000000e0b00000, 0x00000000e0b00000|100%| O|  |TAMS 0x00000000e0b00000, 0x00000000e0a00000| Untracked 
|  11|0x00000000e0b00000, 0x00000000e0c00000, 0x00000000e0c00000|100%| O|  |TAMS 0x00000000e0c00000, 0x00000000e0b00000| Untracked 
|  12|0x00000000e0c00000, 0x00000000e0d00000, 0x00000000e0d00000|100%| O|  |TAMS 0x00000000e0d00000, 0x00000000e0c00000| Untracked 
|  13|0x00000000e0d00000, 0x00000000e0e00000, 0x00000000e0e00000|100%| O|  |TAMS 0x00000000e0e00000, 0x00000000e0d00000| Untracked 
|  14|0x00000000e0e00000, 0x00000000e0f00000, 0x00000000e0f00000|100%| O|  |TAMS 0x00000000e0f00000, 0x00000000e0e00000| Untracked 
|  15|0x00000000e0f00000, 0x00000000e1000000, 0x00000000e1000000|100%| O|  |TAMS 0x00000000e1000000, 0x00000000e0f00000| Untracked 
|  16|0x00000000e1000000, 0x00000000e1100000, 0x00000000e1100000|100%| O|  |TAMS 0x00000000e1100000, 0x00000000e1000000| Untracked 
|  17|0x00000000e1100000, 0x00000000e1100000, 0x00000000e1200000|  0%| F|  |TAMS 0x00000000e1100000, 0x00000000e1100000| Untracked 
|  18|0x00000000e1200000, 0x00000000e1300000, 0x00000000e1300000|100%| O|  |TAMS 0x00000000e1300000, 0x00000000e1200000| Untracked 
|  19|0x00000000e1300000, 0x00000000e1400000, 0x00000000e1400000|100%| O|  |TAMS 0x00000000e1400000, 0x00000000e1300000| Untracked 
|  20|0x00000000e1400000, 0x00000000e1500000, 0x00000000e1500000|100%| O|  |TAMS 0x00000000e1500000, 0x00000000e1400000| Untracked 
|  21|0x00000000e1500000, 0x00000000e1600000, 0x00000000e1600000|100%| O|  |TAMS 0x00000000e152e600, 0x00000000e1500000| Untracked 
|  22|0x00000000e1600000, 0x00000000e1700000, 0x00000000e1700000|100%| O|  |TAMS 0x00000000e1600000, 0x00000000e1600000| Untracked 
|  23|0x00000000e1700000, 0x00000000e1800000, 0x00000000e1800000|100%| O|  |TAMS 0x00000000e1700000, 0x00000000e1700000| Untracked 
|  24|0x00000000e1800000, 0x00000000e1900000, 0x00000000e1900000|100%| O|  |TAMS 0x00000000e1800000, 0x00000000e1800000| Untracked 
|  25|0x00000000e1900000, 0x00000000e1a00000, 0x00000000e1a00000|100%| O|  |TAMS 0x00000000e1900000, 0x00000000e1900000| Untracked 
|  26|0x00000000e1a00000, 0x00000000e1b00000, 0x00000000e1b00000|100%| O|  |TAMS 0x00000000e1a00000, 0x00000000e1a00000| Untracked 
|  27|0x00000000e1b00000, 0x00000000e1c00000, 0x00000000e1c00000|100%| O|  |TAMS 0x00000000e1b00000, 0x00000000e1b00000| Untracked 
|  28|0x00000000e1c00000, 0x00000000e1d00000, 0x00000000e1d00000|100%| O|  |TAMS 0x00000000e1c00000, 0x00000000e1c00000| Untracked 
|  29|0x00000000e1d00000, 0x00000000e1e00000, 0x00000000e1e00000|100%| O|  |TAMS 0x00000000e1d00000, 0x00000000e1d00000| Untracked 
|  30|0x00000000e1e00000, 0x00000000e1f00000, 0x00000000e1f00000|100%| O|  |TAMS 0x00000000e1e00000, 0x00000000e1e00000| Untracked 
|  31|0x00000000e1f00000, 0x00000000e2000000, 0x00000000e2000000|100%| O|  |TAMS 0x00000000e1f00000, 0x00000000e1f00000| Untracked 
|  32|0x00000000e2000000, 0x00000000e2100000, 0x00000000e2100000|100%| O|  |TAMS 0x00000000e2000000, 0x00000000e2000000| Untracked 
|  33|0x00000000e2100000, 0x00000000e2200000, 0x00000000e2200000|100%| O|  |TAMS 0x00000000e2100000, 0x00000000e2100000| Untracked 
|  34|0x00000000e2200000, 0x00000000e2300000, 0x00000000e2300000|100%| O|  |TAMS 0x00000000e2200000, 0x00000000e2200000| Untracked 
|  35|0x00000000e2300000, 0x00000000e2400000, 0x00000000e2400000|100%| O|  |TAMS 0x00000000e2300000, 0x00000000e2300000| Untracked 
|  36|0x00000000e2400000, 0x00000000e2500000, 0x00000000e2500000|100%| O|  |TAMS 0x00000000e2400000, 0x00000000e2400000| Untracked 
|  37|0x00000000e2500000, 0x00000000e256d200, 0x00000000e2600000| 42%| O|  |TAMS 0x00000000e2500000, 0x00000000e2500000| Untracked 
|  38|0x00000000e2600000, 0x00000000e2600000, 0x00000000e2700000|  0%| F|  |TAMS 0x00000000e2600000, 0x00000000e2600000| Untracked 
|  39|0x00000000e2700000, 0x00000000e2700000, 0x00000000e2800000|  0%| F|  |TAMS 0x00000000e2700000, 0x00000000e2700000| Untracked 
|  40|0x00000000e2800000, 0x00000000e2800000, 0x00000000e2900000|  0%| F|  |TAMS 0x00000000e2800000, 0x00000000e2800000| Untracked 
|  41|0x00000000e2900000, 0x00000000e2900000, 0x00000000e2a00000|  0%| F|  |TAMS 0x00000000e2900000, 0x00000000e2900000| Untracked 
|  42|0x00000000e2a00000, 0x00000000e2a00000, 0x00000000e2b00000|  0%| F|  |TAMS 0x00000000e2a00000, 0x00000000e2a00000| Untracked 
|  43|0x00000000e2b00000, 0x00000000e2b00000, 0x00000000e2c00000|  0%| F|  |TAMS 0x00000000e2b00000, 0x00000000e2b00000| Untracked 
|  44|0x00000000e2c00000, 0x00000000e2c00000, 0x00000000e2d00000|  0%| F|  |TAMS 0x00000000e2c00000, 0x00000000e2c00000| Untracked 
|  45|0x00000000e2d00000, 0x00000000e2d00000, 0x00000000e2e00000|  0%| F|  |TAMS 0x00000000e2d00000, 0x00000000e2d00000| Untracked 
|  46|0x00000000e2e00000, 0x00000000e2e00000, 0x00000000e2f00000|  0%| F|  |TAMS 0x00000000e2e00000, 0x00000000e2e00000| Untracked 
|  47|0x00000000e2f00000, 0x00000000e2f00000, 0x00000000e3000000|  0%| F|  |TAMS 0x00000000e2f00000, 0x00000000e2f00000| Untracked 
|  48|0x00000000e3000000, 0x00000000e3000000, 0x00000000e3100000|  0%| F|  |TAMS 0x00000000e3000000, 0x00000000e3000000| Untracked 
|  49|0x00000000e3100000, 0x00000000e3100000, 0x00000000e3200000|  0%| F|  |TAMS 0x00000000e3100000, 0x00000000e3100000| Untracked 
|  50|0x00000000e3200000, 0x00000000e3200000, 0x00000000e3300000|  0%| F|  |TAMS 0x00000000e3200000, 0x00000000e3200000| Untracked 
|  51|0x00000000e3300000, 0x00000000e3300000, 0x00000000e3400000|  0%| F|  |TAMS 0x00000000e3300000, 0x00000000e3300000| Untracked 
|  52|0x00000000e3400000, 0x00000000e3400000, 0x00000000e3500000|  0%| F|  |TAMS 0x00000000e3400000, 0x00000000e3400000| Untracked 
|  53|0x00000000e3500000, 0x00000000e3500000, 0x00000000e3600000|  0%| F|  |TAMS 0x00000000e3500000, 0x00000000e3500000| Untracked 
|  54|0x00000000e3600000, 0x00000000e3600000, 0x00000000e3700000|  0%| F|  |TAMS 0x00000000e3600000, 0x00000000e3600000| Untracked 
|  55|0x00000000e3700000, 0x00000000e3700000, 0x00000000e3800000|  0%| F|  |TAMS 0x00000000e3700000, 0x00000000e3700000| Untracked 
|  56|0x00000000e3800000, 0x00000000e3800000, 0x00000000e3900000|  0%| F|  |TAMS 0x00000000e3800000, 0x00000000e3800000| Untracked 
|  57|0x00000000e3900000, 0x00000000e3900000, 0x00000000e3a00000|  0%| F|  |TAMS 0x00000000e3900000, 0x00000000e3900000| Untracked 
|  58|0x00000000e3a00000, 0x00000000e3a00000, 0x00000000e3b00000|  0%| F|  |TAMS 0x00000000e3a00000, 0x00000000e3a00000| Untracked 
|  59|0x00000000e3b00000, 0x00000000e3b00000, 0x00000000e3c00000|  0%| F|  |TAMS 0x00000000e3b00000, 0x00000000e3b00000| Untracked 
|  60|0x00000000e3c00000, 0x00000000e3c00000, 0x00000000e3d00000|  0%| F|  |TAMS 0x00000000e3c00000, 0x00000000e3c00000| Untracked 
|  61|0x00000000e3d00000, 0x00000000e3d00000, 0x00000000e3e00000|  0%| F|  |TAMS 0x00000000e3d00000, 0x00000000e3d00000| Untracked 
|  62|0x00000000e3e00000, 0x00000000e3e00000, 0x00000000e3f00000|  0%| F|  |TAMS 0x00000000e3e00000, 0x00000000e3e00000| Untracked 
|  63|0x00000000e3f00000, 0x00000000e3f00000, 0x00000000e4000000|  0%| F|  |TAMS 0x00000000e3f00000, 0x00000000e3f00000| Untracked 
|  64|0x00000000e4000000, 0x00000000e4000000, 0x00000000e4100000|  0%| F|  |TAMS 0x00000000e4000000, 0x00000000e4000000| Untracked 
|  65|0x00000000e4100000, 0x00000000e4100000, 0x00000000e4200000|  0%| F|  |TAMS 0x00000000e4100000, 0x00000000e4100000| Untracked 
|  66|0x00000000e4200000, 0x00000000e4200000, 0x00000000e4300000|  0%| F|  |TAMS 0x00000000e4200000, 0x00000000e4200000| Untracked 
|  67|0x00000000e4300000, 0x00000000e4300000, 0x00000000e4400000|  0%| F|  |TAMS 0x00000000e4300000, 0x00000000e4300000| Untracked 
|  68|0x00000000e4400000, 0x00000000e4400000, 0x00000000e4500000|  0%| F|  |TAMS 0x00000000e4400000, 0x00000000e4400000| Untracked 
|  69|0x00000000e4500000, 0x00000000e4500000, 0x00000000e4600000|  0%| F|  |TAMS 0x00000000e4500000, 0x00000000e4500000| Untracked 
|  70|0x00000000e4600000, 0x00000000e4600000, 0x00000000e4700000|  0%| F|  |TAMS 0x00000000e4600000, 0x00000000e4600000| Untracked 
|  71|0x00000000e4700000, 0x00000000e4700000, 0x00000000e4800000|  0%| F|  |TAMS 0x00000000e4700000, 0x00000000e4700000| Untracked 
|  72|0x00000000e4800000, 0x00000000e4800000, 0x00000000e4900000|  0%| F|  |TAMS 0x00000000e4800000, 0x00000000e4800000| Untracked 
|  73|0x00000000e4900000, 0x00000000e4900000, 0x00000000e4a00000|  0%| F|  |TAMS 0x00000000e4900000, 0x00000000e4900000| Untracked 
|  74|0x00000000e4a00000, 0x00000000e4a00000, 0x00000000e4b00000|  0%| F|  |TAMS 0x00000000e4a00000, 0x00000000e4a00000| Untracked 
|  75|0x00000000e4b00000, 0x00000000e4b00000, 0x00000000e4c00000|  0%| F|  |TAMS 0x00000000e4b00000, 0x00000000e4b00000| Untracked 
|  76|0x00000000e4c00000, 0x00000000e4c00000, 0x00000000e4d00000|  0%| F|  |TAMS 0x00000000e4c00000, 0x00000000e4c00000| Untracked 
|  77|0x00000000e4d00000, 0x00000000e4d00000, 0x00000000e4e00000|  0%| F|  |TAMS 0x00000000e4d00000, 0x00000000e4d00000| Untracked 
|  78|0x00000000e4e00000, 0x00000000e4e00000, 0x00000000e4f00000|  0%| F|  |TAMS 0x00000000e4e00000, 0x00000000e4e00000| Untracked 
|  79|0x00000000e4f00000, 0x00000000e4f00000, 0x00000000e5000000|  0%| F|  |TAMS 0x00000000e4f00000, 0x00000000e4f00000| Untracked 
|  80|0x00000000e5000000, 0x00000000e5000000, 0x00000000e5100000|  0%| F|  |TAMS 0x00000000e5000000, 0x00000000e5000000| Untracked 
|  81|0x00000000e5100000, 0x00000000e5100000, 0x00000000e5200000|  0%| F|  |TAMS 0x00000000e5100000, 0x00000000e5100000| Untracked 
|  82|0x00000000e5200000, 0x00000000e5200000, 0x00000000e5300000|  0%| F|  |TAMS 0x00000000e5200000, 0x00000000e5200000| Untracked 
|  83|0x00000000e5300000, 0x00000000e5300000, 0x00000000e5400000|  0%| F|  |TAMS 0x00000000e5300000, 0x00000000e5300000| Untracked 
|  84|0x00000000e5400000, 0x00000000e5400000, 0x00000000e5500000|  0%| F|  |TAMS 0x00000000e5400000, 0x00000000e5400000| Untracked 
|  85|0x00000000e5500000, 0x00000000e5500000, 0x00000000e5600000|  0%| F|  |TAMS 0x00000000e5500000, 0x00000000e5500000| Untracked 
|  86|0x00000000e5600000, 0x00000000e5600000, 0x00000000e5700000|  0%| F|  |TAMS 0x00000000e5600000, 0x00000000e5600000| Untracked 
|  87|0x00000000e5700000, 0x00000000e5700000, 0x00000000e5800000|  0%| F|  |TAMS 0x00000000e5700000, 0x00000000e5700000| Untracked 
|  88|0x00000000e5800000, 0x00000000e5800000, 0x00000000e5900000|  0%| F|  |TAMS 0x00000000e5800000, 0x00000000e5800000| Untracked 
|  89|0x00000000e5900000, 0x00000000e5900000, 0x00000000e5a00000|  0%| F|  |TAMS 0x00000000e5900000, 0x00000000e5900000| Untracked 
|  90|0x00000000e5a00000, 0x00000000e5a00000, 0x00000000e5b00000|  0%| F|  |TAMS 0x00000000e5a00000, 0x00000000e5a00000| Untracked 
|  91|0x00000000e5b00000, 0x00000000e5b00000, 0x00000000e5c00000|  0%| F|  |TAMS 0x00000000e5b00000, 0x00000000e5b00000| Untracked 
|  92|0x00000000e5c00000, 0x00000000e5c00000, 0x00000000e5d00000|  0%| F|  |TAMS 0x00000000e5c00000, 0x00000000e5c00000| Untracked 
|  93|0x00000000e5d00000, 0x00000000e5d00000, 0x00000000e5e00000|  0%| F|  |TAMS 0x00000000e5d00000, 0x00000000e5d00000| Untracked 
|  94|0x00000000e5e00000, 0x00000000e5e00000, 0x00000000e5f00000|  0%| F|  |TAMS 0x00000000e5e00000, 0x00000000e5e00000| Untracked 
|  95|0x00000000e5f00000, 0x00000000e5f00000, 0x00000000e6000000|  0%| F|  |TAMS 0x00000000e5f00000, 0x00000000e5f00000| Untracked 
|  96|0x00000000e6000000, 0x00000000e6000000, 0x00000000e6100000|  0%| F|  |TAMS 0x00000000e6000000, 0x00000000e6000000| Untracked 
|  97|0x00000000e6100000, 0x00000000e6100000, 0x00000000e6200000|  0%| F|  |TAMS 0x00000000e6100000, 0x00000000e6100000| Untracked 
|  98|0x00000000e6200000, 0x00000000e6200000, 0x00000000e6300000|  0%| F|  |TAMS 0x00000000e6200000, 0x00000000e6200000| Untracked 
|  99|0x00000000e6300000, 0x00000000e6300000, 0x00000000e6400000|  0%| F|  |TAMS 0x00000000e6300000, 0x00000000e6300000| Untracked 
| 100|0x00000000e6400000, 0x00000000e6400000, 0x00000000e6500000|  0%| F|  |TAMS 0x00000000e6400000, 0x00000000e6400000| Untracked 
| 101|0x00000000e6500000, 0x00000000e6500000, 0x00000000e6600000|  0%| F|  |TAMS 0x00000000e6500000, 0x00000000e6500000| Untracked 
| 102|0x00000000e6600000, 0x00000000e6600000, 0x00000000e6700000|  0%| F|  |TAMS 0x00000000e6600000, 0x00000000e6600000| Untracked 
| 103|0x00000000e6700000, 0x00000000e6700000, 0x00000000e6800000|  0%| F|  |TAMS 0x00000000e6700000, 0x00000000e6700000| Untracked 
| 104|0x00000000e6800000, 0x00000000e6800000, 0x00000000e6900000|  0%| F|  |TAMS 0x00000000e6800000, 0x00000000e6800000| Untracked 
| 105|0x00000000e6900000, 0x00000000e6900000, 0x00000000e6a00000|  0%| F|  |TAMS 0x00000000e6900000, 0x00000000e6900000| Untracked 
| 106|0x00000000e6a00000, 0x00000000e6a00000, 0x00000000e6b00000|  0%| F|  |TAMS 0x00000000e6a00000, 0x00000000e6a00000| Untracked 
| 107|0x00000000e6b00000, 0x00000000e6b00000, 0x00000000e6c00000|  0%| F|  |TAMS 0x00000000e6b00000, 0x00000000e6b00000| Untracked 
| 108|0x00000000e6c00000, 0x00000000e6c00000, 0x00000000e6d00000|  0%| F|  |TAMS 0x00000000e6c00000, 0x00000000e6c00000| Untracked 
| 109|0x00000000e6d00000, 0x00000000e6d00000, 0x00000000e6e00000|  0%| F|  |TAMS 0x00000000e6d00000, 0x00000000e6d00000| Untracked 
| 110|0x00000000e6e00000, 0x00000000e6e00000, 0x00000000e6f00000|  0%| F|  |TAMS 0x00000000e6e00000, 0x00000000e6e00000| Untracked 
| 111|0x00000000e6f00000, 0x00000000e6f00000, 0x00000000e7000000|  0%| F|  |TAMS 0x00000000e6f00000, 0x00000000e6f00000| Untracked 
| 112|0x00000000e7000000, 0x00000000e7000000, 0x00000000e7100000|  0%| F|  |TAMS 0x00000000e7000000, 0x00000000e7000000| Untracked 
| 113|0x00000000e7100000, 0x00000000e7100000, 0x00000000e7200000|  0%| F|  |TAMS 0x00000000e7100000, 0x00000000e7100000| Untracked 
| 114|0x00000000e7200000, 0x00000000e7200000, 0x00000000e7300000|  0%| F|  |TAMS 0x00000000e7200000, 0x00000000e7200000| Untracked 
| 115|0x00000000e7300000, 0x00000000e7300000, 0x00000000e7400000|  0%| F|  |TAMS 0x00000000e7300000, 0x00000000e7300000| Untracked 
| 116|0x00000000e7400000, 0x00000000e7400000, 0x00000000e7500000|  0%| F|  |TAMS 0x00000000e7400000, 0x00000000e7400000| Untracked 
| 117|0x00000000e7500000, 0x00000000e7500000, 0x00000000e7600000|  0%| F|  |TAMS 0x00000000e7500000, 0x00000000e7500000| Untracked 
| 118|0x00000000e7600000, 0x00000000e7600000, 0x00000000e7700000|  0%| F|  |TAMS 0x00000000e7600000, 0x00000000e7600000| Untracked 
| 119|0x00000000e7700000, 0x00000000e7700000, 0x00000000e7800000|  0%| F|  |TAMS 0x00000000e7700000, 0x00000000e7700000| Untracked 
| 120|0x00000000e7800000, 0x00000000e7800000, 0x00000000e7900000|  0%| F|  |TAMS 0x00000000e7800000, 0x00000000e7800000| Untracked 
| 121|0x00000000e7900000, 0x00000000e7900000, 0x00000000e7a00000|  0%| F|  |TAMS 0x00000000e7900000, 0x00000000e7900000| Untracked 
| 122|0x00000000e7a00000, 0x00000000e7a00000, 0x00000000e7b00000|  0%| F|  |TAMS 0x00000000e7a00000, 0x00000000e7a00000| Untracked 
| 123|0x00000000e7b00000, 0x00000000e7b00000, 0x00000000e7c00000|  0%| F|  |TAMS 0x00000000e7b00000, 0x00000000e7b00000| Untracked 
| 124|0x00000000e7c00000, 0x00000000e7c00000, 0x00000000e7d00000|  0%| F|  |TAMS 0x00000000e7c00000, 0x00000000e7c00000| Untracked 
| 125|0x00000000e7d00000, 0x00000000e7d00000, 0x00000000e7e00000|  0%| F|  |TAMS 0x00000000e7d00000, 0x00000000e7d00000| Untracked 
| 126|0x00000000e7e00000, 0x00000000e7e00000, 0x00000000e7f00000|  0%| F|  |TAMS 0x00000000e7e00000, 0x00000000e7e00000| Untracked 
| 127|0x00000000e7f00000, 0x00000000e7f00000, 0x00000000e8000000|  0%| F|  |TAMS 0x00000000e7f00000, 0x00000000e7f00000| Untracked 
| 128|0x00000000e8000000, 0x00000000e8000000, 0x00000000e8100000|  0%| F|  |TAMS 0x00000000e8000000, 0x00000000e8000000| Untracked 
| 129|0x00000000e8100000, 0x00000000e8100000, 0x00000000e8200000|  0%| F|  |TAMS 0x00000000e8100000, 0x00000000e8100000| Untracked 
| 130|0x00000000e8200000, 0x00000000e8200000, 0x00000000e8300000|  0%| F|  |TAMS 0x00000000e8200000, 0x00000000e8200000| Untracked 
| 131|0x00000000e8300000, 0x00000000e8300000, 0x00000000e8400000|  0%| F|  |TAMS 0x00000000e8300000, 0x00000000e8300000| Untracked 
| 132|0x00000000e8400000, 0x00000000e8400000, 0x00000000e8500000|  0%| F|  |TAMS 0x00000000e8400000, 0x00000000e8400000| Untracked 
| 133|0x00000000e8500000, 0x00000000e8500000, 0x00000000e8600000|  0%| F|  |TAMS 0x00000000e8500000, 0x00000000e8500000| Untracked 
| 134|0x00000000e8600000, 0x00000000e8600000, 0x00000000e8700000|  0%| F|  |TAMS 0x00000000e8600000, 0x00000000e8600000| Untracked 
| 135|0x00000000e8700000, 0x00000000e8700000, 0x00000000e8800000|  0%| F|  |TAMS 0x00000000e8700000, 0x00000000e8700000| Untracked 
| 136|0x00000000e8800000, 0x00000000e8800000, 0x00000000e8900000|  0%| F|  |TAMS 0x00000000e8800000, 0x00000000e8800000| Untracked 
| 137|0x00000000e8900000, 0x00000000e8900000, 0x00000000e8a00000|  0%| F|  |TAMS 0x00000000e8900000, 0x00000000e8900000| Untracked 
| 138|0x00000000e8a00000, 0x00000000e8a80000, 0x00000000e8b00000| 50%| E|  |TAMS 0x00000000e8a00000, 0x00000000e8a00000| Complete 
| 139|0x00000000e8b00000, 0x00000000e8c00000, 0x00000000e8c00000|100%| E|CS|TAMS 0x00000000e8b00000, 0x00000000e8b00000| Complete 
| 140|0x00000000e8c00000, 0x00000000e8d00000, 0x00000000e8d00000|100%| E|CS|TAMS 0x00000000e8c00000, 0x00000000e8c00000| Complete 
| 141|0x00000000e8d00000, 0x00000000e8e00000, 0x00000000e8e00000|100%| E|CS|TAMS 0x00000000e8d00000, 0x00000000e8d00000| Complete 
| 142|0x00000000e8e00000, 0x00000000e8f00000, 0x00000000e8f00000|100%| E|CS|TAMS 0x00000000e8e00000, 0x00000000e8e00000| Complete 
| 143|0x00000000e8f00000, 0x00000000e9000000, 0x00000000e9000000|100%| E|CS|TAMS 0x00000000e8f00000, 0x00000000e8f00000| Complete 
| 144|0x00000000e9000000, 0x00000000e9100000, 0x00000000e9100000|100%| E|CS|TAMS 0x00000000e9000000, 0x00000000e9000000| Complete 
| 145|0x00000000e9100000, 0x00000000e9200000, 0x00000000e9200000|100%| E|CS|TAMS 0x00000000e9100000, 0x00000000e9100000| Complete 
| 146|0x00000000e9200000, 0x00000000e9300000, 0x00000000e9300000|100%| E|CS|TAMS 0x00000000e9200000, 0x00000000e9200000| Complete 
| 147|0x00000000e9300000, 0x00000000e9400000, 0x00000000e9400000|100%| E|CS|TAMS 0x00000000e9300000, 0x00000000e9300000| Complete 
| 148|0x00000000e9400000, 0x00000000e9500000, 0x00000000e9500000|100%| E|CS|TAMS 0x00000000e9400000, 0x00000000e9400000| Complete 
| 149|0x00000000e9500000, 0x00000000e9600000, 0x00000000e9600000|100%| E|CS|TAMS 0x00000000e9500000, 0x00000000e9500000| Complete 
| 150|0x00000000e9600000, 0x00000000e9700000, 0x00000000e9700000|100%| E|CS|TAMS 0x00000000e9600000, 0x00000000e9600000| Complete 
| 151|0x00000000e9700000, 0x00000000e9800000, 0x00000000e9800000|100%| E|CS|TAMS 0x00000000e9700000, 0x00000000e9700000| Complete 
| 152|0x00000000e9800000, 0x00000000e9900000, 0x00000000e9900000|100%| E|CS|TAMS 0x00000000e9800000, 0x00000000e9800000| Complete 
| 153|0x00000000e9900000, 0x00000000e9a00000, 0x00000000e9a00000|100%| E|CS|TAMS 0x00000000e9900000, 0x00000000e9900000| Complete 
| 154|0x00000000e9a00000, 0x00000000e9b00000, 0x00000000e9b00000|100%| E|CS|TAMS 0x00000000e9a00000, 0x00000000e9a00000| Complete 
| 155|0x00000000e9b00000, 0x00000000e9c00000, 0x00000000e9c00000|100%| E|CS|TAMS 0x00000000e9b00000, 0x00000000e9b00000| Complete 
| 156|0x00000000e9c00000, 0x00000000e9d00000, 0x00000000e9d00000|100%| E|CS|TAMS 0x00000000e9c00000, 0x00000000e9c00000| Complete 
| 157|0x00000000e9d00000, 0x00000000e9e00000, 0x00000000e9e00000|100%| E|CS|TAMS 0x00000000e9d00000, 0x00000000e9d00000| Complete 
| 158|0x00000000e9e00000, 0x00000000e9f00000, 0x00000000e9f00000|100%| E|CS|TAMS 0x00000000e9e00000, 0x00000000e9e00000| Complete 
| 159|0x00000000e9f00000, 0x00000000ea000000, 0x00000000ea000000|100%| E|CS|TAMS 0x00000000e9f00000, 0x00000000e9f00000| Complete 
| 160|0x00000000ea000000, 0x00000000ea100000, 0x00000000ea100000|100%| E|CS|TAMS 0x00000000ea000000, 0x00000000ea000000| Complete 
| 161|0x00000000ea100000, 0x00000000ea200000, 0x00000000ea200000|100%| E|CS|TAMS 0x00000000ea100000, 0x00000000ea100000| Complete 
| 162|0x00000000ea200000, 0x00000000ea300000, 0x00000000ea300000|100%| E|CS|TAMS 0x00000000ea200000, 0x00000000ea200000| Complete 
| 163|0x00000000ea300000, 0x00000000ea400000, 0x00000000ea400000|100%| E|CS|TAMS 0x00000000ea300000, 0x00000000ea300000| Complete 
| 164|0x00000000ea400000, 0x00000000ea500000, 0x00000000ea500000|100%| E|CS|TAMS 0x00000000ea400000, 0x00000000ea400000| Complete 
| 165|0x00000000ea500000, 0x00000000ea600000, 0x00000000ea600000|100%| E|CS|TAMS 0x00000000ea500000, 0x00000000ea500000| Complete 
| 166|0x00000000ea600000, 0x00000000ea700000, 0x00000000ea700000|100%| E|CS|TAMS 0x00000000ea600000, 0x00000000ea600000| Complete 
| 167|0x00000000ea700000, 0x00000000ea800000, 0x00000000ea800000|100%| E|CS|TAMS 0x00000000ea700000, 0x00000000ea700000| Complete 
| 168|0x00000000ea800000, 0x00000000ea900000, 0x00000000ea900000|100%| E|CS|TAMS 0x00000000ea800000, 0x00000000ea800000| Complete 
| 169|0x00000000ea900000, 0x00000000eaa00000, 0x00000000eaa00000|100%| E|CS|TAMS 0x00000000ea900000, 0x00000000ea900000| Complete 
| 170|0x00000000eaa00000, 0x00000000eab00000, 0x00000000eab00000|100%| E|CS|TAMS 0x00000000eaa00000, 0x00000000eaa00000| Complete 
| 171|0x00000000eab00000, 0x00000000eac00000, 0x00000000eac00000|100%| E|CS|TAMS 0x00000000eab00000, 0x00000000eab00000| Complete 
| 172|0x00000000eac00000, 0x00000000ead00000, 0x00000000ead00000|100%| E|CS|TAMS 0x00000000eac00000, 0x00000000eac00000| Complete 
| 173|0x00000000ead00000, 0x00000000eae00000, 0x00000000eae00000|100%| E|CS|TAMS 0x00000000ead00000, 0x00000000ead00000| Complete 
| 174|0x00000000eae00000, 0x00000000eaf00000, 0x00000000eaf00000|100%| E|CS|TAMS 0x00000000eae00000, 0x00000000eae00000| Complete 
| 175|0x00000000eaf00000, 0x00000000eb000000, 0x00000000eb000000|100%| E|CS|TAMS 0x00000000eaf00000, 0x00000000eaf00000| Complete 
| 176|0x00000000eb000000, 0x00000000eb100000, 0x00000000eb100000|100%| E|CS|TAMS 0x00000000eb000000, 0x00000000eb000000| Complete 
| 177|0x00000000eb100000, 0x00000000eb200000, 0x00000000eb200000|100%| E|CS|TAMS 0x00000000eb100000, 0x00000000eb100000| Complete 
| 178|0x00000000eb200000, 0x00000000eb300000, 0x00000000eb300000|100%| E|CS|TAMS 0x00000000eb200000, 0x00000000eb200000| Complete 
| 179|0x00000000eb300000, 0x00000000eb400000, 0x00000000eb400000|100%| E|CS|TAMS 0x00000000eb300000, 0x00000000eb300000| Complete 
| 180|0x00000000eb400000, 0x00000000eb500000, 0x00000000eb500000|100%| E|CS|TAMS 0x00000000eb400000, 0x00000000eb400000| Complete 
| 181|0x00000000eb500000, 0x00000000eb600000, 0x00000000eb600000|100%| E|CS|TAMS 0x00000000eb500000, 0x00000000eb500000| Complete 
| 182|0x00000000eb600000, 0x00000000eb700000, 0x00000000eb700000|100%| E|CS|TAMS 0x00000000eb600000, 0x00000000eb600000| Complete 
| 183|0x00000000eb700000, 0x00000000eb800000, 0x00000000eb800000|100%| E|CS|TAMS 0x00000000eb700000, 0x00000000eb700000| Complete 
| 184|0x00000000eb800000, 0x00000000eb900000, 0x00000000eb900000|100%| E|CS|TAMS 0x00000000eb800000, 0x00000000eb800000| Complete 
| 185|0x00000000eb900000, 0x00000000eba00000, 0x00000000eba00000|100%| E|CS|TAMS 0x00000000eb900000, 0x00000000eb900000| Complete 
| 186|0x00000000eba00000, 0x00000000ebb00000, 0x00000000ebb00000|100%| E|CS|TAMS 0x00000000eba00000, 0x00000000eba00000| Complete 
| 187|0x00000000ebb00000, 0x00000000ebc00000, 0x00000000ebc00000|100%| E|CS|TAMS 0x00000000ebb00000, 0x00000000ebb00000| Complete 
| 188|0x00000000ebc00000, 0x00000000ebd00000, 0x00000000ebd00000|100%| E|CS|TAMS 0x00000000ebc00000, 0x00000000ebc00000| Complete 
| 189|0x00000000ebd00000, 0x00000000ebe00000, 0x00000000ebe00000|100%| E|CS|TAMS 0x00000000ebd00000, 0x00000000ebd00000| Complete 
| 190|0x00000000ebe00000, 0x00000000ebf00000, 0x00000000ebf00000|100%| E|CS|TAMS 0x00000000ebe00000, 0x00000000ebe00000| Complete 
| 191|0x00000000ebf00000, 0x00000000ec000000, 0x00000000ec000000|100%| E|CS|TAMS 0x00000000ebf00000, 0x00000000ebf00000| Complete 
| 192|0x00000000ec000000, 0x00000000ec100000, 0x00000000ec100000|100%| E|CS|TAMS 0x00000000ec000000, 0x00000000ec000000| Complete 
| 193|0x00000000ec100000, 0x00000000ec200000, 0x00000000ec200000|100%| E|CS|TAMS 0x00000000ec100000, 0x00000000ec100000| Complete 
| 194|0x00000000ec200000, 0x00000000ec300000, 0x00000000ec300000|100%| E|CS|TAMS 0x00000000ec200000, 0x00000000ec200000| Complete 
| 195|0x00000000ec300000, 0x00000000ec400000, 0x00000000ec400000|100%| E|CS|TAMS 0x00000000ec300000, 0x00000000ec300000| Complete 
| 196|0x00000000ec400000, 0x00000000ec500000, 0x00000000ec500000|100%| E|CS|TAMS 0x00000000ec400000, 0x00000000ec400000| Complete 
| 197|0x00000000ec500000, 0x00000000ec600000, 0x00000000ec600000|100%| E|CS|TAMS 0x00000000ec500000, 0x00000000ec500000| Complete 
| 198|0x00000000ec600000, 0x00000000ec700000, 0x00000000ec700000|100%| E|CS|TAMS 0x00000000ec600000, 0x00000000ec600000| Complete 
| 199|0x00000000ec700000, 0x00000000ec800000, 0x00000000ec800000|100%| E|CS|TAMS 0x00000000ec700000, 0x00000000ec700000| Complete 
| 200|0x00000000ec800000, 0x00000000ec900000, 0x00000000ec900000|100%| E|CS|TAMS 0x00000000ec800000, 0x00000000ec800000| Complete 
| 201|0x00000000ec900000, 0x00000000eca00000, 0x00000000eca00000|100%| E|CS|TAMS 0x00000000ec900000, 0x00000000ec900000| Complete 
| 202|0x00000000eca00000, 0x00000000ecb00000, 0x00000000ecb00000|100%| E|CS|TAMS 0x00000000eca00000, 0x00000000eca00000| Complete 
| 203|0x00000000ecb00000, 0x00000000ecc00000, 0x00000000ecc00000|100%| E|CS|TAMS 0x00000000ecb00000, 0x00000000ecb00000| Complete 
| 204|0x00000000ecc00000, 0x00000000ecd00000, 0x00000000ecd00000|100%| E|CS|TAMS 0x00000000ecc00000, 0x00000000ecc00000| Complete 
| 205|0x00000000ecd00000, 0x00000000ece00000, 0x00000000ece00000|100%| E|CS|TAMS 0x00000000ecd00000, 0x00000000ecd00000| Complete 
| 206|0x00000000ece00000, 0x00000000ecf00000, 0x00000000ecf00000|100%| E|CS|TAMS 0x00000000ece00000, 0x00000000ece00000| Complete 
| 207|0x00000000ecf00000, 0x00000000ed000000, 0x00000000ed000000|100%| E|CS|TAMS 0x00000000ecf00000, 0x00000000ecf00000| Complete 
| 208|0x00000000ed000000, 0x00000000ed100000, 0x00000000ed100000|100%| E|CS|TAMS 0x00000000ed000000, 0x00000000ed000000| Complete 
| 209|0x00000000ed100000, 0x00000000ed200000, 0x00000000ed200000|100%| E|CS|TAMS 0x00000000ed100000, 0x00000000ed100000| Complete 
| 210|0x00000000ed200000, 0x00000000ed300000, 0x00000000ed300000|100%| E|CS|TAMS 0x00000000ed200000, 0x00000000ed200000| Complete 
| 211|0x00000000ed300000, 0x00000000ed400000, 0x00000000ed400000|100%| E|CS|TAMS 0x00000000ed300000, 0x00000000ed300000| Complete 
| 212|0x00000000ed400000, 0x00000000ed500000, 0x00000000ed500000|100%| E|CS|TAMS 0x00000000ed400000, 0x00000000ed400000| Complete 
| 213|0x00000000ed500000, 0x00000000ed600000, 0x00000000ed600000|100%| E|CS|TAMS 0x00000000ed500000, 0x00000000ed500000| Complete 
| 214|0x00000000ed600000, 0x00000000ed700000, 0x00000000ed700000|100%| E|CS|TAMS 0x00000000ed600000, 0x00000000ed600000| Complete 
| 215|0x00000000ed700000, 0x00000000ed800000, 0x00000000ed800000|100%| E|CS|TAMS 0x00000000ed700000, 0x00000000ed700000| Complete 
| 216|0x00000000ed800000, 0x00000000ed900000, 0x00000000ed900000|100%| E|CS|TAMS 0x00000000ed800000, 0x00000000ed800000| Complete 
| 217|0x00000000ed900000, 0x00000000eda00000, 0x00000000eda00000|100%| E|CS|TAMS 0x00000000ed900000, 0x00000000ed900000| Complete 
| 218|0x00000000eda00000, 0x00000000edb00000, 0x00000000edb00000|100%| E|CS|TAMS 0x00000000eda00000, 0x00000000eda00000| Complete 
| 219|0x00000000edb00000, 0x00000000edc00000, 0x00000000edc00000|100%| E|CS|TAMS 0x00000000edb00000, 0x00000000edb00000| Complete 
| 220|0x00000000edc00000, 0x00000000edd00000, 0x00000000edd00000|100%| E|CS|TAMS 0x00000000edc00000, 0x00000000edc00000| Complete 
| 221|0x00000000edd00000, 0x00000000ede00000, 0x00000000ede00000|100%| E|CS|TAMS 0x00000000edd00000, 0x00000000edd00000| Complete 
| 222|0x00000000ede00000, 0x00000000edf00000, 0x00000000edf00000|100%| E|CS|TAMS 0x00000000ede00000, 0x00000000ede00000| Complete 
| 223|0x00000000edf00000, 0x00000000ee000000, 0x00000000ee000000|100%| E|CS|TAMS 0x00000000edf00000, 0x00000000edf00000| Complete 
| 224|0x00000000ee000000, 0x00000000ee100000, 0x00000000ee100000|100%| E|CS|TAMS 0x00000000ee000000, 0x00000000ee000000| Complete 
| 225|0x00000000ee100000, 0x00000000ee200000, 0x00000000ee200000|100%| E|CS|TAMS 0x00000000ee100000, 0x00000000ee100000| Complete 
| 226|0x00000000ee200000, 0x00000000ee300000, 0x00000000ee300000|100%| E|CS|TAMS 0x00000000ee200000, 0x00000000ee200000| Complete 
| 227|0x00000000ee300000, 0x00000000ee400000, 0x00000000ee400000|100%| E|CS|TAMS 0x00000000ee300000, 0x00000000ee300000| Complete 
| 228|0x00000000ee400000, 0x00000000ee500000, 0x00000000ee500000|100%| E|CS|TAMS 0x00000000ee400000, 0x00000000ee400000| Complete 
| 229|0x00000000ee500000, 0x00000000ee600000, 0x00000000ee600000|100%| E|CS|TAMS 0x00000000ee500000, 0x00000000ee500000| Complete 
| 230|0x00000000ee600000, 0x00000000ee700000, 0x00000000ee700000|100%| E|CS|TAMS 0x00000000ee600000, 0x00000000ee600000| Complete 
| 231|0x00000000ee700000, 0x00000000ee800000, 0x00000000ee800000|100%| E|CS|TAMS 0x00000000ee700000, 0x00000000ee700000| Complete 
| 232|0x00000000ee800000, 0x00000000ee900000, 0x00000000ee900000|100%| E|CS|TAMS 0x00000000ee800000, 0x00000000ee800000| Complete 
| 233|0x00000000ee900000, 0x00000000eea00000, 0x00000000eea00000|100%| E|CS|TAMS 0x00000000ee900000, 0x00000000ee900000| Complete 
| 234|0x00000000eea00000, 0x00000000eeb00000, 0x00000000eeb00000|100%| E|CS|TAMS 0x00000000eea00000, 0x00000000eea00000| Complete 
| 235|0x00000000eeb00000, 0x00000000eec00000, 0x00000000eec00000|100%| E|CS|TAMS 0x00000000eeb00000, 0x00000000eeb00000| Complete 
| 236|0x00000000eec00000, 0x00000000eed00000, 0x00000000eed00000|100%| E|CS|TAMS 0x00000000eec00000, 0x00000000eec00000| Complete 
| 237|0x00000000eed00000, 0x00000000eee00000, 0x00000000eee00000|100%| E|CS|TAMS 0x00000000eed00000, 0x00000000eed00000| Complete 
| 238|0x00000000eee00000, 0x00000000eef00000, 0x00000000eef00000|100%| E|CS|TAMS 0x00000000eee00000, 0x00000000eee00000| Complete 
| 239|0x00000000eef00000, 0x00000000ef000000, 0x00000000ef000000|100%| E|CS|TAMS 0x00000000eef00000, 0x00000000eef00000| Complete 
| 240|0x00000000ef000000, 0x00000000ef100000, 0x00000000ef100000|100%| E|CS|TAMS 0x00000000ef000000, 0x00000000ef000000| Complete 
| 241|0x00000000ef100000, 0x00000000ef200000, 0x00000000ef200000|100%| E|CS|TAMS 0x00000000ef100000, 0x00000000ef100000| Complete 
| 242|0x00000000ef200000, 0x00000000ef300000, 0x00000000ef300000|100%| E|CS|TAMS 0x00000000ef200000, 0x00000000ef200000| Complete 
| 243|0x00000000ef300000, 0x00000000ef400000, 0x00000000ef400000|100%| E|CS|TAMS 0x00000000ef300000, 0x00000000ef300000| Complete 
| 244|0x00000000ef400000, 0x00000000ef500000, 0x00000000ef500000|100%| E|CS|TAMS 0x00000000ef400000, 0x00000000ef400000| Complete 
| 245|0x00000000ef500000, 0x00000000ef600000, 0x00000000ef600000|100%| E|CS|TAMS 0x00000000ef500000, 0x00000000ef500000| Complete 
| 246|0x00000000ef600000, 0x00000000ef700000, 0x00000000ef700000|100%| E|CS|TAMS 0x00000000ef600000, 0x00000000ef600000| Complete 
| 247|0x00000000ef700000, 0x00000000ef800000, 0x00000000ef800000|100%| E|CS|TAMS 0x00000000ef700000, 0x00000000ef700000| Complete 
| 248|0x00000000ef800000, 0x00000000ef900000, 0x00000000ef900000|100%| E|CS|TAMS 0x00000000ef800000, 0x00000000ef800000| Complete 
| 249|0x00000000ef900000, 0x00000000efa00000, 0x00000000efa00000|100%| E|CS|TAMS 0x00000000ef900000, 0x00000000ef900000| Complete 
| 250|0x00000000efa00000, 0x00000000efb00000, 0x00000000efb00000|100%| E|CS|TAMS 0x00000000efa00000, 0x00000000efa00000| Complete 
| 251|0x00000000efb00000, 0x00000000efc00000, 0x00000000efc00000|100%| E|CS|TAMS 0x00000000efb00000, 0x00000000efb00000| Complete 
| 252|0x00000000efc00000, 0x00000000efd00000, 0x00000000efd00000|100%| E|CS|TAMS 0x00000000efc00000, 0x00000000efc00000| Complete 
| 253|0x00000000efd00000, 0x00000000efe00000, 0x00000000efe00000|100%| S|CS|TAMS 0x00000000efd00000, 0x00000000efd00000| Complete 
| 254|0x00000000efe00000, 0x00000000eff00000, 0x00000000eff00000|100%| S|CS|TAMS 0x00000000efe00000, 0x00000000efe00000| Complete 
| 255|0x00000000eff00000, 0x00000000f0000000, 0x00000000f0000000|100%| E|CS|TAMS 0x00000000eff00000, 0x00000000eff00000| Complete 

Card table byte_map: [0x000001db74dc0000,0x000001db74ec0000] _byte_map_base: 0x000001db746c0000

Marking Bits (Prev, Next): (CMBitMap*) 0x000001db6d2a8e50, (CMBitMap*) 0x000001db6d2a8e90
 Prev Bits: [0x000001db74fc0000, 0x000001db757c0000)
 Next Bits: [0x000001db757c0000, 0x000001db75fc0000)

Polling page: 0x000001db6b160000

Metaspace:

Usage:
  Non-class:     45.89 MB used.
      Class:      7.46 MB used.
       Both:     53.34 MB used.

Virtual space:
  Non-class space:       64.00 MB reserved,      46.25 MB ( 72%) committed,  1 nodes.
      Class space:      320.00 MB reserved,       7.69 MB (  2%) committed,  1 nodes.
             Both:      384.00 MB reserved,      53.94 MB ( 14%) committed. 

Chunk freelists:
   Non-Class:  1.22 MB
       Class:  8.13 MB
        Both:  9.35 MB

MaxMetaspaceSize: 384.00 MB
CompressedClassSpaceSize: 320.00 MB
Initial GC threshold: 21.00 MB
Current GC threshold: 58.69 MB
CDS: on
MetaspaceReclaimPolicy: balanced
 - commit_granule_bytes: 65536.
 - commit_granule_words: 8192.
 - virtual_space_node_default_size: 8388608.
 - enlarge_chunks_in_place: 1.
 - new_chunks_are_fully_committed: 0.
 - uncommit_free_chunks: 1.
 - use_allocation_guard: 0.
 - handle_deallocations: 1.


Internal statistics:

num_allocs_failed_limit: 6.
num_arena_births: 636.
num_arena_deaths: 0.
num_vsnodes_births: 2.
num_vsnodes_deaths: 0.
num_space_committed: 863.
num_space_uncommitted: 0.
num_chunks_returned_to_freelist: 6.
num_chunks_taken_from_freelist: 2933.
num_chunk_merges: 6.
num_chunk_splits: 1882.
num_chunks_enlarged: 1222.
num_inconsistent_stats: 0.

CodeHeap 'non-profiled nmethods': size=120000Kb used=4044Kb max_used=4044Kb free=115955Kb
 bounds [0x000001db07ad0000, 0x000001db07ed0000, 0x000001db0f000000]
CodeHeap 'profiled nmethods': size=120000Kb used=14496Kb max_used=14496Kb free=105503Kb
 bounds [0x000001db00000000, 0x000001db00e30000, 0x000001db07530000]
CodeHeap 'non-nmethods': size=5760Kb used=2329Kb max_used=2402Kb free=3430Kb
 bounds [0x000001db07530000, 0x000001db077b0000, 0x000001db07ad0000]
 total_blobs=8390 nmethods=7537 adapters=766
 compilation: enabled
              stopped_count=0, restarted_count=0
 full_count=0

Compilation events (20 events):
Event: 82.588 Thread 0x000001db785bf930 nmethod 8274 0x000001db00ded210 code [0x000001db00ded3a0, 0x000001db00ded4d8]
Event: 82.590 Thread 0x000001db785bf930 8275       3       org.gradle.api.internal.attributes.matching.DefaultAttributeMatcher$MatchingCandidateCacheKey::equals (63 bytes)
Event: 82.591 Thread 0x000001db785bf930 nmethod 8275 0x000001db00ded590 code [0x000001db00ded780, 0x000001db00dedd18]
Event: 82.592 Thread 0x000001db785bee80 nmethod 8256 0x000001db07eb9690 code [0x000001db07eb9820, 0x000001db07eb9b18]
Event: 82.592 Thread 0x000001db785bf930 8276   !   3       org.gradle.api.internal.artifacts.ivyservice.resolveengine.artifact.VariantResolvingArtifactSet::select (178 bytes)
Event: 82.594 Thread 0x000001db785bf930 nmethod 8276 0x000001db00dede90 code [0x000001db00dee160, 0x000001db00def008]
Event: 82.594 Thread 0x000001db785bf930 8277       3       java.nio.MappedByteBuffer::flip (5 bytes)
Event: 82.595 Thread 0x000001db785bf930 nmethod 8277 0x000001db00def490 code [0x000001db00def640, 0x000001db00def878]
Event: 82.595 Thread 0x000001db785bf930 8278   !   3       sun.nio.ch.SocketChannelImpl::write (186 bytes)
Event: 82.598 Thread 0x000001db785bf930 nmethod 8278 0x000001db00def990 code [0x000001db00defd20, 0x000001db00df1408]
Event: 82.598 Thread 0x000001db785bf930 8282       3       org.gradle.api.internal.attributes.matching.DefaultAttributeMatcher$MatchingCandidateCacheKey::<init> (31 bytes)
Event: 82.599 Thread 0x000001db785bf930 nmethod 8282 0x000001db00df1e10 code [0x000001db00df1fe0, 0x000001db00df23b8]
Event: 82.599 Thread 0x000001db785bf930 8279   !   3       sun.nio.ch.SocketChannelImpl::beginWrite (52 bytes)
Event: 82.599 Thread 0x000001db785bf930 nmethod 8279 0x000001db00df2510 code [0x000001db00df2720, 0x000001db00df2d48]
Event: 82.599 Thread 0x000001db785bf930 8280       3       sun.nio.ch.IOUtil::write (12 bytes)
Event: 82.600 Thread 0x000001db785bf930 nmethod 8280 0x000001db00df3090 code [0x000001db00df3220, 0x000001db00df3348]
Event: 82.600 Thread 0x000001db785bf930 8281   !   3       sun.nio.ch.IOUtil::write (178 bytes)
Event: 82.601 Thread 0x000001db785bf930 nmethod 8281 0x000001db00df3410 code [0x000001db00df3660, 0x000001db00df3f28]
Event: 82.603 Thread 0x000001db785bf930 8283  s    3       java.io.BufferedOutputStream::flush (12 bytes)
Event: 82.604 Thread 0x000001db785bf930 nmethod 8283 0x000001db00df4310 code [0x000001db00df44e0, 0x000001db00df48d8]

GC Heap History (14 events):
Event: 7.952 GC heap before
{Heap before GC invocations=0 (full 0):
 garbage-first heap   total 262144K, used 12288K [0x00000000e0000000, 0x0000000100000000)
  region size 1024K, 13 young (13312K), 0 survivors (0K)
 Metaspace       used 804K, committed 896K, reserved 393216K
  class space    used 66K, committed 128K, reserved 327680K
}
Event: 7.964 GC heap after
{Heap after GC invocations=1 (full 0):
 garbage-first heap   total 262144K, used 1364K [0x00000000e0000000, 0x0000000100000000)
  region size 1024K, 2 young (2048K), 2 survivors (2048K)
 Metaspace       used 804K, committed 896K, reserved 393216K
  class space    used 66K, committed 128K, reserved 327680K
}
Event: 11.205 GC heap before
{Heap before GC invocations=1 (full 0):
 garbage-first heap   total 262144K, used 22868K [0x00000000e0000000, 0x0000000100000000)
  region size 1024K, 20 young (20480K), 2 survivors (2048K)
 Metaspace       used 2260K, committed 2432K, reserved 393216K
  class space    used 240K, committed 320K, reserved 327680K
}
Event: 11.215 GC heap after
{Heap after GC invocations=2 (full 0):
 garbage-first heap   total 262144K, used 10002K [0x00000000e0000000, 0x0000000100000000)
  region size 1024K, 3 young (3072K), 3 survivors (3072K)
 Metaspace       used 2260K, committed 2432K, reserved 393216K
  class space    used 240K, committed 320K, reserved 327680K
}
Event: 38.516 GC heap before
{Heap before GC invocations=2 (full 0):
 garbage-first heap   total 262144K, used 165650K [0x00000000e0000000, 0x0000000100000000)
  region size 1024K, 153 young (156672K), 3 survivors (3072K)
 Metaspace       used 18656K, committed 18944K, reserved 393216K
  class space    used 2698K, committed 2816K, reserved 327680K
}
Event: 38.554 GC heap after
{Heap after GC invocations=3 (full 0):
 garbage-first heap   total 262144K, used 21801K [0x00000000e0000000, 0x0000000100000000)
  region size 1024K, 14 young (14336K), 14 survivors (14336K)
 Metaspace       used 18656K, committed 18944K, reserved 393216K
  class space    used 2698K, committed 2816K, reserved 327680K
}
Event: 40.611 GC heap before
{Heap before GC invocations=3 (full 0):
 garbage-first heap   total 262144K, used 45353K [0x00000000e0000000, 0x0000000100000000)
  region size 1024K, 38 young (38912K), 14 survivors (14336K)
 Metaspace       used 21173K, committed 21504K, reserved 393216K
  class space    used 3082K, committed 3264K, reserved 327680K
}
Event: 40.657 GC heap after
{Heap after GC invocations=4 (full 0):
 garbage-first heap   total 262144K, used 23737K [0x00000000e0000000, 0x0000000100000000)
  region size 1024K, 2 young (2048K), 2 survivors (2048K)
 Metaspace       used 21173K, committed 21504K, reserved 393216K
  class space    used 3082K, committed 3264K, reserved 327680K
}
Event: 53.844 GC heap before
{Heap before GC invocations=5 (full 0):
 garbage-first heap   total 262144K, used 147641K [0x00000000e0000000, 0x0000000100000000)
  region size 1024K, 119 young (121856K), 2 survivors (2048K)
 Metaspace       used 35594K, committed 35968K, reserved 393216K
  class space    used 4941K, committed 5120K, reserved 327680K
}
Event: 53.867 GC heap after
{Heap after GC invocations=6 (full 0):
 garbage-first heap   total 262144K, used 31689K [0x00000000e0000000, 0x0000000100000000)
  region size 1024K, 10 young (10240K), 10 survivors (10240K)
 Metaspace       used 35594K, committed 35968K, reserved 393216K
  class space    used 4941K, committed 5120K, reserved 327680K
}
Event: 78.722 GC heap before
{Heap before GC invocations=7 (full 0):
 garbage-first heap   total 262144K, used 179145K [0x00000000e0000000, 0x0000000100000000)
  region size 1024K, 153 young (156672K), 10 survivors (10240K)
 Metaspace       used 49764K, committed 50304K, reserved 393216K
  class space    used 7046K, committed 7296K, reserved 327680K
}
Event: 78.762 GC heap after
{Heap after GC invocations=8 (full 0):
 garbage-first heap   total 262144K, used 38450K [0x00000000e0000000, 0x0000000100000000)
  region size 1024K, 17 young (17408K), 17 survivors (17408K)
 Metaspace       used 49764K, committed 50304K, reserved 393216K
  class space    used 7046K, committed 7296K, reserved 327680K
}
Event: 78.797 GC heap before
{Heap before GC invocations=8 (full 0):
 garbage-first heap   total 262144K, used 39474K [0x00000000e0000000, 0x0000000100000000)
  region size 1024K, 18 young (18432K), 17 survivors (17408K)
 Metaspace       used 49869K, committed 50432K, reserved 393216K
  class space    used 7051K, committed 7296K, reserved 327680K
}
Event: 78.833 GC heap after
{Heap after GC invocations=9 (full 0):
 garbage-first heap   total 262144K, used 39348K [0x00000000e0000000, 0x0000000100000000)
  region size 1024K, 2 young (2048K), 2 survivors (2048K)
 Metaspace       used 49869K, committed 50432K, reserved 393216K
  class space    used 7051K, committed 7296K, reserved 327680K
}

Dll operation events (15 events):
Event: 1.165 Loaded shared library C:\Users\kku89\.jdks\ms-17.0.15\bin\java.dll
Event: 1.609 Loaded shared library C:\Users\kku89\.jdks\ms-17.0.15\bin\jsvml.dll
Event: 2.487 Loaded shared library C:\Users\kku89\.jdks\ms-17.0.15\bin\zip.dll
Event: 2.552 Loaded shared library C:\Users\kku89\.jdks\ms-17.0.15\bin\instrument.dll
Event: 2.888 Loaded shared library C:\Users\kku89\.jdks\ms-17.0.15\bin\net.dll
Event: 3.352 Loaded shared library C:\Users\kku89\.jdks\ms-17.0.15\bin\nio.dll
Event: 3.401 Loaded shared library C:\Users\kku89\.jdks\ms-17.0.15\bin\zip.dll
Event: 8.646 Loaded shared library C:\Users\kku89\.jdks\ms-17.0.15\bin\jimage.dll
Event: 10.318 Loaded shared library C:\Users\kku89\.jdks\ms-17.0.15\bin\verify.dll
Event: 10.935 Loaded shared library C:\Gradle\native\1def1411415f61bf3af743bc5b6707747c0891f09f0c88961ee8f79bc544acac\windows-amd64\native-platform.dll
Event: 11.108 Loaded shared library C:\Gradle\native\0.2.7\x86_64-windows-gnu\gradle-fileevents.dll
Event: 26.106 Loaded shared library C:\Users\kku89\.jdks\ms-17.0.15\bin\management.dll
Event: 26.132 Loaded shared library C:\Users\kku89\.jdks\ms-17.0.15\bin\management_ext.dll
Event: 32.853 Loaded shared library C:\Users\kku89\.jdks\ms-17.0.15\bin\extnet.dll
Event: 33.767 Loaded shared library C:\Users\kku89\.jdks\ms-17.0.15\bin\sunmscapi.dll

Deoptimization events (20 events):
Event: 81.958 Thread 0x000001db7da98ed0 Uncommon trap: trap_request=0xffffff45 fr.pc=0x000001db07e4229c relative=0x000000000000009c
Event: 81.958 Thread 0x000001db7da98ed0 Uncommon trap: reason=unstable_if action=reinterpret pc=0x000001db07e4229c method=io.spring.gradle.dependencymanagement.org.apache.maven.model.validation.DefaultModelValidator.isValidIdCharacter(C)Z @ 51 c2
Event: 81.958 Thread 0x000001db7da98ed0 DEOPT PACKING pc=0x000001db07e4229c sp=0x0000008ad34f76b0
Event: 81.959 Thread 0x000001db7da98ed0 DEOPT UNPACKING pc=0x000001db0758699d sp=0x0000008ad34f7648 mode 2
Event: 82.059 Thread 0x000001db7da98ed0 Uncommon trap: trap_request=0xffffff45 fr.pc=0x000001db07b78a60 relative=0x0000000000000ce0
Event: 82.059 Thread 0x000001db7da98ed0 Uncommon trap: reason=unstable_if action=reinterpret pc=0x000001db07b78a60 method=com.esotericsoftware.kryo.io.Input.readString()Ljava/lang/String; @ 28 c2
Event: 82.059 Thread 0x000001db7da98ed0 DEOPT PACKING pc=0x000001db07b78a60 sp=0x0000008ad34f9460
Event: 82.059 Thread 0x000001db7da98ed0 DEOPT UNPACKING pc=0x000001db0758699d sp=0x0000008ad34f9438 mode 2
Event: 82.108 Thread 0x000001db7da98ed0 Uncommon trap: trap_request=0xffffffde fr.pc=0x000001db07c75cf8 relative=0x00000000000001b8
Event: 82.108 Thread 0x000001db7da98ed0 Uncommon trap: reason=class_check action=maybe_recompile pc=0x000001db07c75cf8 method=java.io.BufferedInputStream.read1([BII)I @ 39 c2
Event: 82.108 Thread 0x000001db7da98ed0 DEOPT PACKING pc=0x000001db07c75cf8 sp=0x0000008ad34f8f70
Event: 82.108 Thread 0x000001db7da98ed0 DEOPT UNPACKING pc=0x000001db0758699d sp=0x0000008ad34f8ef8 mode 2
Event: 82.113 Thread 0x000001db7da98ed0 Uncommon trap: trap_request=0xffffff45 fr.pc=0x000001db07cddac4 relative=0x0000000000000684
Event: 82.113 Thread 0x000001db7da98ed0 Uncommon trap: reason=unstable_if action=reinterpret pc=0x000001db07cddac4 method=java.util.HashMap$HashIterator.<init>(Ljava/util/HashMap;)V @ 45 c2
Event: 82.113 Thread 0x000001db7da98ed0 DEOPT PACKING pc=0x000001db07cddac4 sp=0x0000008ad34f9de0
Event: 82.113 Thread 0x000001db7da98ed0 DEOPT UNPACKING pc=0x000001db0758699d sp=0x0000008ad34f9c70 mode 2
Event: 82.478 Thread 0x000001db7da98ed0 Uncommon trap: trap_request=0xffffff45 fr.pc=0x000001db07e67068 relative=0x0000000000000068
Event: 82.478 Thread 0x000001db7da98ed0 Uncommon trap: reason=unstable_if action=reinterpret pc=0x000001db07e67068 method=com.esotericsoftware.kryo.io.Output.require(I)Z @ 10 c2
Event: 82.478 Thread 0x000001db7da98ed0 DEOPT PACKING pc=0x000001db07e67068 sp=0x0000008ad34f8990
Event: 82.478 Thread 0x000001db7da98ed0 DEOPT UNPACKING pc=0x000001db0758699d sp=0x0000008ad34f8910 mode 2

Classes loaded (20 events):
Event: 79.476 Loading class sun/reflect/generics/reflectiveObjects/GenericArrayTypeImpl
Event: 79.476 Loading class sun/reflect/generics/reflectiveObjects/GenericArrayTypeImpl done
Event: 79.693 Loading class sun/reflect/generics/tree/LongSignature
Event: 79.693 Loading class sun/reflect/generics/tree/LongSignature done
Event: 80.097 Loading class java/util/stream/ReferencePipeline$15
Event: 80.098 Loading class java/util/stream/ReferencePipeline$15 done
Event: 80.108 Loading class java/util/stream/ReferencePipeline$15$1
Event: 80.108 Loading class java/util/stream/ReferencePipeline$15$1 done
Event: 80.152 Loading class java/util/stream/ReduceOps$2
Event: 80.153 Loading class java/util/stream/ReduceOps$2 done
Event: 80.153 Loading class java/util/stream/ReduceOps$2ReducingSink
Event: 80.153 Loading class java/util/stream/ReduceOps$2ReducingSink done
Event: 80.456 Loading class java/io/FileReader
Event: 80.457 Loading class java/io/FileReader done
Event: 80.459 Loading class java/text/MessageFormat
Event: 80.460 Loading class java/text/MessageFormat done
Event: 80.577 Loading class java/util/Stack
Event: 80.578 Loading class java/util/Stack done
Event: 81.628 Loading class jdk/internal/access/foreign/MemorySegmentProxy
Event: 81.629 Loading class jdk/internal/access/foreign/MemorySegmentProxy done

Classes unloaded (0 events):
No events

Classes redefined (0 events):
No events

Internal exceptions (20 events):
Event: 79.959 Thread 0x000001db7da98ed0 Exception <a 'java/lang/NoSuchMethodError'{0x00000000ed202e50}: 'int java.lang.invoke.DirectMethodHandle$Holder.invokeSpecialIFC(java.lang.Object, java.lang.Object, java.lang.Object, java.lang.Object, java.lang.Object)'> (0x00000000ed202e50) 
thrown [s\src\hotspot\share\interpreter\linkResolver.cpp, line 759]
Event: 80.082 Thread 0x000001db7da98ed0 Exception <a 'java/lang/NoSuchMethodError'{0x00000000ece381f8}: 'java.lang.Object java.lang.invoke.DirectMethodHandle$Holder.newInvokeSpecial(java.lang.Object, java.lang.Object, java.lang.Object, java.lang.Object, java.lang.Object, java.lang.Object, int)'> (0x00000000ece381f8) 
thrown [s\src\hotspot\share\interpreter\linkResolver.cpp, line 759]
Event: 80.083 Thread 0x000001db7da98ed0 Exception <a 'java/lang/NoSuchMethodError'{0x00000000ece3dc48}: 'java.lang.Object java.lang.invoke.DirectMethodHandle$Holder.invokeSpecial(java.lang.Object, java.lang.Object, java.lang.Object, java.lang.Object, java.lang.Object, java.lang.Object, java.lang.Object, int)'> (0x00000000ece3dc48) 
thrown [s\src\hotspot\share\interpreter\linkResolver.cpp, line 759]
Event: 80.084 Thread 0x000001db7da98ed0 Exception <a 'java/lang/NoSuchMethodError'{0x00000000ece43068}: 'java.lang.Object java.lang.invoke.Invokers$Holder.linkToTargetMethod(java.lang.Object, java.lang.Object, java.lang.Object, java.lang.Object, java.lang.Object, int, java.lang.Object)'> (0x00000000ece43068) 
thrown [s\src\hotspot\share\interpreter\linkResolver.cpp, line 759]
Event: 80.110 Thread 0x000001db2447fa80 Implicit null exception at 0x000001db07d58160 to 0x000001db07d582a4
Event: 80.607 Thread 0x000001db7da98ed0 Exception <a 'java/lang/ClassNotFoundException'{0x00000000ebb5fbf8}: org/gradle/plugin/software/internal/SoftwareFeaturesDynamicObject_DecoratedBeanInfo> (0x00000000ebb5fbf8) 
thrown [s\src\hotspot\share\classfile\systemDictionary.cpp, line 256]
Event: 80.608 Thread 0x000001db7da98ed0 Exception <a 'java/lang/ClassNotFoundException'{0x00000000ebb6deb0}: org/gradle/plugin/software/internal/SoftwareFeaturesDynamicObjectBeanInfo> (0x00000000ebb6deb0) 
thrown [s\src\hotspot\share\classfile\systemDictionary.cpp, line 256]
Event: 80.608 Thread 0x000001db7da98ed0 Exception <a 'java/lang/ClassNotFoundException'{0x00000000ebb7c7b0}: org/gradle/internal/metaobject/AbstractDynamicObjectBeanInfo> (0x00000000ebb7c7b0) 
thrown [s\src\hotspot\share\classfile\systemDictionary.cpp, line 256]
Event: 80.609 Thread 0x000001db7da98ed0 Exception <a 'java/lang/ClassNotFoundException'{0x00000000ebb8b060}: org/gradle/internal/metaobject/AbstractDynamicObjectCustomizer> (0x00000000ebb8b060) 
thrown [s\src\hotspot\share\classfile\systemDictionary.cpp, line 256]
Event: 80.611 Thread 0x000001db7da98ed0 Exception <a 'java/lang/ClassNotFoundException'{0x00000000ebba5418}: org/gradle/plugin/software/internal/SoftwareFeaturesDynamicObjectCustomizer> (0x00000000ebba5418) 
thrown [s\src\hotspot\share\classfile\systemDictionary.cpp, line 256]
Event: 80.614 Thread 0x000001db7da98ed0 Exception <a 'java/lang/ClassNotFoundException'{0x00000000ebbba988}: org/gradle/plugin/software/internal/SoftwareFeaturesDynamicObject_DecoratedCustomizer> (0x00000000ebbba988) 
thrown [s\src\hotspot\share\classfile\systemDictionary.cpp, line 256]
Event: 80.618 Thread 0x000001db7da98ed0 Exception <a 'java/lang/ClassNotFoundException'{0x00000000ebbff570}: org/gradle/api/internal/plugins/NaggingBasePluginConventionBeanInfo> (0x00000000ebbff570) 
thrown [s\src\hotspot\share\classfile\systemDictionary.cpp, line 256]
Event: 80.620 Thread 0x000001db7da98ed0 Exception <a 'java/lang/ClassNotFoundException'{0x00000000eba0f260}: org/gradle/api/plugins/BasePluginConventionBeanInfo> (0x00000000eba0f260) 
thrown [s\src\hotspot\share\classfile\systemDictionary.cpp, line 256]
Event: 80.622 Thread 0x000001db7da98ed0 Exception <a 'java/lang/ClassNotFoundException'{0x00000000eba1ecd0}: org/gradle/api/plugins/BasePluginConventionCustomizer> (0x00000000eba1ecd0) 
thrown [s\src\hotspot\share\classfile\systemDictionary.cpp, line 256]
Event: 80.624 Thread 0x000001db7da98ed0 Exception <a 'java/lang/ClassNotFoundException'{0x00000000eba3a9e8}: org/gradle/api/internal/plugins/NaggingBasePluginConventionCustomizer> (0x00000000eba3a9e8) 
thrown [s\src\hotspot\share\classfile\systemDictionary.cpp, line 256]
Event: 80.629 Thread 0x000001db7da98ed0 Exception <a 'java/lang/ClassNotFoundException'{0x00000000eba7bbc0}: org/gradle/api/plugins/internal/NaggingJavaPluginConventionBeanInfo> (0x00000000eba7bbc0) 
thrown [s\src\hotspot\share\classfile\systemDictionary.cpp, line 256]
Event: 80.630 Thread 0x000001db7da98ed0 Exception <a 'java/lang/ClassNotFoundException'{0x00000000eba8b968}: org/gradle/api/plugins/JavaPluginConventionBeanInfo> (0x00000000eba8b968) 
thrown [s\src\hotspot\share\classfile\systemDictionary.cpp, line 256]
Event: 80.631 Thread 0x000001db7da98ed0 Exception <a 'java/lang/ClassNotFoundException'{0x00000000eba9b3d8}: org/gradle/api/plugins/JavaPluginConventionCustomizer> (0x00000000eba9b3d8) 
thrown [s\src\hotspot\share\classfile\systemDictionary.cpp, line 256]
Event: 80.638 Thread 0x000001db7da98ed0 Exception <a 'java/lang/ClassNotFoundException'{0x00000000ebac0bb8}: org/gradle/api/plugins/internal/NaggingJavaPluginConventionCustomizer> (0x00000000ebac0bb8) 
thrown [s\src\hotspot\share\classfile\systemDictionary.cpp, line 256]
Event: 82.112 Thread 0x000001db7da98ed0 Exception <a 'java/lang/NoSuchMethodError'{0x00000000e978f738}: 'void java.lang.invoke.DirectMethodHandle$Holder.invokeVirtual(java.lang.Object, java.lang.Object, java.lang.Object, java.lang.Object)'> (0x00000000e978f738) 
thrown [s\src\hotspot\share\interpreter\linkResolver.cpp, line 759]

VM Operations (20 events):
Event: 78.344 Executing VM operation: ICBufferFull
Event: 78.344 Executing VM operation: ICBufferFull done
Event: 78.721 Executing VM operation: G1CollectForAllocation
Event: 78.762 Executing VM operation: G1CollectForAllocation done
Event: 78.790 Executing VM operation: G1CollectForAllocation
Event: 78.833 Executing VM operation: G1CollectForAllocation done
Event: 79.590 Executing VM operation: ICBufferFull
Event: 79.590 Executing VM operation: ICBufferFull done
Event: 80.595 Executing VM operation: ICBufferFull
Event: 80.595 Executing VM operation: ICBufferFull done
Event: 80.917 Executing VM operation: HandshakeAllThreads
Event: 80.918 Executing VM operation: HandshakeAllThreads done
Event: 81.103 Executing VM operation: ICBufferFull
Event: 81.103 Executing VM operation: ICBufferFull done
Event: 81.667 Executing VM operation: ICBufferFull
Event: 81.667 Executing VM operation: ICBufferFull done
Event: 82.394 Executing VM operation: HandshakeAllThreads
Event: 82.395 Executing VM operation: HandshakeAllThreads done
Event: 82.548 Executing VM operation: ICBufferFull
Event: 82.548 Executing VM operation: ICBufferFull done

Memory protections (0 events):
No events

Nmethod flushes (20 events):
Event: 72.286 Thread 0x000001db785fc4e0 flushing  nmethod 0x000001db00908190
Event: 72.287 Thread 0x000001db785fc4e0 flushing  nmethod 0x000001db00912190
Event: 72.287 Thread 0x000001db785fc4e0 flushing  nmethod 0x000001db00912910
Event: 72.287 Thread 0x000001db785fc4e0 flushing  nmethod 0x000001db00913a10
Event: 72.287 Thread 0x000001db785fc4e0 flushing  nmethod 0x000001db0091a790
Event: 72.287 Thread 0x000001db785fc4e0 flushing  nmethod 0x000001db00929510
Event: 72.287 Thread 0x000001db785fc4e0 flushing  nmethod 0x000001db0092f510
Event: 72.287 Thread 0x000001db785fc4e0 flushing  nmethod 0x000001db0093eb10
Event: 72.288 Thread 0x000001db785fc4e0 flushing  nmethod 0x000001db00993310
Event: 72.288 Thread 0x000001db785fc4e0 flushing  nmethod 0x000001db009ccc90
Event: 72.288 Thread 0x000001db785fc4e0 flushing  nmethod 0x000001db009cd190
Event: 72.288 Thread 0x000001db785fc4e0 flushing  nmethod 0x000001db009ce490
Event: 72.288 Thread 0x000001db785fc4e0 flushing  nmethod 0x000001db009e2e90
Event: 72.288 Thread 0x000001db785fc4e0 flushing  nmethod 0x000001db009e3b90
Event: 72.289 Thread 0x000001db785fc4e0 flushing  nmethod 0x000001db00a00b10
Event: 72.289 Thread 0x000001db785fc4e0 flushing  nmethod 0x000001db00a01d90
Event: 72.289 Thread 0x000001db785fc4e0 flushing  nmethod 0x000001db00a03810
Event: 72.289 Thread 0x000001db785fc4e0 flushing  nmethod 0x000001db00a06790
Event: 72.289 Thread 0x000001db785fc4e0 flushing  nmethod 0x000001db00a94710
Event: 72.290 Thread 0x000001db785fc4e0 flushing  nmethod 0x000001db00ada690

Events (20 events):
Event: 81.063 Thread 0x000001db7da98ed0 Thread added: 0x000001db24484160
Event: 81.092 Thread 0x000001db7da98ed0 Thread added: 0x000001db244869e0
Event: 81.123 Thread 0x000001db7da98ed0 Thread added: 0x000001db24484670
Event: 81.145 Thread 0x000001db7da98ed0 Thread added: 0x000001db24484b80
Event: 81.169 Thread 0x000001db7da98ed0 Thread added: 0x000001db24485090
Event: 81.233 Thread 0x000001db7da98ed0 Thread added: 0x000001db244855a0
Event: 81.260 Thread 0x000001db7da98ed0 Thread added: 0x000001db24485ab0
Event: 81.269 Thread 0x000001db7da98ed0 Thread added: 0x000001db2538db50
Event: 81.304 Thread 0x000001db7da98ed0 Thread added: 0x000001db2538b2d0
Event: 81.328 Thread 0x000001db7da98ed0 Thread added: 0x000001db25387610
Event: 81.347 Thread 0x000001db7da98ed0 Thread added: 0x000001db2538b7e0
Event: 81.364 Thread 0x000001db7da98ed0 Thread added: 0x000001db2538d640
Event: 81.379 Thread 0x000001db7da98ed0 Thread added: 0x000001db25387100
Event: 81.399 Thread 0x000001db7da98ed0 Thread added: 0x000001db2538bcf0
Event: 81.417 Thread 0x000001db7da98ed0 Thread added: 0x000001db25386bf0
Event: 81.431 Thread 0x000001db7da98ed0 Thread added: 0x000001db2538e060
Event: 81.451 Thread 0x000001db7da98ed0 Thread added: 0x000001db25387b20
Event: 81.487 Thread 0x000001db7da98ed0 Thread added: 0x000001db2538a8b0
Event: 81.502 Thread 0x000001db7da98ed0 Thread added: 0x000001db25388a50
Event: 81.519 Thread 0x000001db7da98ed0 Thread added: 0x000001db25388f60


Dynamic libraries:
0x00007ff602110000 - 0x00007ff60211e000 	C:\Users\kku89\.jdks\ms-17.0.15\bin\java.exe
0x00007ffeef2f0000 - 0x00007ffeef507000 	C:\WINDOWS\SYSTEM32\ntdll.dll
0x00007ffeed010000 - 0x00007ffeed0d4000 	C:\WINDOWS\System32\KERNEL32.DLL
0x00007ffeec700000 - 0x00007ffeecad3000 	C:\WINDOWS\System32\KERNELBASE.dll
0x00007ffeecb40000 - 0x00007ffeecc51000 	C:\WINDOWS\System32\ucrtbase.dll
0x00007ffee5ac0000 - 0x00007ffee5ad7000 	C:\Users\kku89\.jdks\ms-17.0.15\bin\jli.dll
0x00007ffed9880000 - 0x00007ffed989d000 	C:\Users\kku89\.jdks\ms-17.0.15\bin\VCRUNTIME140.dll
0x00007ffeeea50000 - 0x00007ffeeec01000 	C:\WINDOWS\System32\USER32.dll
0x00007ffeecae0000 - 0x00007ffeecb06000 	C:\WINDOWS\System32\win32u.dll
0x00007ffed7ef0000 - 0x00007ffed8188000 	C:\WINDOWS\WinSxS\amd64_microsoft.windows.common-controls_6595b64144ccf1df_6.0.22621.5124_none_270e8f4f7386d69d\COMCTL32.dll
0x00007ffeee960000 - 0x00007ffeee989000 	C:\WINDOWS\System32\GDI32.dll
0x00007ffeee140000 - 0x00007ffeee1e7000 	C:\WINDOWS\System32\msvcrt.dll
0x00007ffeec560000 - 0x00007ffeec67b000 	C:\WINDOWS\System32\gdi32full.dll
0x00007ffeec4c0000 - 0x00007ffeec55a000 	C:\WINDOWS\System32\msvcp_win.dll
0x00007ffeee1f0000 - 0x00007ffeee221000 	C:\WINDOWS\System32\IMM32.DLL
0x00007ffee5b50000 - 0x00007ffee5b5c000 	C:\Users\kku89\.jdks\ms-17.0.15\bin\vcruntime140_1.dll
0x00007ffed29b0000 - 0x00007ffed2a3d000 	C:\Users\kku89\.jdks\ms-17.0.15\bin\msvcp140.dll
0x00007ffe609a0000 - 0x00007ffe61612000 	C:\Users\kku89\.jdks\ms-17.0.15\bin\server\jvm.dll
0x00007ffeee990000 - 0x00007ffeeea41000 	C:\WINDOWS\System32\ADVAPI32.dll
0x00007ffeedea0000 - 0x00007ffeedf48000 	C:\WINDOWS\System32\sechost.dll
0x00007ffeecb10000 - 0x00007ffeecb38000 	C:\WINDOWS\System32\bcrypt.dll
0x00007ffeeeda0000 - 0x00007ffeeeeb4000 	C:\WINDOWS\System32\RPCRT4.dll
0x00007ffeedfa0000 - 0x00007ffeee011000 	C:\WINDOWS\System32\WS2_32.dll
0x00007ffeeb280000 - 0x00007ffeeb2cd000 	C:\WINDOWS\SYSTEM32\POWRPROF.dll
0x00007ffedcc70000 - 0x00007ffedcc7a000 	C:\WINDOWS\SYSTEM32\VERSION.dll
0x00007ffee3140000 - 0x00007ffee3174000 	C:\WINDOWS\SYSTEM32\WINMM.dll
0x00007ffeeb260000 - 0x00007ffeeb273000 	C:\WINDOWS\SYSTEM32\UMPDC.dll
0x00007ffeeb520000 - 0x00007ffeeb538000 	C:\WINDOWS\SYSTEM32\kernel.appcore.dll
0x00007ffee5aa0000 - 0x00007ffee5aaa000 	C:\Users\kku89\.jdks\ms-17.0.15\bin\jimage.dll
0x00007ffee99b0000 - 0x00007ffee9be2000 	C:\WINDOWS\SYSTEM32\DBGHELP.DLL
0x00007ffeed260000 - 0x00007ffeed5f2000 	C:\WINDOWS\System32\combase.dll
0x00007ffeee240000 - 0x00007ffeee317000 	C:\WINDOWS\System32\OLEAUT32.dll
0x00007ffee7ec0000 - 0x00007ffee7ef2000 	C:\WINDOWS\SYSTEM32\dbgcore.DLL
0x00007ffeec680000 - 0x00007ffeec6fb000 	C:\WINDOWS\System32\bcryptPrimitives.dll
0x00007ffee4a10000 - 0x00007ffee4a1e000 	C:\Users\kku89\.jdks\ms-17.0.15\bin\instrument.dll
0x00007ffed2980000 - 0x00007ffed29a5000 	C:\Users\kku89\.jdks\ms-17.0.15\bin\java.dll
0x00007ffeba770000 - 0x00007ffeba846000 	C:\Users\kku89\.jdks\ms-17.0.15\bin\jsvml.dll
0x00007ffeed600000 - 0x00007ffeede96000 	C:\WINDOWS\System32\SHELL32.dll
0x00007ffeecc60000 - 0x00007ffeecd9f000 	C:\WINDOWS\System32\wintypes.dll
0x00007ffeea330000 - 0x00007ffeeac4a000 	C:\WINDOWS\SYSTEM32\windows.storage.dll
0x00007ffeee320000 - 0x00007ffeee42a000 	C:\WINDOWS\System32\SHCORE.dll
0x00007ffeef240000 - 0x00007ffeef2a3000 	C:\WINDOWS\System32\shlwapi.dll
0x00007ffeec330000 - 0x00007ffeec35b000 	C:\WINDOWS\SYSTEM32\profapi.dll
0x00007ffed8de0000 - 0x00007ffed8df8000 	C:\Users\kku89\.jdks\ms-17.0.15\bin\zip.dll
0x00007ffed2960000 - 0x00007ffed297a000 	C:\Users\kku89\.jdks\ms-17.0.15\bin\net.dll
0x00007ffee7270000 - 0x00007ffee739c000 	C:\WINDOWS\SYSTEM32\WINHTTP.dll
0x00007ffeeb9a0000 - 0x00007ffeeba0a000 	C:\WINDOWS\system32\mswsock.dll
0x00007ffec6280000 - 0x00007ffec6296000 	C:\Users\kku89\.jdks\ms-17.0.15\bin\nio.dll
0x00007ffee31a0000 - 0x00007ffee31b0000 	C:\Users\kku89\.jdks\ms-17.0.15\bin\verify.dll
0x00007ffed8e50000 - 0x00007ffed8e77000 	C:\Gradle\native\1def1411415f61bf3af743bc5b6707747c0891f09f0c88961ee8f79bc544acac\windows-amd64\native-platform.dll
0x00007ffebf580000 - 0x00007ffebf5f8000 	C:\Gradle\native\0.2.7\x86_64-windows-gnu\gradle-fileevents.dll
0x00007ffedd8c0000 - 0x00007ffedd8ca000 	C:\Users\kku89\.jdks\ms-17.0.15\bin\management.dll
0x00007ffed97e0000 - 0x00007ffed97eb000 	C:\Users\kku89\.jdks\ms-17.0.15\bin\management_ext.dll
0x00007ffeeeec0000 - 0x00007ffeeeec8000 	C:\WINDOWS\System32\PSAPI.DLL
0x00007ffeeaf20000 - 0x00007ffeeaf4d000 	C:\WINDOWS\SYSTEM32\IPHLPAPI.DLL
0x00007ffeee230000 - 0x00007ffeee239000 	C:\WINDOWS\System32\NSI.dll
0x00007ffee4fc0000 - 0x00007ffee4fd9000 	C:\WINDOWS\SYSTEM32\dhcpcsvc6.DLL
0x00007ffee46d0000 - 0x00007ffee46ef000 	C:\WINDOWS\SYSTEM32\dhcpcsvc.DLL
0x00007ffeeaf50000 - 0x00007ffeeb052000 	C:\WINDOWS\SYSTEM32\DNSAPI.dll
0x00007ffed8e40000 - 0x00007ffed8e49000 	C:\Users\kku89\.jdks\ms-17.0.15\bin\extnet.dll
0x00007ffeebc00000 - 0x00007ffeebc1b000 	C:\WINDOWS\SYSTEM32\CRYPTSP.dll
0x00007ffeeb480000 - 0x00007ffeeb4b7000 	C:\WINDOWS\system32\rsaenh.dll
0x00007ffeeba90000 - 0x00007ffeebab8000 	C:\WINDOWS\SYSTEM32\USERENV.dll
0x00007ffeebbf0000 - 0x00007ffeebbfc000 	C:\WINDOWS\SYSTEM32\CRYPTBASE.dll
0x00007ffed88a0000 - 0x00007ffed88ae000 	C:\Users\kku89\.jdks\ms-17.0.15\bin\sunmscapi.dll
0x00007ffeece20000 - 0x00007ffeecf87000 	C:\WINDOWS\System32\CRYPT32.dll
0x00007ffeebdb0000 - 0x00007ffeebddd000 	C:\WINDOWS\SYSTEM32\ncrypt.dll
0x00007ffeebd70000 - 0x00007ffeebda7000 	C:\WINDOWS\SYSTEM32\NTASN1.dll
0x00007ffed8c10000 - 0x00007ffed8c18000 	C:\WINDOWS\system32\wshunix.dll

dbghelp: loaded successfully - version: 4.0.5 - missing functions: none
symbol engine: initialized successfully - sym options: 0x614 - pdb path: .;C:\Users\kku89\.jdks\ms-17.0.15\bin;C:\WINDOWS\SYSTEM32;C:\WINDOWS\WinSxS\amd64_microsoft.windows.common-controls_6595b64144ccf1df_6.0.22621.5124_none_270e8f4f7386d69d;C:\Users\kku89\.jdks\ms-17.0.15\bin\server;C:\Gradle\native\1def1411415f61bf3af743bc5b6707747c0891f09f0c88961ee8f79bc544acac\windows-amd64;C:\Gradle\native\0.2.7\x86_64-windows-gnu

VM Arguments:
jvm_args: --add-opens=java.base/java.lang=ALL-UNNAMED --add-opens=java.base/java.lang.invoke=ALL-UNNAMED --add-opens=java.base/java.util=ALL-UNNAMED --add-opens=java.prefs/java.util.prefs=ALL-UNNAMED --add-exports=jdk.compiler/com.sun.tools.javac.api=ALL-UNNAMED --add-exports=jdk.compiler/com.sun.tools.javac.util=ALL-UNNAMED --add-opens=java.base/java.util=ALL-UNNAMED --add-opens=java.prefs/java.util.prefs=ALL-UNNAMED --add-opens=java.base/java.nio.charset=ALL-UNNAMED --add-opens=java.base/java.net=ALL-UNNAMED --add-opens=java.base/java.util.concurrent.atomic=ALL-UNNAMED --add-opens=java.xml/javax.xml.namespace=ALL-UNNAMED -XX:MaxMetaspaceSize=384m -XX:+HeapDumpOnOutOfMemoryError -Xms256m -Xmx512m -Dfile.encoding=UTF-8 -Duser.country=KR -Duser.language=ko -Duser.variant -javaagent:C:\Gradle\wrapper\dists\gradle-8.13-bin\5xuhj0ry160q40clulazy9h7d\gradle-8.13\lib\agents\gradle-instrumentation-agent-8.13.jar 
java_command: org.gradle.launcher.daemon.bootstrap.GradleDaemon 8.13
java_class_path (initial): C:\Gradle\wrapper\dists\gradle-8.13-bin\5xuhj0ry160q40clulazy9h7d\gradle-8.13\lib\gradle-daemon-main-8.13.jar
Launcher Type: SUN_STANDARD

[Global flags]
     intx CICompilerCount                          = 3                                         {product} {ergonomic}
   size_t CompressedClassSpaceSize                 = 335544320                                 {product} {ergonomic}
     uint ConcGCThreads                            = 1                                         {product} {ergonomic}
     uint G1ConcRefinementThreads                  = 4                                         {product} {ergonomic}
   size_t G1HeapRegionSize                         = 1048576                                   {product} {ergonomic}
    uintx GCDrainStackTargetSize                   = 64                                        {product} {ergonomic}
     bool HeapDumpOnOutOfMemoryError               = true                                   {manageable} {command line}
   size_t InitialHeapSize                          = 268435456                                 {product} {command line}
   size_t MarkStackSize                            = 4194304                                   {product} {ergonomic}
   size_t MaxHeapSize                              = 536870912                                 {product} {command line}
   size_t MaxMetaspaceSize                         = 402653184                                 {product} {command line}
   size_t MaxNewSize                               = 321912832                                 {product} {ergonomic}
   size_t MinHeapDeltaBytes                        = 1048576                                   {product} {ergonomic}
   size_t MinHeapSize                              = 268435456                                 {product} {command line}
    uintx NonNMethodCodeHeapSize                   = 5832780                                {pd product} {ergonomic}
    uintx NonProfiledCodeHeapSize                  = 122912730                              {pd product} {ergonomic}
    uintx ProfiledCodeHeapSize                     = 122912730                              {pd product} {ergonomic}
    uintx ReservedCodeCacheSize                    = 251658240                              {pd product} {ergonomic}
     bool SegmentedCodeCache                       = true                                      {product} {ergonomic}
   size_t SoftMaxHeapSize                          = 536870912                              {manageable} {ergonomic}
     bool UseCompressedClassPointers               = true                           {product lp64_product} {ergonomic}
     bool UseCompressedOops                        = true                           {product lp64_product} {ergonomic}
     bool UseG1GC                                  = true                                      {product} {ergonomic}
     bool UseLargePagesIndividualAllocation        = false                                  {pd product} {ergonomic}

Logging:
Log output configuration:
 #0: stdout all=warning uptime,level,tags
 #1: stderr all=off uptime,level,tags

Environment Variables:
JAVA_HOME=C:\Program Files\Eclipse Adoptium\jdk-17.0.14.7-hotspot
PATH=C:\WINDOWS\system32;C:\WINDOWS;C:\WINDOWS\System32\Wbem;C:\WINDOWS\System32\WindowsPowerShell\v1.0\;C:\WINDOWS\System32\OpenSSH\;C:\Program Files\nodejs\;C:\Program Files\Git\cmd;C:\Program Files\Eclipse Adoptium\jdk-17.0.14.7-hotspot\bin;C:\Users\kku89\gradle-8.13-bin\bin;C:\Program Files\dotnet\;C:\Users\kku89\AppData\Local\Programs\Python\Launcher\;C:\Users\kku89\AppData\Local\Microsoft\WindowsApps;C:\Users\kku89\AppData\Roaming\npm;C:\Program Files\JetBrains\IntelliJ IDEA 2024.3\bin;;C:\Users\kku89\Desktop\Microsoft VS Code\bin;C:\Users\kku89\AppData\Local\Programs\cursor\resources\app\bin
USERNAME=kku89
TMPDIR=C:\Users\Public\Documents\ESTsoft\CreatorTemp
OS=Windows_NT
PROCESSOR_IDENTIFIER=Intel64 Family 6 Model 142 Stepping 12, GenuineIntel
TMP=C:\Users\kku89\AppData\Local\Temp
TEMP=C:\Users\kku89\AppData\Local\Temp



Periodic native trim disabled


---------------  S Y S T E M  ---------------

OS:
 Windows 11 , 64 bit Build 22621 (10.0.22621.5124)
OS uptime: 0 days 21:18 hours

CPU: total 4 (initial active 4) (2 cores per cpu, 2 threads per core) family 6 model 142 stepping 12 microcode 0xde, cx8, cmov, fxsr, ht, mmx, 3dnowpref, sse, sse2, sse3, ssse3, sse4.1, sse4.2, popcnt, lzcnt, tsc, tscinvbit, aes, erms, clmul, clflush, clflushopt
Processor Information for the first 4 processors :
  Max Mhz: 2400, Current Mhz: 1500, Mhz Limit: 2400

Memory: 4k page, system-wide physical 3876M (466M free)
TotalPageFile size 15652M (AvailPageFile size 6M)
current process WorkingSet (physical memory assigned to process): 345M, peak: 345M
current process commit charge ("private bytes"): 483M, peak: 484M

vm_info: OpenJDK 64-Bit Server VM (17.0.15+6-LTS) for windows-amd64 JRE (17.0.15+6-LTS), built on Apr  9 2025 22:27:25 by "MicrosoftCorporation" with unknown MS VC++:1939

END.
