#
# There is insufficient memory for the Java Runtime Environment to continue.
# Native memory allocation (malloc) failed to allocate 131088 bytes. Error detail: Chunk::new
# Possible reasons:
#   The system is out of physical RAM or swap space
#   This process is running with CompressedOops enabled, and the Java Heap may be blocking the growth of the native heap
# Possible solutions:
#   Reduce memory load on the system
#   Increase physical memory or swap space
#   Check if swap backing store is full
#   Decrease Java heap size (-Xmx/-Xms)
#   Decrease number of Java threads
#   Decrease Java thread stack sizes (-Xss)
#   Set larger code cache with -XX:ReservedCodeCacheSize=
#   JVM is running with Unscaled Compressed Oops mode in which the Java heap is
#     placed in the first 4GB address space. The Java Heap base address is the
#     maximum limit for the native heap growth. Please use -XX:HeapBaseMinAddress
#     to set the Java Heap base and to place the Java Heap above 4GB virtual address.
# This output file may be truncated or incomplete.
#
#  Out of Memory Error (arena.cpp:191), pid=8296, tid=9856
#
# JRE version: OpenJDK Runtime Environment Microsoft-11369865 (17.0.15+6) (build 17.0.15+6-LTS)
# Java VM: OpenJDK 64-Bit Server VM Microsoft-11369865 (17.0.15+6-LTS, mixed mode, sharing, tiered, compressed oops, compressed class ptrs, g1 gc, windows-amd64)
# No core dump will be written. Minidumps are not enabled by default on client versions of Windows
#

---------------  S U M M A R Y ------------

Command Line: --add-opens=java.base/java.lang=ALL-UNNAMED --add-opens=java.base/java.lang.invoke=ALL-UNNAMED --add-opens=java.base/java.util=ALL-UNNAMED --add-opens=java.prefs/java.util.prefs=ALL-UNNAMED --add-exports=jdk.compiler/com.sun.tools.javac.api=ALL-UNNAMED --add-exports=jdk.compiler/com.sun.tools.javac.util=ALL-UNNAMED --add-opens=java.base/java.util=ALL-UNNAMED --add-opens=java.prefs/java.util.prefs=ALL-UNNAMED --add-opens=java.base/java.nio.charset=ALL-UNNAMED --add-opens=java.base/java.net=ALL-UNNAMED --add-opens=java.base/java.util.concurrent.atomic=ALL-UNNAMED --add-opens=java.xml/javax.xml.namespace=ALL-UNNAMED -XX:MaxMetaspaceSize=384m -XX:+HeapDumpOnOutOfMemoryError -Xms256m -Xmx512m -Dfile.encoding=UTF-8 -Duser.country=KR -Duser.language=ko -Duser.variant -javaagent:C:\Gradle\wrapper\dists\gradle-8.13-bin\5xuhj0ry160q40clulazy9h7d\gradle-8.13\lib\agents\gradle-instrumentation-agent-8.13.jar org.gradle.launcher.daemon.bootstrap.GradleDaemon 8.13

Host: Intel(R) Pentium(R) CPU 6405U @ 2.40GHz, 4 cores, 3G,  Windows 11 , 64 bit Build 22621 (10.0.22621.5124)
Time: Thu May 15 20:07:43 2025  Windows 11 , 64 bit Build 22621 (10.0.22621.5124) elapsed time: 222.567008 seconds (0d 0h 3m 42s)

---------------  T H R E A D  ---------------

Current thread (0x0000017efa8ced50):  JavaThread "C2 CompilerThread0" daemon [_thread_in_native, id=9856, stack(0x0000002fe9700000,0x0000002fe9800000)]


Current CompileTask:
C2: 222567 6339       4       org.gradle.internal.service.DefaultServiceRegistry$ClassInspector$ClassDetails::collectTypes (63 bytes)

Stack: [0x0000002fe9700000,0x0000002fe9800000]
Native frames: (J=compiled Java code, j=interpreted, Vv=VM code, C=native code)
V  [jvm.dll+0x6887a9]
V  [jvm.dll+0x83f5a8]
V  [jvm.dll+0x841053]
V  [jvm.dll+0x8416c3]
V  [jvm.dll+0x2496ef]
V  [jvm.dll+0xad134]
V  [jvm.dll+0xad7cc]
V  [jvm.dll+0xad244]
V  [jvm.dll+0x66589c]
V  [jvm.dll+0x222219]
V  [jvm.dll+0x6ac3ea]
V  [jvm.dll+0x21bf37]
V  [jvm.dll+0x219c3b]
V  [jvm.dll+0x1a55f6]
V  [jvm.dll+0x22a39a]
V  [jvm.dll+0x2284db]
V  [jvm.dll+0x7f4e28]
V  [jvm.dll+0x7ef2dc]
V  [jvm.dll+0x687687]
C  [ucrtbase.dll+0x29333]
C  [KERNEL32.DLL+0x1259d]
C  [ntdll.dll+0x5af38]


---------------  P R O C E S S  ---------------

Threads class SMR info:
_java_thread_list=0x0000017e9649d320, length=49, elements={
0x0000017ee058ad70, 0x0000017efa8ac020, 0x0000017efa8ad640, 0x0000017efa8c7ed0,
0x0000017efa8ca410, 0x0000017efa8ccde0, 0x0000017efa8cd7a0, 0x0000017efa8ced50,
0x0000017efa919730, 0x0000017efa91a4e0, 0x0000017efa964870, 0x0000017efaa7ebd0,
0x0000017efac162b0, 0x0000017efabea3a0, 0x0000017e95cdc8a0, 0x0000017e95746030,
0x0000017e957468e0, 0x0000017e95bdecb0, 0x0000017e95bddd80, 0x0000017e95bdd870,
0x0000017e95bde290, 0x0000017e95bdbf20, 0x0000017e95bdba10, 0x0000017e95bde7a0,
0x0000017e95bdc430, 0x0000017e95bdf1c0, 0x0000017e95bdce50, 0x0000017e95bdd360,
0x0000017eff7f1ff0, 0x0000017eff7f57a0, 0x0000017eff7f3940, 0x0000017eff7f5290,
0x0000017eff7f3430, 0x0000017eff7f3e50, 0x0000017eff7f2a10, 0x0000017eff7f2f20,
0x0000017eff7f4870, 0x0000017e96063ea0, 0x0000017e96067140, 0x0000017e960648c0,
0x0000017e96065d00, 0x0000017e960652e0, 0x0000017e96066720, 0x0000017e96063990,
0x0000017e96066210, 0x0000017e96066c30, 0x0000017e960643b0, 0x0000017e96064dd0,
0x0000017e960657f0
}

Java Threads: ( => current thread )
  0x0000017ee058ad70 JavaThread "main" [_thread_blocked, id=12956, stack(0x0000002fe8a00000,0x0000002fe8b00000)]
  0x0000017efa8ac020 JavaThread "Reference Handler" daemon [_thread_blocked, id=13908, stack(0x0000002fe9100000,0x0000002fe9200000)]
  0x0000017efa8ad640 JavaThread "Finalizer" daemon [_thread_blocked, id=9224, stack(0x0000002fe9200000,0x0000002fe9300000)]
  0x0000017efa8c7ed0 JavaThread "Signal Dispatcher" daemon [_thread_blocked, id=11408, stack(0x0000002fe9300000,0x0000002fe9400000)]
  0x0000017efa8ca410 JavaThread "Attach Listener" daemon [_thread_blocked, id=9984, stack(0x0000002fe9400000,0x0000002fe9500000)]
  0x0000017efa8ccde0 JavaThread "Service Thread" daemon [_thread_blocked, id=13328, stack(0x0000002fe9500000,0x0000002fe9600000)]
  0x0000017efa8cd7a0 JavaThread "Monitor Deflation Thread" daemon [_thread_blocked, id=11928, stack(0x0000002fe9600000,0x0000002fe9700000)]
=>0x0000017efa8ced50 JavaThread "C2 CompilerThread0" daemon [_thread_in_native, id=9856, stack(0x0000002fe9700000,0x0000002fe9800000)]
  0x0000017efa919730 JavaThread "C1 CompilerThread0" daemon [_thread_blocked, id=3892, stack(0x0000002fe9800000,0x0000002fe9900000)]
  0x0000017efa91a4e0 JavaThread "Sweeper thread" daemon [_thread_blocked, id=6124, stack(0x0000002fe9900000,0x0000002fe9a00000)]
  0x0000017efa964870 JavaThread "Common-Cleaner" daemon [_thread_blocked, id=12968, stack(0x0000002fe9a00000,0x0000002fe9b00000)]
  0x0000017efaa7ebd0 JavaThread "Notification Thread" daemon [_thread_blocked, id=620, stack(0x0000002fe9b00000,0x0000002fe9c00000)]
  0x0000017efac162b0 JavaThread "Daemon health stats" [_thread_in_Java, id=13672, stack(0x0000002fea000000,0x0000002fea100000)]
  0x0000017efabea3a0 JavaThread "Incoming local TCP Connector on port 56368" [_thread_in_native, id=12760, stack(0x0000002fea100000,0x0000002fea200000)]
  0x0000017e95cdc8a0 JavaThread "Daemon periodic checks" [_thread_blocked, id=1452, stack(0x0000002fea200000,0x0000002fea300000)]
  0x0000017e95746030 JavaThread "Daemon" [_thread_blocked, id=14256, stack(0x0000002fea300000,0x0000002fea400000)]
  0x0000017e957468e0 JavaThread "Handler for socket connection from /127.0.0.1:56368 to /127.0.0.1:56375" [_thread_in_native, id=3264, stack(0x0000002fea400000,0x0000002fea500000)]
  0x0000017e95bdecb0 JavaThread "Cancel handler" [_thread_blocked, id=13688, stack(0x0000002fea500000,0x0000002fea600000)]
  0x0000017e95bddd80 JavaThread "Daemon worker" [_thread_in_Java, id=4364, stack(0x0000002fea600000,0x0000002fea700000)]
  0x0000017e95bdd870 JavaThread "Asynchronous log dispatcher for DefaultDaemonConnection: socket connection from /127.0.0.1:56368 to /127.0.0.1:56375" [_thread_blocked, id=10000, stack(0x0000002fea700000,0x0000002fea800000)]
  0x0000017e95bde290 JavaThread "Stdin handler" [_thread_blocked, id=684, stack(0x0000002fea800000,0x0000002fea900000)]
  0x0000017e95bdbf20 JavaThread "Daemon client event forwarder" [_thread_blocked, id=7284, stack(0x0000002fea900000,0x0000002feaa00000)]
  0x0000017e95bdba10 JavaThread "Cache worker for journal cache (C:\Gradle\caches\journal-1)" [_thread_blocked, id=7036, stack(0x0000002feaa00000,0x0000002feab00000)]
  0x0000017e95bde7a0 JavaThread "File lock request listener" [_thread_in_native, id=2592, stack(0x0000002feab00000,0x0000002feac00000)]
  0x0000017e95bdc430 JavaThread "File lock release action executor" [_thread_blocked, id=816, stack(0x0000002feac00000,0x0000002fead00000)]
  0x0000017e95bdf1c0 JavaThread "Cache worker for file hash cache (C:\Gradle\caches\8.13\fileHashes)" [_thread_blocked, id=8236, stack(0x0000002fead00000,0x0000002feae00000)]
  0x0000017e95bdce50 JavaThread "Cache worker for file hash cache (C:\Users\kku89\git\backend\toeicvocab\.gradle\8.13\fileHashes)" [_thread_blocked, id=12732, stack(0x0000002feb000000,0x0000002feb100000)]
  0x0000017e95bdd360 JavaThread "Cache worker for Build Output Cleanup Cache (C:\Users\kku89\git\backend\toeicvocab\.gradle\buildOutputCleanup)" [_thread_blocked, id=12584, stack(0x0000002feb100000,0x0000002feb200000)]
  0x0000017eff7f1ff0 JavaThread "File watcher server" daemon [_thread_in_native, id=11784, stack(0x0000002feb200000,0x0000002feb300000)]
  0x0000017eff7f57a0 JavaThread "File watcher consumer" daemon [_thread_blocked, id=3328, stack(0x0000002feb300000,0x0000002feb400000)]
  0x0000017eff7f3940 JavaThread "jar transforms" [_thread_blocked, id=10416, stack(0x0000002feb400000,0x0000002feb500000)]
  0x0000017eff7f5290 JavaThread "jar transforms Thread 2" [_thread_blocked, id=13544, stack(0x0000002feb500000,0x0000002feb600000)]
  0x0000017eff7f3430 JavaThread "Cache worker for checksums cache (C:\Users\kku89\git\backend\toeicvocab\.gradle\8.13\checksums)" [_thread_blocked, id=14080, stack(0x0000002fe8800000,0x0000002fe8900000)]
  0x0000017eff7f3e50 JavaThread "Cache worker for file content cache (C:\Gradle\caches\8.13\fileContent)" [_thread_blocked, id=8700, stack(0x0000002fe8900000,0x0000002fe8a00000)]
  0x0000017eff7f2a10 JavaThread "jar transforms Thread 3" [_thread_blocked, id=5112, stack(0x0000002feb700000,0x0000002feb800000)]
  0x0000017eff7f2f20 JavaThread "Cache worker for cache directory md-supplier (C:\Gradle\caches\8.13\md-supplier)" [_thread_blocked, id=11232, stack(0x0000002feae00000,0x0000002feaf00000)]
  0x0000017eff7f4870 JavaThread "Cache worker for cache directory md-rule (C:\Gradle\caches\8.13\md-rule)" [_thread_blocked, id=1616, stack(0x0000002feb800000,0x0000002feb900000)]
  0x0000017e96063ea0 JavaThread "Unconstrained build operations" [_thread_blocked, id=7516, stack(0x0000002feb900000,0x0000002feba00000)]
  0x0000017e96067140 JavaThread "Unconstrained build operations Thread 2" [_thread_blocked, id=7680, stack(0x0000002feba00000,0x0000002febb00000)]
  0x0000017e960648c0 JavaThread "jar transforms Thread 4" [_thread_blocked, id=632, stack(0x0000002febb00000,0x0000002febc00000)]
  0x0000017e96065d00 JavaThread "Unconstrained build operations Thread 3" [_thread_blocked, id=4844, stack(0x0000002feaf00000,0x0000002feb000000)]
  0x0000017e960652e0 JavaThread "Unconstrained build operations Thread 4" [_thread_blocked, id=1912, stack(0x0000002febc00000,0x0000002febd00000)]
  0x0000017e96066720 JavaThread "Unconstrained build operations Thread 5" [_thread_blocked, id=13272, stack(0x0000002febd00000,0x0000002febe00000)]
  0x0000017e96063990 JavaThread "Unconstrained build operations Thread 6" [_thread_blocked, id=5684, stack(0x0000002febe00000,0x0000002febf00000)]
  0x0000017e96066210 JavaThread "Unconstrained build operations Thread 7" [_thread_blocked, id=11060, stack(0x0000002febf00000,0x0000002fec000000)]
  0x0000017e96066c30 JavaThread "Unconstrained build operations Thread 8" [_thread_blocked, id=11600, stack(0x0000002fec000000,0x0000002fec100000)]
  0x0000017e960643b0 JavaThread "Unconstrained build operations Thread 9" [_thread_blocked, id=13684, stack(0x0000002fec100000,0x0000002fec200000)]
  0x0000017e96064dd0 JavaThread "Unconstrained build operations Thread 10" [_thread_blocked, id=13064, stack(0x0000002fec200000,0x0000002fec300000)]
  0x0000017e960657f0 JavaThread "Unconstrained build operations Thread 11" [_thread_blocked, id=7040, stack(0x0000002fec300000,0x0000002fec400000)]

Other Threads:
  0x0000017efa8a7230 VMThread "VM Thread" [stack: 0x0000002fe9000000,0x0000002fe9100000] [id=8888]
  0x0000017ee058bbf0 WatcherThread [stack: 0x0000002fe9c00000,0x0000002fe9d00000] [id=2176]
  0x0000017ee05b74e0 GCTaskThread "GC Thread#0" [stack: 0x0000002fe8b00000,0x0000002fe8c00000] [id=14032]
  0x0000017efab58b30 GCTaskThread "GC Thread#1" [stack: 0x0000002fe9d00000,0x0000002fe9e00000] [id=11736]
  0x0000017efab58df0 GCTaskThread "GC Thread#2" [stack: 0x0000002fe9e00000,0x0000002fe9f00000] [id=11488]
  0x0000017efab590b0 GCTaskThread "GC Thread#3" [stack: 0x0000002fe9f00000,0x0000002fea000000] [id=3488]
  0x0000017ee05bc430 ConcurrentGCThread "G1 Main Marker" [stack: 0x0000002fe8c00000,0x0000002fe8d00000] [id=14164]
  0x0000017ee05bce50 ConcurrentGCThread "G1 Conc#0" [stack: 0x0000002fe8d00000,0x0000002fe8e00000] [id=12612]
  0x0000017ee063eb50 ConcurrentGCThread "G1 Refine#0" [stack: 0x0000002fe8e00000,0x0000002fe8f00000] [id=11000]
  0x0000017e962d2500 ConcurrentGCThread "G1 Refine#1" [stack: 0x0000002feb600000,0x0000002feb700000] [id=7564]
  0x0000017efa767740 ConcurrentGCThread "G1 Service" [stack: 0x0000002fe8f00000,0x0000002fe9000000] [id=7628]

Threads with active compile tasks:
C2 CompilerThread0   222618 6339       4       org.gradle.internal.service.DefaultServiceRegistry$ClassInspector$ClassDetails::collectTypes (63 bytes)

VM state: not at safepoint (normal execution)

VM Mutex/Monitor currently owned by a thread: None

Heap address: 0x00000000e0000000, size: 512 MB, Compressed Oops mode: 32-bit

CDS archive(s) mapped at: [0x0000017e80000000-0x0000017e80bb0000-0x0000017e80bb0000), size 12255232, SharedBaseAddress: 0x0000017e80000000, ArchiveRelocationMode: 1.
Compressed class space mapped at: 0x0000017e81000000-0x0000017e95000000, reserved size: 335544320
Narrow klass base: 0x0000017e80000000, Narrow klass shift: 0, Narrow klass range: 0x100000000

GC Precious Log:
 CPUs: 4 total, 4 available
 Memory: 3876M
 Large Page Support: Disabled
 NUMA Support: Disabled
 Compressed Oops: Enabled (32-bit)
 Heap Region Size: 1M
 Heap Min Capacity: 256M
 Heap Initial Capacity: 256M
 Heap Max Capacity: 512M
 Pre-touch: Disabled
 Parallel Workers: 4
 Concurrent Workers: 1
 Concurrent Refinement Workers: 4
 Periodic GC: Disabled

Heap:
 garbage-first heap   total 262144K, used 58967K [0x00000000e0000000, 0x0000000100000000)
  region size 1024K, 25 young (25600K), 1 survivors (1024K)
 Metaspace       used 47405K, committed 47936K, reserved 393216K
  class space    used 6648K, committed 6912K, reserved 327680K

Heap Regions: E=young(eden), S=young(survivor), O=old, HS=humongous(starts), HC=humongous(continues), CS=collection set, F=free, OA=open archive, CA=closed archive, TAMS=top-at-mark-start (previous, next)
|   0|0x00000000e0000000, 0x00000000e0100000, 0x00000000e0100000|100%|HS|  |TAMS 0x00000000e0100000, 0x00000000e0000000| Complete 
|   1|0x00000000e0100000, 0x00000000e0200000, 0x00000000e0200000|100%|HC|  |TAMS 0x00000000e0200000, 0x00000000e0100000| Complete 
|   2|0x00000000e0200000, 0x00000000e0300000, 0x00000000e0300000|100%|HC|  |TAMS 0x00000000e0300000, 0x00000000e0200000| Complete 
|   3|0x00000000e0300000, 0x00000000e0400000, 0x00000000e0400000|100%| O|  |TAMS 0x00000000e0300000, 0x00000000e0300000| Untracked 
|   4|0x00000000e0400000, 0x00000000e0500000, 0x00000000e0500000|100%| O|  |TAMS 0x00000000e0500000, 0x00000000e0400000| Untracked 
|   5|0x00000000e0500000, 0x00000000e0600000, 0x00000000e0600000|100%| O|  |TAMS 0x00000000e0600000, 0x00000000e0500000| Untracked 
|   6|0x00000000e0600000, 0x00000000e0700000, 0x00000000e0700000|100%| O|  |TAMS 0x00000000e0700000, 0x00000000e0600000| Untracked 
|   7|0x00000000e0700000, 0x00000000e0800000, 0x00000000e0800000|100%|HS|  |TAMS 0x00000000e0800000, 0x00000000e0700000| Complete 
|   8|0x00000000e0800000, 0x00000000e0900000, 0x00000000e0900000|100%| O|  |TAMS 0x00000000e0900000, 0x00000000e0800000| Untracked 
|   9|0x00000000e0900000, 0x00000000e0a00000, 0x00000000e0a00000|100%| O|  |TAMS 0x00000000e0a00000, 0x00000000e0900000| Untracked 
|  10|0x00000000e0a00000, 0x00000000e0b00000, 0x00000000e0b00000|100%| O|  |TAMS 0x00000000e0b00000, 0x00000000e0a00000| Untracked 
|  11|0x00000000e0b00000, 0x00000000e0c00000, 0x00000000e0c00000|100%| O|  |TAMS 0x00000000e0c00000, 0x00000000e0b00000| Untracked 
|  12|0x00000000e0c00000, 0x00000000e0d00000, 0x00000000e0d00000|100%| O|  |TAMS 0x00000000e0d00000, 0x00000000e0c00000| Untracked 
|  13|0x00000000e0d00000, 0x00000000e0e00000, 0x00000000e0e00000|100%| O|  |TAMS 0x00000000e0e00000, 0x00000000e0d00000| Untracked 
|  14|0x00000000e0e00000, 0x00000000e0f00000, 0x00000000e0f00000|100%| O|  |TAMS 0x00000000e0f00000, 0x00000000e0e00000| Untracked 
|  15|0x00000000e0f00000, 0x00000000e1000000, 0x00000000e1000000|100%| O|  |TAMS 0x00000000e1000000, 0x00000000e0f00000| Untracked 
|  16|0x00000000e1000000, 0x00000000e1100000, 0x00000000e1100000|100%| O|  |TAMS 0x00000000e1100000, 0x00000000e1000000| Untracked 
|  17|0x00000000e1100000, 0x00000000e1200000, 0x00000000e1200000|100%| O|  |TAMS 0x00000000e1200000, 0x00000000e1100000| Untracked 
|  18|0x00000000e1200000, 0x00000000e1300000, 0x00000000e1300000|100%| O|  |TAMS 0x00000000e1300000, 0x00000000e1200000| Untracked 
|  19|0x00000000e1300000, 0x00000000e1400000, 0x00000000e1400000|100%| O|  |TAMS 0x00000000e1400000, 0x00000000e1300000| Untracked 
|  20|0x00000000e1400000, 0x00000000e1500000, 0x00000000e1500000|100%| O|  |TAMS 0x00000000e1500000, 0x00000000e1400000| Untracked 
|  21|0x00000000e1500000, 0x00000000e1600000, 0x00000000e1600000|100%| O|  |TAMS 0x00000000e1600000, 0x00000000e1500000| Untracked 
|  22|0x00000000e1600000, 0x00000000e1700000, 0x00000000e1700000|100%| O|  |TAMS 0x00000000e1700000, 0x00000000e1600000| Untracked 
|  23|0x00000000e1700000, 0x00000000e1800000, 0x00000000e1800000|100%| O|  |TAMS 0x00000000e1800000, 0x00000000e1700000| Untracked 
|  24|0x00000000e1800000, 0x00000000e1900000, 0x00000000e1900000|100%| O|  |TAMS 0x00000000e1900000, 0x00000000e1800000| Untracked 
|  25|0x00000000e1900000, 0x00000000e1a00000, 0x00000000e1a00000|100%| O|  |TAMS 0x00000000e1a00000, 0x00000000e1900000| Untracked 
|  26|0x00000000e1a00000, 0x00000000e1b00000, 0x00000000e1b00000|100%| O|  |TAMS 0x00000000e1b00000, 0x00000000e1a00000| Untracked 
|  27|0x00000000e1b00000, 0x00000000e1c00000, 0x00000000e1c00000|100%| O|  |TAMS 0x00000000e1c00000, 0x00000000e1b00000| Untracked 
|  28|0x00000000e1c00000, 0x00000000e1d00000, 0x00000000e1d00000|100%| O|  |TAMS 0x00000000e1d00000, 0x00000000e1c00000| Untracked 
|  29|0x00000000e1d00000, 0x00000000e1e00000, 0x00000000e1e00000|100%| O|  |TAMS 0x00000000e1deb200, 0x00000000e1d00000| Untracked 
|  30|0x00000000e1e00000, 0x00000000e1f00000, 0x00000000e1f00000|100%| O|  |TAMS 0x00000000e1e00000, 0x00000000e1e00000| Untracked 
|  31|0x00000000e1f00000, 0x00000000e2000000, 0x00000000e2000000|100%| O|  |TAMS 0x00000000e1f00000, 0x00000000e1f00000| Untracked 
|  32|0x00000000e2000000, 0x00000000e2100000, 0x00000000e2100000|100%| O|  |TAMS 0x00000000e2000000, 0x00000000e2000000| Untracked 
|  33|0x00000000e2100000, 0x00000000e2200000, 0x00000000e2200000|100%| O|  |TAMS 0x00000000e2100000, 0x00000000e2100000| Untracked 
|  34|0x00000000e2200000, 0x00000000e22c1c00, 0x00000000e2300000| 75%| O|  |TAMS 0x00000000e2200000, 0x00000000e2200000| Untracked 
|  35|0x00000000e2300000, 0x00000000e2300000, 0x00000000e2400000|  0%| F|  |TAMS 0x00000000e2300000, 0x00000000e2300000| Untracked 
|  36|0x00000000e2400000, 0x00000000e2400000, 0x00000000e2500000|  0%| F|  |TAMS 0x00000000e2400000, 0x00000000e2400000| Untracked 
|  37|0x00000000e2500000, 0x00000000e2500000, 0x00000000e2600000|  0%| F|  |TAMS 0x00000000e2500000, 0x00000000e2500000| Untracked 
|  38|0x00000000e2600000, 0x00000000e2600000, 0x00000000e2700000|  0%| F|  |TAMS 0x00000000e2600000, 0x00000000e2600000| Untracked 
|  39|0x00000000e2700000, 0x00000000e2700000, 0x00000000e2800000|  0%| F|  |TAMS 0x00000000e2700000, 0x00000000e2700000| Untracked 
|  40|0x00000000e2800000, 0x00000000e2800000, 0x00000000e2900000|  0%| F|  |TAMS 0x00000000e2800000, 0x00000000e2800000| Untracked 
|  41|0x00000000e2900000, 0x00000000e2900000, 0x00000000e2a00000|  0%| F|  |TAMS 0x00000000e2900000, 0x00000000e2900000| Untracked 
|  42|0x00000000e2a00000, 0x00000000e2a00000, 0x00000000e2b00000|  0%| F|  |TAMS 0x00000000e2a00000, 0x00000000e2a00000| Untracked 
|  43|0x00000000e2b00000, 0x00000000e2b00000, 0x00000000e2c00000|  0%| F|  |TAMS 0x00000000e2b00000, 0x00000000e2b00000| Untracked 
|  44|0x00000000e2c00000, 0x00000000e2c00000, 0x00000000e2d00000|  0%| F|  |TAMS 0x00000000e2c00000, 0x00000000e2c00000| Untracked 
|  45|0x00000000e2d00000, 0x00000000e2d00000, 0x00000000e2e00000|  0%| F|  |TAMS 0x00000000e2d00000, 0x00000000e2d00000| Untracked 
|  46|0x00000000e2e00000, 0x00000000e2e00000, 0x00000000e2f00000|  0%| F|  |TAMS 0x00000000e2e00000, 0x00000000e2e00000| Untracked 
|  47|0x00000000e2f00000, 0x00000000e2f00000, 0x00000000e3000000|  0%| F|  |TAMS 0x00000000e2f00000, 0x00000000e2f00000| Untracked 
|  48|0x00000000e3000000, 0x00000000e3000000, 0x00000000e3100000|  0%| F|  |TAMS 0x00000000e3000000, 0x00000000e3000000| Untracked 
|  49|0x00000000e3100000, 0x00000000e3100000, 0x00000000e3200000|  0%| F|  |TAMS 0x00000000e3100000, 0x00000000e3100000| Untracked 
|  50|0x00000000e3200000, 0x00000000e3200000, 0x00000000e3300000|  0%| F|  |TAMS 0x00000000e3200000, 0x00000000e3200000| Untracked 
|  51|0x00000000e3300000, 0x00000000e3300000, 0x00000000e3400000|  0%| F|  |TAMS 0x00000000e3300000, 0x00000000e3300000| Untracked 
|  52|0x00000000e3400000, 0x00000000e3400000, 0x00000000e3500000|  0%| F|  |TAMS 0x00000000e3400000, 0x00000000e3400000| Untracked 
|  53|0x00000000e3500000, 0x00000000e3500000, 0x00000000e3600000|  0%| F|  |TAMS 0x00000000e3500000, 0x00000000e3500000| Untracked 
|  54|0x00000000e3600000, 0x00000000e3600000, 0x00000000e3700000|  0%| F|  |TAMS 0x00000000e3600000, 0x00000000e3600000| Untracked 
|  55|0x00000000e3700000, 0x00000000e3700000, 0x00000000e3800000|  0%| F|  |TAMS 0x00000000e3700000, 0x00000000e3700000| Untracked 
|  56|0x00000000e3800000, 0x00000000e3800000, 0x00000000e3900000|  0%| F|  |TAMS 0x00000000e3800000, 0x00000000e3800000| Untracked 
|  57|0x00000000e3900000, 0x00000000e3900000, 0x00000000e3a00000|  0%| F|  |TAMS 0x00000000e3900000, 0x00000000e3900000| Untracked 
|  58|0x00000000e3a00000, 0x00000000e3a00000, 0x00000000e3b00000|  0%| F|  |TAMS 0x00000000e3a00000, 0x00000000e3a00000| Untracked 
|  59|0x00000000e3b00000, 0x00000000e3b00000, 0x00000000e3c00000|  0%| F|  |TAMS 0x00000000e3b00000, 0x00000000e3b00000| Untracked 
|  60|0x00000000e3c00000, 0x00000000e3c00000, 0x00000000e3d00000|  0%| F|  |TAMS 0x00000000e3c00000, 0x00000000e3c00000| Untracked 
|  61|0x00000000e3d00000, 0x00000000e3d00000, 0x00000000e3e00000|  0%| F|  |TAMS 0x00000000e3d00000, 0x00000000e3d00000| Untracked 
|  62|0x00000000e3e00000, 0x00000000e3e00000, 0x00000000e3f00000|  0%| F|  |TAMS 0x00000000e3e00000, 0x00000000e3e00000| Untracked 
|  63|0x00000000e3f00000, 0x00000000e3f00000, 0x00000000e4000000|  0%| F|  |TAMS 0x00000000e3f00000, 0x00000000e3f00000| Untracked 
|  64|0x00000000e4000000, 0x00000000e4000000, 0x00000000e4100000|  0%| F|  |TAMS 0x00000000e4000000, 0x00000000e4000000| Untracked 
|  65|0x00000000e4100000, 0x00000000e4100000, 0x00000000e4200000|  0%| F|  |TAMS 0x00000000e4100000, 0x00000000e4100000| Untracked 
|  66|0x00000000e4200000, 0x00000000e4200000, 0x00000000e4300000|  0%| F|  |TAMS 0x00000000e4200000, 0x00000000e4200000| Untracked 
|  67|0x00000000e4300000, 0x00000000e4300000, 0x00000000e4400000|  0%| F|  |TAMS 0x00000000e4300000, 0x00000000e4300000| Untracked 
|  68|0x00000000e4400000, 0x00000000e4400000, 0x00000000e4500000|  0%| F|  |TAMS 0x00000000e4400000, 0x00000000e4400000| Untracked 
|  69|0x00000000e4500000, 0x00000000e4500000, 0x00000000e4600000|  0%| F|  |TAMS 0x00000000e4500000, 0x00000000e4500000| Untracked 
|  70|0x00000000e4600000, 0x00000000e4600000, 0x00000000e4700000|  0%| F|  |TAMS 0x00000000e4600000, 0x00000000e4600000| Untracked 
|  71|0x00000000e4700000, 0x00000000e4700000, 0x00000000e4800000|  0%| F|  |TAMS 0x00000000e4700000, 0x00000000e4700000| Untracked 
|  72|0x00000000e4800000, 0x00000000e4800000, 0x00000000e4900000|  0%| F|  |TAMS 0x00000000e4800000, 0x00000000e4800000| Untracked 
|  73|0x00000000e4900000, 0x00000000e4900000, 0x00000000e4a00000|  0%| F|  |TAMS 0x00000000e4900000, 0x00000000e4900000| Untracked 
|  74|0x00000000e4a00000, 0x00000000e4a00000, 0x00000000e4b00000|  0%| F|  |TAMS 0x00000000e4a00000, 0x00000000e4a00000| Untracked 
|  75|0x00000000e4b00000, 0x00000000e4b00000, 0x00000000e4c00000|  0%| F|  |TAMS 0x00000000e4b00000, 0x00000000e4b00000| Untracked 
|  76|0x00000000e4c00000, 0x00000000e4c00000, 0x00000000e4d00000|  0%| F|  |TAMS 0x00000000e4c00000, 0x00000000e4c00000| Untracked 
|  77|0x00000000e4d00000, 0x00000000e4d00000, 0x00000000e4e00000|  0%| F|  |TAMS 0x00000000e4d00000, 0x00000000e4d00000| Untracked 
|  78|0x00000000e4e00000, 0x00000000e4e00000, 0x00000000e4f00000|  0%| F|  |TAMS 0x00000000e4e00000, 0x00000000e4e00000| Untracked 
|  79|0x00000000e4f00000, 0x00000000e4f00000, 0x00000000e5000000|  0%| F|  |TAMS 0x00000000e4f00000, 0x00000000e4f00000| Untracked 
|  80|0x00000000e5000000, 0x00000000e5000000, 0x00000000e5100000|  0%| F|  |TAMS 0x00000000e5000000, 0x00000000e5000000| Untracked 
|  81|0x00000000e5100000, 0x00000000e5100000, 0x00000000e5200000|  0%| F|  |TAMS 0x00000000e5100000, 0x00000000e5100000| Untracked 
|  82|0x00000000e5200000, 0x00000000e5200000, 0x00000000e5300000|  0%| F|  |TAMS 0x00000000e5200000, 0x00000000e5200000| Untracked 
|  83|0x00000000e5300000, 0x00000000e5300000, 0x00000000e5400000|  0%| F|  |TAMS 0x00000000e5300000, 0x00000000e5300000| Untracked 
|  84|0x00000000e5400000, 0x00000000e5400000, 0x00000000e5500000|  0%| F|  |TAMS 0x00000000e5400000, 0x00000000e5400000| Untracked 
|  85|0x00000000e5500000, 0x00000000e5500000, 0x00000000e5600000|  0%| F|  |TAMS 0x00000000e5500000, 0x00000000e5500000| Untracked 
|  86|0x00000000e5600000, 0x00000000e5600000, 0x00000000e5700000|  0%| F|  |TAMS 0x00000000e5600000, 0x00000000e5600000| Untracked 
|  87|0x00000000e5700000, 0x00000000e5700000, 0x00000000e5800000|  0%| F|  |TAMS 0x00000000e5700000, 0x00000000e5700000| Untracked 
|  88|0x00000000e5800000, 0x00000000e5800000, 0x00000000e5900000|  0%| F|  |TAMS 0x00000000e5800000, 0x00000000e5800000| Untracked 
|  89|0x00000000e5900000, 0x00000000e5900000, 0x00000000e5a00000|  0%| F|  |TAMS 0x00000000e5900000, 0x00000000e5900000| Untracked 
|  90|0x00000000e5a00000, 0x00000000e5a00000, 0x00000000e5b00000|  0%| F|  |TAMS 0x00000000e5a00000, 0x00000000e5a00000| Untracked 
|  91|0x00000000e5b00000, 0x00000000e5b00000, 0x00000000e5c00000|  0%| F|  |TAMS 0x00000000e5b00000, 0x00000000e5b00000| Untracked 
|  92|0x00000000e5c00000, 0x00000000e5c00000, 0x00000000e5d00000|  0%| F|  |TAMS 0x00000000e5c00000, 0x00000000e5c00000| Untracked 
|  93|0x00000000e5d00000, 0x00000000e5d00000, 0x00000000e5e00000|  0%| F|  |TAMS 0x00000000e5d00000, 0x00000000e5d00000| Untracked 
|  94|0x00000000e5e00000, 0x00000000e5e00000, 0x00000000e5f00000|  0%| F|  |TAMS 0x00000000e5e00000, 0x00000000e5e00000| Untracked 
|  95|0x00000000e5f00000, 0x00000000e5f00000, 0x00000000e6000000|  0%| F|  |TAMS 0x00000000e5f00000, 0x00000000e5f00000| Untracked 
|  96|0x00000000e6000000, 0x00000000e6000000, 0x00000000e6100000|  0%| F|  |TAMS 0x00000000e6000000, 0x00000000e6000000| Untracked 
|  97|0x00000000e6100000, 0x00000000e6100000, 0x00000000e6200000|  0%| F|  |TAMS 0x00000000e6100000, 0x00000000e6100000| Untracked 
|  98|0x00000000e6200000, 0x00000000e6200000, 0x00000000e6300000|  0%| F|  |TAMS 0x00000000e6200000, 0x00000000e6200000| Untracked 
|  99|0x00000000e6300000, 0x00000000e6300000, 0x00000000e6400000|  0%| F|  |TAMS 0x00000000e6300000, 0x00000000e6300000| Untracked 
| 100|0x00000000e6400000, 0x00000000e6400000, 0x00000000e6500000|  0%| F|  |TAMS 0x00000000e6400000, 0x00000000e6400000| Untracked 
| 101|0x00000000e6500000, 0x00000000e6500000, 0x00000000e6600000|  0%| F|  |TAMS 0x00000000e6500000, 0x00000000e6500000| Untracked 
| 102|0x00000000e6600000, 0x00000000e6600000, 0x00000000e6700000|  0%| F|  |TAMS 0x00000000e6600000, 0x00000000e6600000| Untracked 
| 103|0x00000000e6700000, 0x00000000e6700000, 0x00000000e6800000|  0%| F|  |TAMS 0x00000000e6700000, 0x00000000e6700000| Untracked 
| 104|0x00000000e6800000, 0x00000000e6800000, 0x00000000e6900000|  0%| F|  |TAMS 0x00000000e6800000, 0x00000000e6800000| Untracked 
| 105|0x00000000e6900000, 0x00000000e6900000, 0x00000000e6a00000|  0%| F|  |TAMS 0x00000000e6900000, 0x00000000e6900000| Untracked 
| 106|0x00000000e6a00000, 0x00000000e6a00000, 0x00000000e6b00000|  0%| F|  |TAMS 0x00000000e6a00000, 0x00000000e6a00000| Untracked 
| 107|0x00000000e6b00000, 0x00000000e6b00000, 0x00000000e6c00000|  0%| F|  |TAMS 0x00000000e6b00000, 0x00000000e6b00000| Untracked 
| 108|0x00000000e6c00000, 0x00000000e6c00000, 0x00000000e6d00000|  0%| F|  |TAMS 0x00000000e6c00000, 0x00000000e6c00000| Untracked 
| 109|0x00000000e6d00000, 0x00000000e6d00000, 0x00000000e6e00000|  0%| F|  |TAMS 0x00000000e6d00000, 0x00000000e6d00000| Untracked 
| 110|0x00000000e6e00000, 0x00000000e6e00000, 0x00000000e6f00000|  0%| F|  |TAMS 0x00000000e6e00000, 0x00000000e6e00000| Untracked 
| 111|0x00000000e6f00000, 0x00000000e6f00000, 0x00000000e7000000|  0%| F|  |TAMS 0x00000000e6f00000, 0x00000000e6f00000| Untracked 
| 112|0x00000000e7000000, 0x00000000e7000000, 0x00000000e7100000|  0%| F|  |TAMS 0x00000000e7000000, 0x00000000e7000000| Untracked 
| 113|0x00000000e7100000, 0x00000000e7100000, 0x00000000e7200000|  0%| F|  |TAMS 0x00000000e7100000, 0x00000000e7100000| Untracked 
| 114|0x00000000e7200000, 0x00000000e7200000, 0x00000000e7300000|  0%| F|  |TAMS 0x00000000e7200000, 0x00000000e7200000| Untracked 
| 115|0x00000000e7300000, 0x00000000e7300000, 0x00000000e7400000|  0%| F|  |TAMS 0x00000000e7300000, 0x00000000e7300000| Untracked 
| 116|0x00000000e7400000, 0x00000000e7400000, 0x00000000e7500000|  0%| F|  |TAMS 0x00000000e7400000, 0x00000000e7400000| Untracked 
| 117|0x00000000e7500000, 0x00000000e7500000, 0x00000000e7600000|  0%| F|  |TAMS 0x00000000e7500000, 0x00000000e7500000| Untracked 
| 118|0x00000000e7600000, 0x00000000e7600000, 0x00000000e7700000|  0%| F|  |TAMS 0x00000000e7600000, 0x00000000e7600000| Untracked 
| 119|0x00000000e7700000, 0x00000000e7700000, 0x00000000e7800000|  0%| F|  |TAMS 0x00000000e7700000, 0x00000000e7700000| Untracked 
| 120|0x00000000e7800000, 0x00000000e7800000, 0x00000000e7900000|  0%| F|  |TAMS 0x00000000e7800000, 0x00000000e7800000| Untracked 
| 121|0x00000000e7900000, 0x00000000e7900000, 0x00000000e7a00000|  0%| F|  |TAMS 0x00000000e7900000, 0x00000000e7900000| Untracked 
| 122|0x00000000e7a00000, 0x00000000e7a00000, 0x00000000e7b00000|  0%| F|  |TAMS 0x00000000e7a00000, 0x00000000e7a00000| Untracked 
| 123|0x00000000e7b00000, 0x00000000e7b00000, 0x00000000e7c00000|  0%| F|  |TAMS 0x00000000e7b00000, 0x00000000e7b00000| Untracked 
| 124|0x00000000e7c00000, 0x00000000e7c00000, 0x00000000e7d00000|  0%| F|  |TAMS 0x00000000e7c00000, 0x00000000e7c00000| Untracked 
| 125|0x00000000e7d00000, 0x00000000e7d00000, 0x00000000e7e00000|  0%| F|  |TAMS 0x00000000e7d00000, 0x00000000e7d00000| Untracked 
| 126|0x00000000e7e00000, 0x00000000e7e00000, 0x00000000e7f00000|  0%| F|  |TAMS 0x00000000e7e00000, 0x00000000e7e00000| Untracked 
| 127|0x00000000e7f00000, 0x00000000e7f00000, 0x00000000e8000000|  0%| F|  |TAMS 0x00000000e7f00000, 0x00000000e7f00000| Untracked 
| 128|0x00000000e8000000, 0x00000000e8000000, 0x00000000e8100000|  0%| F|  |TAMS 0x00000000e8000000, 0x00000000e8000000| Untracked 
| 129|0x00000000e8100000, 0x00000000e8100000, 0x00000000e8200000|  0%| F|  |TAMS 0x00000000e8100000, 0x00000000e8100000| Untracked 
| 130|0x00000000e8200000, 0x00000000e8200000, 0x00000000e8300000|  0%| F|  |TAMS 0x00000000e8200000, 0x00000000e8200000| Untracked 
| 131|0x00000000e8300000, 0x00000000e8300000, 0x00000000e8400000|  0%| F|  |TAMS 0x00000000e8300000, 0x00000000e8300000| Untracked 
| 132|0x00000000e8400000, 0x00000000e8400000, 0x00000000e8500000|  0%| F|  |TAMS 0x00000000e8400000, 0x00000000e8400000| Untracked 
| 133|0x00000000e8500000, 0x00000000e8500000, 0x00000000e8600000|  0%| F|  |TAMS 0x00000000e8500000, 0x00000000e8500000| Untracked 
| 134|0x00000000e8600000, 0x00000000e8600000, 0x00000000e8700000|  0%| F|  |TAMS 0x00000000e8600000, 0x00000000e8600000| Untracked 
| 135|0x00000000e8700000, 0x00000000e8700000, 0x00000000e8800000|  0%| F|  |TAMS 0x00000000e8700000, 0x00000000e8700000| Untracked 
| 136|0x00000000e8800000, 0x00000000e8800000, 0x00000000e8900000|  0%| F|  |TAMS 0x00000000e8800000, 0x00000000e8800000| Untracked 
| 137|0x00000000e8900000, 0x00000000e8900000, 0x00000000e8a00000|  0%| F|  |TAMS 0x00000000e8900000, 0x00000000e8900000| Untracked 
| 138|0x00000000e8a00000, 0x00000000e8a00000, 0x00000000e8b00000|  0%| F|  |TAMS 0x00000000e8a00000, 0x00000000e8a00000| Untracked 
| 139|0x00000000e8b00000, 0x00000000e8b00000, 0x00000000e8c00000|  0%| F|  |TAMS 0x00000000e8b00000, 0x00000000e8b00000| Untracked 
| 140|0x00000000e8c00000, 0x00000000e8c00000, 0x00000000e8d00000|  0%| F|  |TAMS 0x00000000e8c00000, 0x00000000e8c00000| Untracked 
| 141|0x00000000e8d00000, 0x00000000e8d00000, 0x00000000e8e00000|  0%| F|  |TAMS 0x00000000e8d00000, 0x00000000e8d00000| Untracked 
| 142|0x00000000e8e00000, 0x00000000e8e00000, 0x00000000e8f00000|  0%| F|  |TAMS 0x00000000e8e00000, 0x00000000e8e00000| Untracked 
| 143|0x00000000e8f00000, 0x00000000e8f00000, 0x00000000e9000000|  0%| F|  |TAMS 0x00000000e8f00000, 0x00000000e8f00000| Untracked 
| 144|0x00000000e9000000, 0x00000000e9000000, 0x00000000e9100000|  0%| F|  |TAMS 0x00000000e9000000, 0x00000000e9000000| Untracked 
| 145|0x00000000e9100000, 0x00000000e9100000, 0x00000000e9200000|  0%| F|  |TAMS 0x00000000e9100000, 0x00000000e9100000| Untracked 
| 146|0x00000000e9200000, 0x00000000e9200000, 0x00000000e9300000|  0%| F|  |TAMS 0x00000000e9200000, 0x00000000e9200000| Untracked 
| 147|0x00000000e9300000, 0x00000000e9300000, 0x00000000e9400000|  0%| F|  |TAMS 0x00000000e9300000, 0x00000000e9300000| Untracked 
| 148|0x00000000e9400000, 0x00000000e9400000, 0x00000000e9500000|  0%| F|  |TAMS 0x00000000e9400000, 0x00000000e9400000| Untracked 
| 149|0x00000000e9500000, 0x00000000e9500000, 0x00000000e9600000|  0%| F|  |TAMS 0x00000000e9500000, 0x00000000e9500000| Untracked 
| 150|0x00000000e9600000, 0x00000000e9600000, 0x00000000e9700000|  0%| F|  |TAMS 0x00000000e9600000, 0x00000000e9600000| Untracked 
| 151|0x00000000e9700000, 0x00000000e9700000, 0x00000000e9800000|  0%| F|  |TAMS 0x00000000e9700000, 0x00000000e9700000| Untracked 
| 152|0x00000000e9800000, 0x00000000e9800000, 0x00000000e9900000|  0%| F|  |TAMS 0x00000000e9800000, 0x00000000e9800000| Untracked 
| 153|0x00000000e9900000, 0x00000000e9900000, 0x00000000e9a00000|  0%| F|  |TAMS 0x00000000e9900000, 0x00000000e9900000| Untracked 
| 154|0x00000000e9a00000, 0x00000000e9a00000, 0x00000000e9b00000|  0%| F|  |TAMS 0x00000000e9a00000, 0x00000000e9a00000| Untracked 
| 155|0x00000000e9b00000, 0x00000000e9b00000, 0x00000000e9c00000|  0%| F|  |TAMS 0x00000000e9b00000, 0x00000000e9b00000| Untracked 
| 156|0x00000000e9c00000, 0x00000000e9c00000, 0x00000000e9d00000|  0%| F|  |TAMS 0x00000000e9c00000, 0x00000000e9c00000| Untracked 
| 157|0x00000000e9d00000, 0x00000000e9d00000, 0x00000000e9e00000|  0%| F|  |TAMS 0x00000000e9d00000, 0x00000000e9d00000| Untracked 
| 158|0x00000000e9e00000, 0x00000000e9e00000, 0x00000000e9f00000|  0%| F|  |TAMS 0x00000000e9e00000, 0x00000000e9e00000| Untracked 
| 159|0x00000000e9f00000, 0x00000000e9f00000, 0x00000000ea000000|  0%| F|  |TAMS 0x00000000e9f00000, 0x00000000e9f00000| Untracked 
| 160|0x00000000ea000000, 0x00000000ea000000, 0x00000000ea100000|  0%| F|  |TAMS 0x00000000ea000000, 0x00000000ea000000| Untracked 
| 161|0x00000000ea100000, 0x00000000ea100000, 0x00000000ea200000|  0%| F|  |TAMS 0x00000000ea100000, 0x00000000ea100000| Untracked 
| 162|0x00000000ea200000, 0x00000000ea200000, 0x00000000ea300000|  0%| F|  |TAMS 0x00000000ea200000, 0x00000000ea200000| Untracked 
| 163|0x00000000ea300000, 0x00000000ea300000, 0x00000000ea400000|  0%| F|  |TAMS 0x00000000ea300000, 0x00000000ea300000| Untracked 
| 164|0x00000000ea400000, 0x00000000ea400000, 0x00000000ea500000|  0%| F|  |TAMS 0x00000000ea400000, 0x00000000ea400000| Untracked 
| 165|0x00000000ea500000, 0x00000000ea500000, 0x00000000ea600000|  0%| F|  |TAMS 0x00000000ea500000, 0x00000000ea500000| Untracked 
| 166|0x00000000ea600000, 0x00000000ea600000, 0x00000000ea700000|  0%| F|  |TAMS 0x00000000ea600000, 0x00000000ea600000| Untracked 
| 167|0x00000000ea700000, 0x00000000ea700000, 0x00000000ea800000|  0%| F|  |TAMS 0x00000000ea700000, 0x00000000ea700000| Untracked 
| 168|0x00000000ea800000, 0x00000000ea800000, 0x00000000ea900000|  0%| F|  |TAMS 0x00000000ea800000, 0x00000000ea800000| Untracked 
| 169|0x00000000ea900000, 0x00000000ea900000, 0x00000000eaa00000|  0%| F|  |TAMS 0x00000000ea900000, 0x00000000ea900000| Untracked 
| 170|0x00000000eaa00000, 0x00000000eaa00000, 0x00000000eab00000|  0%| F|  |TAMS 0x00000000eaa00000, 0x00000000eaa00000| Untracked 
| 171|0x00000000eab00000, 0x00000000eab00000, 0x00000000eac00000|  0%| F|  |TAMS 0x00000000eab00000, 0x00000000eab00000| Untracked 
| 172|0x00000000eac00000, 0x00000000eac00000, 0x00000000ead00000|  0%| F|  |TAMS 0x00000000eac00000, 0x00000000eac00000| Untracked 
| 173|0x00000000ead00000, 0x00000000ead00000, 0x00000000eae00000|  0%| F|  |TAMS 0x00000000ead00000, 0x00000000ead00000| Untracked 
| 174|0x00000000eae00000, 0x00000000eae00000, 0x00000000eaf00000|  0%| F|  |TAMS 0x00000000eae00000, 0x00000000eae00000| Untracked 
| 175|0x00000000eaf00000, 0x00000000eaf00000, 0x00000000eb000000|  0%| F|  |TAMS 0x00000000eaf00000, 0x00000000eaf00000| Untracked 
| 176|0x00000000eb000000, 0x00000000eb000000, 0x00000000eb100000|  0%| F|  |TAMS 0x00000000eb000000, 0x00000000eb000000| Untracked 
| 177|0x00000000eb100000, 0x00000000eb100000, 0x00000000eb200000|  0%| F|  |TAMS 0x00000000eb100000, 0x00000000eb100000| Untracked 
| 178|0x00000000eb200000, 0x00000000eb200000, 0x00000000eb300000|  0%| F|  |TAMS 0x00000000eb200000, 0x00000000eb200000| Untracked 
| 179|0x00000000eb300000, 0x00000000eb300000, 0x00000000eb400000|  0%| F|  |TAMS 0x00000000eb300000, 0x00000000eb300000| Untracked 
| 180|0x00000000eb400000, 0x00000000eb400000, 0x00000000eb500000|  0%| F|  |TAMS 0x00000000eb400000, 0x00000000eb400000| Untracked 
| 181|0x00000000eb500000, 0x00000000eb500000, 0x00000000eb600000|  0%| F|  |TAMS 0x00000000eb500000, 0x00000000eb500000| Untracked 
| 182|0x00000000eb600000, 0x00000000eb600000, 0x00000000eb700000|  0%| F|  |TAMS 0x00000000eb600000, 0x00000000eb600000| Untracked 
| 183|0x00000000eb700000, 0x00000000eb700000, 0x00000000eb800000|  0%| F|  |TAMS 0x00000000eb700000, 0x00000000eb700000| Untracked 
| 184|0x00000000eb800000, 0x00000000eb800000, 0x00000000eb900000|  0%| F|  |TAMS 0x00000000eb800000, 0x00000000eb800000| Untracked 
| 185|0x00000000eb900000, 0x00000000eb900000, 0x00000000eba00000|  0%| F|  |TAMS 0x00000000eb900000, 0x00000000eb900000| Untracked 
| 186|0x00000000eba00000, 0x00000000eba00000, 0x00000000ebb00000|  0%| F|  |TAMS 0x00000000eba00000, 0x00000000eba00000| Untracked 
| 187|0x00000000ebb00000, 0x00000000ebb00000, 0x00000000ebc00000|  0%| F|  |TAMS 0x00000000ebb00000, 0x00000000ebb00000| Untracked 
| 188|0x00000000ebc00000, 0x00000000ebc00000, 0x00000000ebd00000|  0%| F|  |TAMS 0x00000000ebc00000, 0x00000000ebc00000| Untracked 
| 189|0x00000000ebd00000, 0x00000000ebd00000, 0x00000000ebe00000|  0%| F|  |TAMS 0x00000000ebd00000, 0x00000000ebd00000| Untracked 
| 190|0x00000000ebe00000, 0x00000000ebe00000, 0x00000000ebf00000|  0%| F|  |TAMS 0x00000000ebe00000, 0x00000000ebe00000| Untracked 
| 191|0x00000000ebf00000, 0x00000000ebf00000, 0x00000000ec000000|  0%| F|  |TAMS 0x00000000ebf00000, 0x00000000ebf00000| Untracked 
| 192|0x00000000ec000000, 0x00000000ec000000, 0x00000000ec100000|  0%| F|  |TAMS 0x00000000ec000000, 0x00000000ec000000| Untracked 
| 193|0x00000000ec100000, 0x00000000ec100000, 0x00000000ec200000|  0%| F|  |TAMS 0x00000000ec100000, 0x00000000ec100000| Untracked 
| 194|0x00000000ec200000, 0x00000000ec200000, 0x00000000ec300000|  0%| F|  |TAMS 0x00000000ec200000, 0x00000000ec200000| Untracked 
| 195|0x00000000ec300000, 0x00000000ec300000, 0x00000000ec400000|  0%| F|  |TAMS 0x00000000ec300000, 0x00000000ec300000| Untracked 
| 196|0x00000000ec400000, 0x00000000ec400000, 0x00000000ec500000|  0%| F|  |TAMS 0x00000000ec400000, 0x00000000ec400000| Untracked 
| 197|0x00000000ec500000, 0x00000000ec500000, 0x00000000ec600000|  0%| F|  |TAMS 0x00000000ec500000, 0x00000000ec500000| Untracked 
| 198|0x00000000ec600000, 0x00000000ec600000, 0x00000000ec700000|  0%| F|  |TAMS 0x00000000ec600000, 0x00000000ec600000| Untracked 
| 199|0x00000000ec700000, 0x00000000ec700000, 0x00000000ec800000|  0%| F|  |TAMS 0x00000000ec700000, 0x00000000ec700000| Untracked 
| 200|0x00000000ec800000, 0x00000000ec800000, 0x00000000ec900000|  0%| F|  |TAMS 0x00000000ec800000, 0x00000000ec800000| Untracked 
| 201|0x00000000ec900000, 0x00000000ec900000, 0x00000000eca00000|  0%| F|  |TAMS 0x00000000ec900000, 0x00000000ec900000| Untracked 
| 202|0x00000000eca00000, 0x00000000eca00000, 0x00000000ecb00000|  0%| F|  |TAMS 0x00000000eca00000, 0x00000000eca00000| Untracked 
| 203|0x00000000ecb00000, 0x00000000ecb00000, 0x00000000ecc00000|  0%| F|  |TAMS 0x00000000ecb00000, 0x00000000ecb00000| Untracked 
| 204|0x00000000ecc00000, 0x00000000ecc00000, 0x00000000ecd00000|  0%| F|  |TAMS 0x00000000ecc00000, 0x00000000ecc00000| Untracked 
| 205|0x00000000ecd00000, 0x00000000ecd00000, 0x00000000ece00000|  0%| F|  |TAMS 0x00000000ecd00000, 0x00000000ecd00000| Untracked 
| 206|0x00000000ece00000, 0x00000000ece00000, 0x00000000ecf00000|  0%| F|  |TAMS 0x00000000ece00000, 0x00000000ece00000| Untracked 
| 207|0x00000000ecf00000, 0x00000000ecf00000, 0x00000000ed000000|  0%| F|  |TAMS 0x00000000ecf00000, 0x00000000ecf00000| Untracked 
| 208|0x00000000ed000000, 0x00000000ed000000, 0x00000000ed100000|  0%| F|  |TAMS 0x00000000ed000000, 0x00000000ed000000| Untracked 
| 209|0x00000000ed100000, 0x00000000ed100000, 0x00000000ed200000|  0%| F|  |TAMS 0x00000000ed100000, 0x00000000ed100000| Untracked 
| 210|0x00000000ed200000, 0x00000000ed200000, 0x00000000ed300000|  0%| F|  |TAMS 0x00000000ed200000, 0x00000000ed200000| Untracked 
| 211|0x00000000ed300000, 0x00000000ed300000, 0x00000000ed400000|  0%| F|  |TAMS 0x00000000ed300000, 0x00000000ed300000| Untracked 
| 212|0x00000000ed400000, 0x00000000ed400000, 0x00000000ed500000|  0%| F|  |TAMS 0x00000000ed400000, 0x00000000ed400000| Untracked 
| 213|0x00000000ed500000, 0x00000000ed500000, 0x00000000ed600000|  0%| F|  |TAMS 0x00000000ed500000, 0x00000000ed500000| Untracked 
| 214|0x00000000ed600000, 0x00000000ed600000, 0x00000000ed700000|  0%| F|  |TAMS 0x00000000ed600000, 0x00000000ed600000| Untracked 
| 215|0x00000000ed700000, 0x00000000ed700000, 0x00000000ed800000|  0%| F|  |TAMS 0x00000000ed700000, 0x00000000ed700000| Untracked 
| 216|0x00000000ed800000, 0x00000000ed800000, 0x00000000ed900000|  0%| F|  |TAMS 0x00000000ed800000, 0x00000000ed800000| Untracked 
| 217|0x00000000ed900000, 0x00000000ed900000, 0x00000000eda00000|  0%| F|  |TAMS 0x00000000ed900000, 0x00000000ed900000| Untracked 
| 218|0x00000000eda00000, 0x00000000eda00000, 0x00000000edb00000|  0%| F|  |TAMS 0x00000000eda00000, 0x00000000eda00000| Untracked 
| 219|0x00000000edb00000, 0x00000000edb00000, 0x00000000edc00000|  0%| F|  |TAMS 0x00000000edb00000, 0x00000000edb00000| Untracked 
| 220|0x00000000edc00000, 0x00000000edc00000, 0x00000000edd00000|  0%| F|  |TAMS 0x00000000edc00000, 0x00000000edc00000| Untracked 
| 221|0x00000000edd00000, 0x00000000edd00000, 0x00000000ede00000|  0%| F|  |TAMS 0x00000000edd00000, 0x00000000edd00000| Untracked 
| 222|0x00000000ede00000, 0x00000000ede00000, 0x00000000edf00000|  0%| F|  |TAMS 0x00000000ede00000, 0x00000000ede00000| Untracked 
| 223|0x00000000edf00000, 0x00000000edf00000, 0x00000000ee000000|  0%| F|  |TAMS 0x00000000edf00000, 0x00000000edf00000| Untracked 
| 224|0x00000000ee000000, 0x00000000ee000000, 0x00000000ee100000|  0%| F|  |TAMS 0x00000000ee000000, 0x00000000ee000000| Untracked 
| 225|0x00000000ee100000, 0x00000000ee100000, 0x00000000ee200000|  0%| F|  |TAMS 0x00000000ee100000, 0x00000000ee100000| Untracked 
| 226|0x00000000ee200000, 0x00000000ee200000, 0x00000000ee300000|  0%| F|  |TAMS 0x00000000ee200000, 0x00000000ee200000| Untracked 
| 227|0x00000000ee300000, 0x00000000ee300000, 0x00000000ee400000|  0%| F|  |TAMS 0x00000000ee300000, 0x00000000ee300000| Untracked 
| 228|0x00000000ee400000, 0x00000000ee400000, 0x00000000ee500000|  0%| F|  |TAMS 0x00000000ee400000, 0x00000000ee400000| Untracked 
| 229|0x00000000ee500000, 0x00000000ee500000, 0x00000000ee600000|  0%| F|  |TAMS 0x00000000ee500000, 0x00000000ee500000| Untracked 
| 230|0x00000000ee600000, 0x00000000ee600000, 0x00000000ee700000|  0%| F|  |TAMS 0x00000000ee600000, 0x00000000ee600000| Untracked 
| 231|0x00000000ee700000, 0x00000000ee703608, 0x00000000ee800000|  1%| E|  |TAMS 0x00000000ee700000, 0x00000000ee700000| Complete 
| 232|0x00000000ee800000, 0x00000000ee900000, 0x00000000ee900000|100%| E|CS|TAMS 0x00000000ee800000, 0x00000000ee800000| Complete 
| 233|0x00000000ee900000, 0x00000000eea00000, 0x00000000eea00000|100%| E|CS|TAMS 0x00000000ee900000, 0x00000000ee900000| Complete 
| 234|0x00000000eea00000, 0x00000000eeb00000, 0x00000000eeb00000|100%| E|CS|TAMS 0x00000000eea00000, 0x00000000eea00000| Complete 
| 235|0x00000000eeb00000, 0x00000000eec00000, 0x00000000eec00000|100%| E|CS|TAMS 0x00000000eeb00000, 0x00000000eeb00000| Complete 
| 236|0x00000000eec00000, 0x00000000eed00000, 0x00000000eed00000|100%| E|CS|TAMS 0x00000000eec00000, 0x00000000eec00000| Complete 
| 237|0x00000000eed00000, 0x00000000eee00000, 0x00000000eee00000|100%| E|CS|TAMS 0x00000000eed00000, 0x00000000eed00000| Complete 
| 238|0x00000000eee00000, 0x00000000eef00000, 0x00000000eef00000|100%| E|CS|TAMS 0x00000000eee00000, 0x00000000eee00000| Complete 
| 239|0x00000000eef00000, 0x00000000ef000000, 0x00000000ef000000|100%| E|CS|TAMS 0x00000000eef00000, 0x00000000eef00000| Complete 
| 240|0x00000000ef000000, 0x00000000ef100000, 0x00000000ef100000|100%| E|  |TAMS 0x00000000ef000000, 0x00000000ef000000| Complete 
| 241|0x00000000ef100000, 0x00000000ef200000, 0x00000000ef200000|100%| E|CS|TAMS 0x00000000ef100000, 0x00000000ef100000| Complete 
| 242|0x00000000ef200000, 0x00000000ef300000, 0x00000000ef300000|100%| E|CS|TAMS 0x00000000ef200000, 0x00000000ef200000| Complete 
| 243|0x00000000ef300000, 0x00000000ef400000, 0x00000000ef400000|100%| E|CS|TAMS 0x00000000ef300000, 0x00000000ef300000| Complete 
| 244|0x00000000ef400000, 0x00000000ef500000, 0x00000000ef500000|100%| E|CS|TAMS 0x00000000ef400000, 0x00000000ef400000| Complete 
| 245|0x00000000ef500000, 0x00000000ef600000, 0x00000000ef600000|100%| E|CS|TAMS 0x00000000ef500000, 0x00000000ef500000| Complete 
| 246|0x00000000ef600000, 0x00000000ef700000, 0x00000000ef700000|100%| E|CS|TAMS 0x00000000ef600000, 0x00000000ef600000| Complete 
| 247|0x00000000ef700000, 0x00000000ef800000, 0x00000000ef800000|100%| E|CS|TAMS 0x00000000ef700000, 0x00000000ef700000| Complete 
| 248|0x00000000ef800000, 0x00000000ef8d42d8, 0x00000000ef900000| 82%| S|CS|TAMS 0x00000000ef800000, 0x00000000ef800000| Complete 
| 249|0x00000000ef900000, 0x00000000efa00000, 0x00000000efa00000|100%| E|CS|TAMS 0x00000000ef900000, 0x00000000ef900000| Complete 
| 250|0x00000000efa00000, 0x00000000efb00000, 0x00000000efb00000|100%| E|CS|TAMS 0x00000000efa00000, 0x00000000efa00000| Complete 
| 251|0x00000000efb00000, 0x00000000efc00000, 0x00000000efc00000|100%| E|CS|TAMS 0x00000000efb00000, 0x00000000efb00000| Complete 
| 252|0x00000000efc00000, 0x00000000efd00000, 0x00000000efd00000|100%| E|CS|TAMS 0x00000000efc00000, 0x00000000efc00000| Complete 
| 253|0x00000000efd00000, 0x00000000efe00000, 0x00000000efe00000|100%| E|CS|TAMS 0x00000000efd00000, 0x00000000efd00000| Complete 
| 254|0x00000000efe00000, 0x00000000eff00000, 0x00000000eff00000|100%| E|CS|TAMS 0x00000000efe00000, 0x00000000efe00000| Complete 
| 255|0x00000000eff00000, 0x00000000f0000000, 0x00000000f0000000|100%| E|CS|TAMS 0x00000000eff00000, 0x00000000eff00000| Complete 

Card table byte_map: [0x0000017ef70d0000,0x0000017ef71d0000] _byte_map_base: 0x0000017ef69d0000

Marking Bits (Prev, Next): (CMBitMap*) 0x0000017ee05b7b00, (CMBitMap*) 0x0000017ee05b7b40
 Prev Bits: [0x0000017ef72d0000, 0x0000017ef7ad0000)
 Next Bits: [0x0000017ef7ad0000, 0x0000017ef82d0000)

Polling page: 0x0000017edfd40000

Metaspace:

Usage:
  Non-class:     39.80 MB used.
      Class:      6.49 MB used.
       Both:     46.30 MB used.

Virtual space:
  Non-class space:       64.00 MB reserved,      40.06 MB ( 63%) committed,  1 nodes.
      Class space:      320.00 MB reserved,       6.75 MB (  2%) committed,  1 nodes.
             Both:      384.00 MB reserved,      46.81 MB ( 12%) committed. 

Chunk freelists:
   Non-Class:  7.39 MB
       Class:  9.08 MB
        Both:  16.46 MB

MaxMetaspaceSize: 384.00 MB
CompressedClassSpaceSize: 320.00 MB
Initial GC threshold: 21.00 MB
Current GC threshold: 58.69 MB
CDS: on
MetaspaceReclaimPolicy: balanced
 - commit_granule_bytes: 65536.
 - commit_granule_words: 8192.
 - virtual_space_node_default_size: 8388608.
 - enlarge_chunks_in_place: 1.
 - new_chunks_are_fully_committed: 0.
 - uncommit_free_chunks: 1.
 - use_allocation_guard: 0.
 - handle_deallocations: 1.


Internal statistics:

num_allocs_failed_limit: 6.
num_arena_births: 548.
num_arena_deaths: 0.
num_vsnodes_births: 2.
num_vsnodes_deaths: 0.
num_space_committed: 749.
num_space_uncommitted: 0.
num_chunks_returned_to_freelist: 6.
num_chunks_taken_from_freelist: 2450.
num_chunk_merges: 6.
num_chunk_splits: 1606.
num_chunks_enlarged: 1089.
num_inconsistent_stats: 0.

CodeHeap 'non-profiled nmethods': size=120000Kb used=3186Kb max_used=3190Kb free=116813Kb
 bounds [0x0000017eefba0000, 0x0000017eefec0000, 0x0000017ef70d0000]
CodeHeap 'profiled nmethods': size=120000Kb used=10574Kb max_used=10574Kb free=109426Kb
 bounds [0x0000017ee80d0000, 0x0000017ee8b30000, 0x0000017eef600000]
CodeHeap 'non-nmethods': size=5760Kb used=2322Kb max_used=2377Kb free=3437Kb
 bounds [0x0000017eef600000, 0x0000017eef870000, 0x0000017eefba0000]
 total_blobs=6369 nmethods=5524 adapters=758
 compilation: enabled
              stopped_count=0, restarted_count=0
 full_count=0

Compilation events (20 events):
Event: 222.282 Thread 0x0000017efa8ced50 nmethod 6331 0x0000017eefcd8e90 code [0x0000017eefcd9060, 0x0000017eefcd9e08]
Event: 222.283 Thread 0x0000017efa8ced50 6332       4       sun.invoke.util.VerifyAccess::isClassAccessible (230 bytes)
Event: 222.299 Thread 0x0000017efa8ced50 nmethod 6332 0x0000017eefcd7f10 code [0x0000017eefcd8120, 0x0000017eefcd8730]
Event: 222.303 Thread 0x0000017efa919730 6333       3       org.gradle.internal.instantiation.generator.AsmBackedClassGenerator$ClassBuilderImpl::access$6000 (4 bytes)
Event: 222.304 Thread 0x0000017efa919730 nmethod 6333 0x0000017ee8591f90 code [0x0000017ee8592120, 0x0000017ee8592218]
Event: 222.327 Thread 0x0000017efa919730 6334       3       org.gradle.model.internal.asm.MethodVisitorScope::_INVOKESPECIAL (9 bytes)
Event: 222.327 Thread 0x0000017efa919730 nmethod 6334 0x0000017ee8b20990 code [0x0000017ee8b20b20, 0x0000017ee8b20ce8]
Event: 222.343 Thread 0x0000017efa8ced50 6335       4       java.lang.invoke.MethodHandleNatives::refKindIsField (32 bytes)
Event: 222.343 Thread 0x0000017efa8ced50 nmethod 6335 0x0000017eefcd7c10 code [0x0000017eefcd7d80, 0x0000017eefcd7df8]
Event: 222.365 Thread 0x0000017efa919730 6336       1       org.gradle.internal.typeconversion.TypeInfo::getTargetType (5 bytes)
Event: 222.365 Thread 0x0000017efa919730 nmethod 6336 0x0000017eefcd7910 code [0x0000017eefcd7aa0, 0x0000017eefcd7b78]
Event: 222.383 Thread 0x0000017efa919730 6337   !   3       org.gradle.internal.instantiation.generator.AsmBackedClassGenerator$InvokeConstructorStrategy::newInstance (66 bytes)
Event: 222.385 Thread 0x0000017efa919730 nmethod 6337 0x0000017ee8b20d90 code [0x0000017ee8b20fe0, 0x0000017ee8b21b18]
Event: 222.430 Thread 0x0000017efa919730 6338       3       org.gradle.internal.instantiation.generator.AsmBackedClassGenerator$ClassBuilderImpl$$Lambda$152/0x0000017e811d0dc0::<init> (50 bytes)
Event: 222.430 Thread 0x0000017efa919730 nmethod 6338 0x0000017ee8b21f10 code [0x0000017ee8b220c0, 0x0000017ee8b22478]
Event: 222.492 Thread 0x0000017efa8ced50 6339       4       org.gradle.internal.service.DefaultServiceRegistry$ClassInspector$ClassDetails::collectTypes (63 bytes)
Event: 222.516 Thread 0x0000017efa919730 6340       3       org.gradle.internal.instantiation.generator.DependencyInjectingInstantiator::verifyParameters (175 bytes)
Event: 222.519 Thread 0x0000017efa919730 nmethod 6340 0x0000017ee8b22590 code [0x0000017ee8b228c0, 0x0000017ee8b23b48]
Event: 222.539 Thread 0x0000017efa919730 6341       3       org.gradle.internal.event.DefaultListenerManager$EventBroadcast$ListenerDispatch::<init> (16 bytes)
Event: 222.539 Thread 0x0000017efa919730 nmethod 6341 0x0000017ee8b24190 code [0x0000017ee8b24340, 0x0000017ee8b245d8]

GC Heap History (20 events):
Event: 112.752 GC heap before
{Heap before GC invocations=5 (full 0):
 garbage-first heap   total 262144K, used 107659K [0x00000000e0000000, 0x0000000100000000)
  region size 1024K, 85 young (87040K), 3 survivors (3072K)
 Metaspace       used 31553K, committed 32000K, reserved 393216K
  class space    used 4444K, committed 4608K, reserved 327680K
}
Event: 114.934 GC heap after
{Heap after GC invocations=6 (full 0):
 garbage-first heap   total 262144K, used 30049K [0x00000000e0000000, 0x0000000100000000)
  region size 1024K, 8 young (8192K), 8 survivors (8192K)
 Metaspace       used 31553K, committed 32000K, reserved 393216K
  class space    used 4444K, committed 4608K, reserved 327680K
}
Event: 118.046 GC heap before
{Heap before GC invocations=6 (full 0):
 garbage-first heap   total 262144K, used 33121K [0x00000000e0000000, 0x0000000100000000)
  region size 1024K, 12 young (12288K), 8 survivors (8192K)
 Metaspace       used 31870K, committed 32256K, reserved 393216K
  class space    used 4486K, committed 4672K, reserved 327680K
}
Event: 118.075 GC heap after
{Heap after GC invocations=7 (full 0):
 garbage-first heap   total 262144K, used 30015K [0x00000000e0000000, 0x0000000100000000)
  region size 1024K, 1 young (1024K), 1 survivors (1024K)
 Metaspace       used 31870K, committed 32256K, reserved 393216K
  class space    used 4486K, committed 4672K, reserved 327680K
}
Event: 129.304 GC heap before
{Heap before GC invocations=7 (full 0):
 garbage-first heap   total 262144K, used 46399K [0x00000000e0000000, 0x0000000100000000)
  region size 1024K, 12 young (12288K), 1 survivors (1024K)
 Metaspace       used 33592K, committed 33984K, reserved 393216K
  class space    used 4618K, committed 4800K, reserved 327680K
}
Event: 129.317 GC heap after
{Heap after GC invocations=8 (full 0):
 garbage-first heap   total 262144K, used 30393K [0x00000000e0000000, 0x0000000100000000)
  region size 1024K, 2 young (2048K), 2 survivors (2048K)
 Metaspace       used 33592K, committed 33984K, reserved 393216K
  class space    used 4618K, committed 4800K, reserved 327680K
}
Event: 133.661 GC heap before
{Heap before GC invocations=8 (full 0):
 garbage-first heap   total 262144K, used 40633K [0x00000000e0000000, 0x0000000100000000)
  region size 1024K, 12 young (12288K), 2 survivors (2048K)
 Metaspace       used 34688K, committed 35136K, reserved 393216K
  class space    used 4791K, committed 4992K, reserved 327680K
}
Event: 133.736 GC heap after
{Heap after GC invocations=9 (full 0):
 garbage-first heap   total 262144K, used 30836K [0x00000000e0000000, 0x0000000100000000)
  region size 1024K, 2 young (2048K), 2 survivors (2048K)
 Metaspace       used 34688K, committed 35136K, reserved 393216K
  class space    used 4791K, committed 4992K, reserved 327680K
}
Event: 138.568 GC heap before
{Heap before GC invocations=9 (full 0):
 garbage-first heap   total 262144K, used 39028K [0x00000000e0000000, 0x0000000100000000)
  region size 1024K, 11 young (11264K), 2 survivors (2048K)
 Metaspace       used 35582K, committed 35968K, reserved 393216K
  class space    used 4927K, committed 5120K, reserved 327680K
}
Event: 138.594 GC heap after
{Heap after GC invocations=10 (full 0):
 garbage-first heap   total 262144K, used 31400K [0x00000000e0000000, 0x0000000100000000)
  region size 1024K, 1 young (1024K), 1 survivors (1024K)
 Metaspace       used 35582K, committed 35968K, reserved 393216K
  class space    used 4927K, committed 5120K, reserved 327680K
}
Event: 143.390 GC heap before
{Heap before GC invocations=11 (full 0):
 garbage-first heap   total 262144K, used 43688K [0x00000000e0000000, 0x0000000100000000)
  region size 1024K, 13 young (13312K), 1 survivors (1024K)
 Metaspace       used 37057K, committed 37568K, reserved 393216K
  class space    used 5172K, committed 5376K, reserved 327680K
}
Event: 143.423 GC heap after
{Heap after GC invocations=12 (full 0):
 garbage-first heap   total 262144K, used 31941K [0x00000000e0000000, 0x0000000100000000)
  region size 1024K, 2 young (2048K), 2 survivors (2048K)
 Metaspace       used 37057K, committed 37568K, reserved 393216K
  class space    used 5172K, committed 5376K, reserved 327680K
}
Event: 150.774 GC heap before
{Heap before GC invocations=12 (full 0):
 garbage-first heap   total 262144K, used 49349K [0x00000000e0000000, 0x0000000100000000)
  region size 1024K, 19 young (19456K), 2 survivors (2048K)
 Metaspace       used 38942K, committed 39424K, reserved 393216K
  class space    used 5471K, committed 5696K, reserved 327680K
}
Event: 150.851 GC heap after
{Heap after GC invocations=13 (full 0):
 garbage-first heap   total 262144K, used 32695K [0x00000000e0000000, 0x0000000100000000)
  region size 1024K, 3 young (3072K), 3 survivors (3072K)
 Metaspace       used 38942K, committed 39424K, reserved 393216K
  class space    used 5471K, committed 5696K, reserved 327680K
}
Event: 160.810 GC heap before
{Heap before GC invocations=13 (full 0):
 garbage-first heap   total 262144K, used 46007K [0x00000000e0000000, 0x0000000100000000)
  region size 1024K, 16 young (16384K), 3 survivors (3072K)
 Metaspace       used 40335K, committed 40832K, reserved 393216K
  class space    used 5702K, committed 5888K, reserved 327680K
}
Event: 160.824 GC heap after
{Heap after GC invocations=14 (full 0):
 garbage-first heap   total 262144K, used 33418K [0x00000000e0000000, 0x0000000100000000)
  region size 1024K, 2 young (2048K), 2 survivors (2048K)
 Metaspace       used 40335K, committed 40832K, reserved 393216K
  class space    used 5702K, committed 5888K, reserved 327680K
}
Event: 202.842 GC heap before
{Heap before GC invocations=14 (full 0):
 garbage-first heap   total 262144K, used 85642K [0x00000000e0000000, 0x0000000100000000)
  region size 1024K, 52 young (53248K), 2 survivors (2048K)
 Metaspace       used 45655K, committed 46272K, reserved 393216K
  class space    used 6438K, committed 6720K, reserved 327680K
}
Event: 203.016 GC heap after
{Heap after GC invocations=15 (full 0):
 garbage-first heap   total 262144K, used 35958K [0x00000000e0000000, 0x0000000100000000)
  region size 1024K, 5 young (5120K), 5 survivors (5120K)
 Metaspace       used 45655K, committed 46272K, reserved 393216K
  class space    used 6438K, committed 6720K, reserved 327680K
}
Event: 205.975 GC heap before
{Heap before GC invocations=15 (full 0):
 garbage-first heap   total 262144K, used 42102K [0x00000000e0000000, 0x0000000100000000)
  region size 1024K, 12 young (12288K), 5 survivors (5120K)
 Metaspace       used 46464K, committed 47040K, reserved 393216K
  class space    used 6557K, committed 6848K, reserved 327680K
}
Event: 206.015 GC heap after
{Heap after GC invocations=16 (full 0):
 garbage-first heap   total 262144K, used 36439K [0x00000000e0000000, 0x0000000100000000)
  region size 1024K, 1 young (1024K), 1 survivors (1024K)
 Metaspace       used 46464K, committed 47040K, reserved 393216K
  class space    used 6557K, committed 6848K, reserved 327680K
}

Dll operation events (15 events):
Event: 0.270 Loaded shared library C:\Users\kku89\.jdks\ms-17.0.15\bin\java.dll
Event: 0.349 Loaded shared library C:\Users\kku89\.jdks\ms-17.0.15\bin\jsvml.dll
Event: 1.082 Loaded shared library C:\Users\kku89\.jdks\ms-17.0.15\bin\zip.dll
Event: 1.222 Loaded shared library C:\Users\kku89\.jdks\ms-17.0.15\bin\instrument.dll
Event: 1.611 Loaded shared library C:\Users\kku89\.jdks\ms-17.0.15\bin\net.dll
Event: 1.716 Loaded shared library C:\Users\kku89\.jdks\ms-17.0.15\bin\nio.dll
Event: 1.726 Loaded shared library C:\Users\kku89\.jdks\ms-17.0.15\bin\zip.dll
Event: 3.590 Loaded shared library C:\Users\kku89\.jdks\ms-17.0.15\bin\jimage.dll
Event: 6.123 Loaded shared library C:\Users\kku89\.jdks\ms-17.0.15\bin\verify.dll
Event: 9.014 Loaded shared library C:\Gradle\native\1def1411415f61bf3af743bc5b6707747c0891f09f0c88961ee8f79bc544acac\windows-amd64\native-platform.dll
Event: 10.537 Loaded shared library C:\Gradle\native\0.2.7\x86_64-windows-gnu\gradle-fileevents.dll
Event: 31.313 Loaded shared library C:\Users\kku89\.jdks\ms-17.0.15\bin\management.dll
Event: 31.341 Loaded shared library C:\Users\kku89\.jdks\ms-17.0.15\bin\management_ext.dll
Event: 34.146 Loaded shared library C:\Users\kku89\.jdks\ms-17.0.15\bin\extnet.dll
Event: 41.681 Loaded shared library C:\Users\kku89\.jdks\ms-17.0.15\bin\sunmscapi.dll

Deoptimization events (20 events):
Event: 216.085 Thread 0x0000017e96066210 DEOPT PACKING pc=0x0000017eefc9d4b8 sp=0x0000002febffd3b0
Event: 216.102 Thread 0x0000017e96066210 DEOPT UNPACKING pc=0x0000017eef65699d sp=0x0000002febffd2f0 mode 2
Event: 216.372 Thread 0x0000017e96066210 Uncommon trap: trap_request=0xffffff45 fr.pc=0x0000017eefcbcf40 relative=0x0000000000000f20
Event: 216.373 Thread 0x0000017e96066210 Uncommon trap: reason=unstable_if action=reinterpret pc=0x0000017eefcbcf40 method=java.util.concurrent.ConcurrentHashMap.addCount(JI)V @ 34 c2
Event: 216.373 Thread 0x0000017e96066210 DEOPT PACKING pc=0x0000017eefcbcf40 sp=0x0000002febffdfe0
Event: 216.382 Thread 0x0000017e96066210 DEOPT UNPACKING pc=0x0000017eef65699d sp=0x0000002febffdea0 mode 2
Event: 217.267 Thread 0x0000017e96064dd0 Uncommon trap: trap_request=0xffffff45 fr.pc=0x0000017eefceb784 relative=0x0000000000000264
Event: 217.267 Thread 0x0000017e96064dd0 Uncommon trap: reason=unstable_if action=reinterpret pc=0x0000017eefceb784 method=java.util.concurrent.ConcurrentHashMap.get(Ljava/lang/Object;)Ljava/lang/Object; @ 86 c2
Event: 217.267 Thread 0x0000017e96064dd0 DEOPT PACKING pc=0x0000017eefceb784 sp=0x0000002fec2fdf30
Event: 217.267 Thread 0x0000017e96064dd0 DEOPT UNPACKING pc=0x0000017eef65699d sp=0x0000002fec2fdea8 mode 2
Event: 217.449 Thread 0x0000017e96064dd0 DEOPT PACKING pc=0x0000017ee892e884 sp=0x0000002fec2fc540
Event: 217.450 Thread 0x0000017e96064dd0 DEOPT UNPACKING pc=0x0000017eef657124 sp=0x0000002fec2fbac0 mode 0
Event: 218.987 Thread 0x0000017e95bdf1c0 DEOPT PACKING pc=0x0000017ee8432851 sp=0x0000002feadfe620
Event: 218.987 Thread 0x0000017e95bdf1c0 DEOPT UNPACKING pc=0x0000017eef657124 sp=0x0000002feadfdac0 mode 0
Event: 219.024 Thread 0x0000017e96064dd0 DEOPT PACKING pc=0x0000017ee892e884 sp=0x0000002fec2fc440
Event: 219.024 Thread 0x0000017e96064dd0 DEOPT UNPACKING pc=0x0000017eef657124 sp=0x0000002fec2fb9c0 mode 0
Event: 219.923 Thread 0x0000017e95bdf1c0 DEOPT PACKING pc=0x0000017ee82922b9 sp=0x0000002feadfe620
Event: 219.939 Thread 0x0000017e95bdf1c0 DEOPT UNPACKING pc=0x0000017eef657124 sp=0x0000002feadfdaa8 mode 0
Event: 220.206 Thread 0x0000017e960643b0 DEOPT PACKING pc=0x0000017ee892e884 sp=0x0000002fec1fce90
Event: 220.206 Thread 0x0000017e960643b0 DEOPT UNPACKING pc=0x0000017eef657124 sp=0x0000002fec1fc410 mode 0

Classes loaded (20 events):
Event: 184.958 Loading class java/util/function/LongUnaryOperator
Event: 184.960 Loading class java/util/function/LongUnaryOperator done
Event: 188.887 Loading class javax/net/ssl/HostnameVerifier
Event: 188.887 Loading class javax/net/ssl/HostnameVerifier done
Event: 188.927 Loading class javax/net/ssl/TrustManager
Event: 188.927 Loading class javax/net/ssl/TrustManager done
Event: 188.928 Loading class javax/net/ssl/X509TrustManager
Event: 188.935 Loading class javax/net/ssl/X509TrustManager done
Event: 189.160 Loading class javax/net/ssl/SSLException
Event: 189.173 Loading class javax/net/ssl/SSLException done
Event: 189.173 Loading class javax/net/ssl/SSLPeerUnverifiedException
Event: 189.186 Loading class javax/net/ssl/SSLPeerUnverifiedException done
Event: 189.186 Loading class java/security/cert/CertificateParsingException
Event: 189.209 Loading class java/security/cert/CertificateException
Event: 189.236 Loading class java/security/cert/CertificateException done
Event: 189.236 Loading class java/security/cert/CertificateParsingException done
Event: 189.236 Loading class javax/naming/NamingException
Event: 189.267 Loading class javax/naming/NamingException done
Event: 189.268 Loading class javax/naming/InvalidNameException
Event: 189.297 Loading class javax/naming/InvalidNameException done

Classes unloaded (0 events):
No events

Classes redefined (0 events):
No events

Internal exceptions (20 events):
Event: 172.689 Thread 0x0000017e95bddd80 Exception <a 'java/lang/ClassNotFoundException'{0x00000000ef400410}: settings_au8gv0znf4uy5zmye4uoetjjoCustomizer> (0x00000000ef400410) 
thrown [s\src\hotspot\share\classfile\systemDictionary.cpp, line 256]
Event: 172.719 Thread 0x0000017e95bddd80 Exception <a 'java/lang/ClassNotFoundException'{0x00000000ef492b60}: org/gradle/initialization/DefaultSettings_DecoratedBeanInfo> (0x00000000ef492b60) 
thrown [s\src\hotspot\share\classfile\systemDictionary.cpp, line 256]
Event: 172.720 Thread 0x0000017e95bddd80 Exception <a 'java/lang/ClassNotFoundException'{0x00000000ef4a2318}: org/gradle/initialization/DefaultSettingsBeanInfo> (0x00000000ef4a2318) 
thrown [s\src\hotspot\share\classfile\systemDictionary.cpp, line 256]
Event: 172.721 Thread 0x0000017e95bddd80 Exception <a 'java/lang/ClassNotFoundException'{0x00000000ef4b1568}: org/gradle/initialization/DefaultSettingsCustomizer> (0x00000000ef4b1568) 
thrown [s\src\hotspot\share\classfile\systemDictionary.cpp, line 256]
Event: 172.738 Thread 0x0000017e95bddd80 Exception <a 'java/lang/ClassNotFoundException'{0x00000000ef4ff888}: org/gradle/initialization/DefaultSettings_DecoratedCustomizer> (0x00000000ef4ff888) 
thrown [s\src\hotspot\share\classfile\systemDictionary.cpp, line 256]
Event: 172.778 Thread 0x0000017e95bddd80 Exception <a 'java/lang/ClassNotFoundException'{0x00000000ef37ba28}: org/gradle/initialization/DefaultProjectDescriptorBeanInfo> (0x00000000ef37ba28) 
thrown [s\src\hotspot\share\classfile\systemDictionary.cpp, line 256]
Event: 172.787 Thread 0x0000017e95bddd80 Exception <a 'java/lang/ClassNotFoundException'{0x00000000ef38abb8}: org/gradle/initialization/DefaultProjectDescriptorCustomizer> (0x00000000ef38abb8) 
thrown [s\src\hotspot\share\classfile\systemDictionary.cpp, line 256]
Event: 173.164 Thread 0x0000017e95bddd80 Exception <a 'java/lang/NoSuchMethodError'{0x00000000ef3d8f58}: 'void java.lang.invoke.DirectMethodHandle$Holder.invokeInterface(java.lang.Object, java.lang.Object)'> (0x00000000ef3d8f58) 
thrown [s\src\hotspot\share\interpreter\linkResolver.cpp, line 759]
Event: 184.964 Thread 0x0000017e95bddd80 Exception <a 'java/lang/NoSuchMethodError'{0x00000000ee137860}: 'long java.lang.invoke.DirectMethodHandle$Holder.invokeStatic(java.lang.Object, long)'> (0x00000000ee137860) 
thrown [s\src\hotspot\share\interpreter\linkResolver.cpp, line 759]
Event: 187.187 Thread 0x0000017e95bddd80 Implicit null exception at 0x0000017eefeb828a to 0x0000017eefeb8568
Event: 199.487 Thread 0x0000017e95bddd80 Exception <a 'java/lang/ClassNotFoundException'{0x00000000ed452840}: build_aezl8ff3kq5p760kkgqzo1gtgBeanInfo> (0x00000000ed452840) 
thrown [s\src\hotspot\share\classfile\systemDictionary.cpp, line 256]
Event: 199.492 Thread 0x0000017e95bddd80 Exception <a 'java/lang/ClassNotFoundException'{0x00000000ed45d9f0}: org/gradle/api/internal/project/ProjectScriptBeanInfo> (0x00000000ed45d9f0) 
thrown [s\src\hotspot\share\classfile\systemDictionary.cpp, line 256]
Event: 199.496 Thread 0x0000017e95bddd80 Exception <a 'java/lang/ClassNotFoundException'{0x00000000ed468cc0}: org/gradle/api/internal/project/ProjectScriptCustomizer> (0x00000000ed468cc0) 
thrown [s\src\hotspot\share\classfile\systemDictionary.cpp, line 256]
Event: 199.596 Thread 0x0000017e95bddd80 Exception <a 'java/lang/ClassNotFoundException'{0x00000000ed480b70}: build_aezl8ff3kq5p760kkgqzo1gtgCustomizer> (0x00000000ed480b70) 
thrown [s\src\hotspot\share\classfile\systemDictionary.cpp, line 256]
Event: 199.864 Thread 0x0000017e95bddd80 Exception <a 'java/lang/ClassNotFoundException'{0x00000000ed4de760}: org/gradle/plugin/use/internal/PluginRequestCollector$PluginDependenciesSpecImplBeanInfo> (0x00000000ed4de760) 
thrown [s\src\hotspot\share\classfile\systemDictionary.cpp, line 256]
Event: 199.954 Thread 0x0000017e95bddd80 Exception <a 'java/lang/ClassNotFoundException'{0x00000000ed4efc68}: org/gradle/plugin/use/internal/PluginRequestCollector$PluginDependenciesSpecImplCustomizer> (0x00000000ed4efc68) 
thrown [s\src\hotspot\share\classfile\systemDictionary.cpp, line 256]
Event: 200.014 Thread 0x0000017e95bddd80 Exception <a 'java/lang/ClassNotFoundException'{0x00000000ed33bac0}: org/gradle/plugin/use/internal/PluginRequestCollector$PluginDependencySpecImplBeanInfo> (0x00000000ed33bac0) 
thrown [s\src\hotspot\share\classfile\systemDictionary.cpp, line 256]
Event: 200.021 Thread 0x0000017e95bddd80 Exception <a 'java/lang/ClassNotFoundException'{0x00000000ed34cf68}: org/gradle/plugin/use/internal/PluginRequestCollector$PluginDependencySpecImplCustomizer> (0x00000000ed34cf68) 
thrown [s\src\hotspot\share\classfile\systemDictionary.cpp, line 256]
Event: 203.698 Thread 0x0000017e95bddd80 Exception <a 'java/lang/NoSuchMethodError'{0x00000000efe41368}: 'int java.lang.invoke.DirectMethodHandle$Holder.invokeSpecialIFC(java.lang.Object, java.lang.Object, java.lang.Object)'> (0x00000000efe41368) 
thrown [s\src\hotspot\share\interpreter\linkResolver.cpp, line 759]
Event: 205.166 Thread 0x0000017e95bddd80 Exception <a 'java/lang/NoSuchMethodError'{0x00000000efbf5f10}: 'void java.lang.invoke.DirectMethodHandle$Holder.invokeStatic(java.lang.Object, java.lang.Object, java.lang.Object, int, java.lang.Object)'> (0x00000000efbf5f10) 
thrown [s\src\hotspot\share\interpreter\linkResolver.cpp, line 759]

VM Operations (20 events):
Event: 213.098 Executing VM operation: Cleanup
Event: 213.114 Executing VM operation: Cleanup done
Event: 214.125 Executing VM operation: Cleanup
Event: 214.156 Executing VM operation: Cleanup done
Event: 215.159 Executing VM operation: Cleanup
Event: 215.175 Executing VM operation: Cleanup done
Event: 216.188 Executing VM operation: Cleanup
Event: 216.219 Executing VM operation: Cleanup done
Event: 217.221 Executing VM operation: Cleanup
Event: 217.237 Executing VM operation: Cleanup done
Event: 218.252 Executing VM operation: Cleanup
Event: 218.282 Executing VM operation: Cleanup done
Event: 219.291 Executing VM operation: Cleanup
Event: 219.307 Executing VM operation: Cleanup done
Event: 220.320 Executing VM operation: Cleanup
Event: 220.336 Executing VM operation: Cleanup done
Event: 221.347 Executing VM operation: Cleanup
Event: 221.362 Executing VM operation: Cleanup done
Event: 222.362 Executing VM operation: Cleanup
Event: 222.363 Executing VM operation: Cleanup done

Memory protections (0 events):
No events

Nmethod flushes (20 events):
Event: 153.247 Thread 0x0000017efa91a4e0 flushing  nmethod 0x0000017ee8867910
Event: 153.247 Thread 0x0000017efa91a4e0 flushing  nmethod 0x0000017ee886a090
Event: 153.247 Thread 0x0000017efa91a4e0 flushing  nmethod 0x0000017ee886ed10
Event: 153.247 Thread 0x0000017efa91a4e0 flushing  nmethod 0x0000017ee886f890
Event: 153.247 Thread 0x0000017efa91a4e0 flushing  nmethod 0x0000017ee8870090
Event: 153.247 Thread 0x0000017efa91a4e0 flushing  nmethod 0x0000017ee8870b10
Event: 153.247 Thread 0x0000017efa91a4e0 flushing  nmethod 0x0000017ee8871910
Event: 153.247 Thread 0x0000017efa91a4e0 flushing  nmethod 0x0000017ee8877d90
Event: 153.247 Thread 0x0000017efa91a4e0 flushing  nmethod 0x0000017ee8878e10
Event: 153.247 Thread 0x0000017efa91a4e0 flushing  nmethod 0x0000017ee887e810
Event: 153.247 Thread 0x0000017efa91a4e0 flushing  nmethod 0x0000017ee888a410
Event: 153.247 Thread 0x0000017efa91a4e0 flushing  nmethod 0x0000017ee88aa410
Event: 153.247 Thread 0x0000017efa91a4e0 flushing  nmethod 0x0000017ee88bb090
Event: 153.248 Thread 0x0000017efa91a4e0 flushing  nmethod 0x0000017ee893e590
Event: 153.248 Thread 0x0000017efa91a4e0 flushing  nmethod 0x0000017ee894cc90
Event: 153.248 Thread 0x0000017efa91a4e0 flushing  nmethod 0x0000017ee894f390
Event: 153.248 Thread 0x0000017efa91a4e0 flushing  nmethod 0x0000017ee894fe10
Event: 153.248 Thread 0x0000017efa91a4e0 flushing  nmethod 0x0000017ee897be10
Event: 153.248 Thread 0x0000017efa91a4e0 flushing  nmethod 0x0000017ee89b6710
Event: 153.248 Thread 0x0000017efa91a4e0 flushing  nmethod 0x0000017ee89c0d10

Events (20 events):
Event: 77.404 Thread 0x0000017e95bddd80 Thread added: 0x0000017eff7f57a0
Event: 81.878 Thread 0x0000017e95bddd80 Thread added: 0x0000017eff7f3940
Event: 83.050 Thread 0x0000017e95bddd80 Thread added: 0x0000017eff7f5290
Event: 105.155 Thread 0x0000017e95bddd80 Thread added: 0x0000017eff7f3430
Event: 111.894 Thread 0x0000017e95bddd80 Thread added: 0x0000017eff7f3e50
Event: 126.854 Thread 0x0000017e95bddd80 Thread added: 0x0000017eff7f2a10
Event: 135.700 Thread 0x0000017e95bddd80 Thread added: 0x0000017eff7f2f20
Event: 138.160 Thread 0x0000017e95bddd80 Thread added: 0x0000017eff7f4870
Event: 160.257 Thread 0x0000017e95bddd80 Thread added: 0x0000017e96063ea0
Event: 161.090 Thread 0x0000017e95bddd80 Thread added: 0x0000017e96067140
Event: 166.206 Thread 0x0000017e95bddd80 Thread added: 0x0000017e960648c0
Event: 211.775 Thread 0x0000017e95bddd80 Thread added: 0x0000017e96065d00
Event: 211.783 Thread 0x0000017e95bddd80 Thread added: 0x0000017e960652e0
Event: 211.786 Thread 0x0000017e95bddd80 Thread added: 0x0000017e96066720
Event: 214.995 Thread 0x0000017e95bddd80 Thread added: 0x0000017e96063990
Event: 215.013 Thread 0x0000017e95bddd80 Thread added: 0x0000017e96066210
Event: 215.020 Thread 0x0000017e95bddd80 Thread added: 0x0000017e96066c30
Event: 217.241 Thread 0x0000017e95bddd80 Thread added: 0x0000017e960643b0
Event: 217.248 Thread 0x0000017e95bddd80 Thread added: 0x0000017e96064dd0
Event: 217.251 Thread 0x0000017e95bddd80 Thread added: 0x0000017e960657f0


Dynamic libraries:
0x00007ff794380000 - 0x00007ff79438e000 	C:\Users\kku89\.jdks\ms-17.0.15\bin\java.exe
0x00007fface830000 - 0x00007ffacea47000 	C:\WINDOWS\SYSTEM32\ntdll.dll
0x00007ffacdbb0000 - 0x00007ffacdc74000 	C:\WINDOWS\System32\KERNEL32.DLL
0x00007ffacbd70000 - 0x00007ffacc143000 	C:\WINDOWS\System32\KERNELBASE.dll
0x00007ffacc270000 - 0x00007ffacc381000 	C:\WINDOWS\System32\ucrtbase.dll
0x00007ffaab0f0000 - 0x00007ffaab107000 	C:\Users\kku89\.jdks\ms-17.0.15\bin\jli.dll
0x00007ffacd860000 - 0x00007ffacda11000 	C:\WINDOWS\System32\USER32.dll
0x00007ffacbba0000 - 0x00007ffacbbc6000 	C:\WINDOWS\System32\win32u.dll
0x00007ffacdcf0000 - 0x00007ffacdd19000 	C:\WINDOWS\System32\GDI32.dll
0x00007ffaab110000 - 0x00007ffaab12d000 	C:\Users\kku89\.jdks\ms-17.0.15\bin\VCRUNTIME140.dll
0x00007ffab6ff0000 - 0x00007ffab7288000 	C:\WINDOWS\WinSxS\amd64_microsoft.windows.common-controls_6595b64144ccf1df_6.0.22621.5124_none_270e8f4f7386d69d\COMCTL32.dll
0x00007ffacc150000 - 0x00007ffacc26b000 	C:\WINDOWS\System32\gdi32full.dll
0x00007fface1b0000 - 0x00007fface257000 	C:\WINDOWS\System32\msvcrt.dll
0x00007ffacb940000 - 0x00007ffacb9da000 	C:\WINDOWS\System32\msvcp_win.dll
0x00007ffacc4d0000 - 0x00007ffacc501000 	C:\WINDOWS\System32\IMM32.DLL
0x00007ffab8710000 - 0x00007ffab871c000 	C:\Users\kku89\.jdks\ms-17.0.15\bin\vcruntime140_1.dll
0x00007ffa8d940000 - 0x00007ffa8d9cd000 	C:\Users\kku89\.jdks\ms-17.0.15\bin\msvcp140.dll
0x00007ffa82140000 - 0x00007ffa82db2000 	C:\Users\kku89\.jdks\ms-17.0.15\bin\server\jvm.dll
0x00007ffacd7a0000 - 0x00007ffacd851000 	C:\WINDOWS\System32\ADVAPI32.dll
0x00007ffacce30000 - 0x00007ffacced8000 	C:\WINDOWS\System32\sechost.dll
0x00007ffacbd40000 - 0x00007ffacbd68000 	C:\WINDOWS\System32\bcrypt.dll
0x00007fface420000 - 0x00007fface534000 	C:\WINDOWS\System32\RPCRT4.dll
0x00007fface5b0000 - 0x00007fface621000 	C:\WINDOWS\System32\WS2_32.dll
0x00007ffaca780000 - 0x00007ffaca7cd000 	C:\WINDOWS\SYSTEM32\POWRPROF.dll
0x00007ffac33f0000 - 0x00007ffac3424000 	C:\WINDOWS\SYSTEM32\WINMM.dll
0x00007ffac22f0000 - 0x00007ffac22fa000 	C:\WINDOWS\SYSTEM32\VERSION.dll
0x00007ffaca760000 - 0x00007ffaca773000 	C:\WINDOWS\SYSTEM32\UMPDC.dll
0x00007ffaca9c0000 - 0x00007ffaca9d8000 	C:\WINDOWS\SYSTEM32\kernel.appcore.dll
0x00007ffab8030000 - 0x00007ffab803a000 	C:\Users\kku89\.jdks\ms-17.0.15\bin\jimage.dll
0x00007ffac94f0000 - 0x00007ffac9722000 	C:\WINDOWS\SYSTEM32\DBGHELP.DLL
0x00007ffacca90000 - 0x00007ffacce22000 	C:\WINDOWS\System32\combase.dll
0x00007ffacc540000 - 0x00007ffacc617000 	C:\WINDOWS\System32\OLEAUT32.dll
0x00007ffac8100000 - 0x00007ffac8132000 	C:\WINDOWS\SYSTEM32\dbgcore.DLL
0x00007ffacbb20000 - 0x00007ffacbb9b000 	C:\WINDOWS\System32\bcryptPrimitives.dll
0x00007ffab72c0000 - 0x00007ffab72ce000 	C:\Users\kku89\.jdks\ms-17.0.15\bin\instrument.dll
0x00007ffaa1f50000 - 0x00007ffaa1f75000 	C:\Users\kku89\.jdks\ms-17.0.15\bin\java.dll
0x00007ffa8cfc0000 - 0x00007ffa8d096000 	C:\Users\kku89\.jdks\ms-17.0.15\bin\jsvml.dll
0x00007ffaccf00000 - 0x00007ffacd796000 	C:\WINDOWS\System32\SHELL32.dll
0x00007ffacc390000 - 0x00007ffacc4cf000 	C:\WINDOWS\System32\wintypes.dll
0x00007ffac9820000 - 0x00007ffaca13a000 	C:\WINDOWS\SYSTEM32\windows.storage.dll
0x00007ffacda20000 - 0x00007ffacdb2a000 	C:\WINDOWS\System32\SHCORE.dll
0x00007ffacc620000 - 0x00007ffacc683000 	C:\WINDOWS\System32\shlwapi.dll
0x00007ffacb870000 - 0x00007ffacb89b000 	C:\WINDOWS\SYSTEM32\profapi.dll
0x00007ffaa3fc0000 - 0x00007ffaa3fd8000 	C:\Users\kku89\.jdks\ms-17.0.15\bin\zip.dll
0x00007ffaa1800000 - 0x00007ffaa181a000 	C:\Users\kku89\.jdks\ms-17.0.15\bin\net.dll
0x00007ffac7f20000 - 0x00007ffac804c000 	C:\WINDOWS\SYSTEM32\WINHTTP.dll
0x00007ffacae90000 - 0x00007ffacaefa000 	C:\WINDOWS\system32\mswsock.dll
0x00007ffa9e080000 - 0x00007ffa9e096000 	C:\Users\kku89\.jdks\ms-17.0.15\bin\nio.dll
0x00007ffab1020000 - 0x00007ffab1030000 	C:\Users\kku89\.jdks\ms-17.0.15\bin\verify.dll
0x00007ffa95330000 - 0x00007ffa95357000 	C:\Gradle\native\1def1411415f61bf3af743bc5b6707747c0891f09f0c88961ee8f79bc544acac\windows-amd64\native-platform.dll
0x00007ffab9e40000 - 0x00007ffab9eb8000 	C:\Gradle\native\0.2.7\x86_64-windows-gnu\gradle-fileevents.dll
0x00007ffab0ec0000 - 0x00007ffab0eca000 	C:\Users\kku89\.jdks\ms-17.0.15\bin\management.dll
0x00007ffaacce0000 - 0x00007ffaacceb000 	C:\Users\kku89\.jdks\ms-17.0.15\bin\management_ext.dll
0x00007ffacc720000 - 0x00007ffacc728000 	C:\WINDOWS\System32\PSAPI.DLL
0x00007ffaca410000 - 0x00007ffaca43d000 	C:\WINDOWS\SYSTEM32\IPHLPAPI.DLL
0x00007ffacdc80000 - 0x00007ffacdc89000 	C:\WINDOWS\System32\NSI.dll
0x00007ffac2f30000 - 0x00007ffac2f49000 	C:\WINDOWS\SYSTEM32\dhcpcsvc6.DLL
0x00007ffac2f10000 - 0x00007ffac2f2f000 	C:\WINDOWS\SYSTEM32\dhcpcsvc.DLL
0x00007ffaca480000 - 0x00007ffaca582000 	C:\WINDOWS\SYSTEM32\DNSAPI.dll
0x00007ffaab780000 - 0x00007ffaab789000 	C:\Users\kku89\.jdks\ms-17.0.15\bin\extnet.dll
0x00007ffacb0c0000 - 0x00007ffacb0db000 	C:\WINDOWS\SYSTEM32\CRYPTSP.dll
0x00007ffaca980000 - 0x00007ffaca9b7000 	C:\WINDOWS\system32\rsaenh.dll
0x00007ffacaf40000 - 0x00007ffacaf68000 	C:\WINDOWS\SYSTEM32\USERENV.dll
0x00007ffacb0e0000 - 0x00007ffacb0ec000 	C:\WINDOWS\SYSTEM32\CRYPTBASE.dll
0x00007ffaaa360000 - 0x00007ffaaa36e000 	C:\Users\kku89\.jdks\ms-17.0.15\bin\sunmscapi.dll
0x00007ffacbbd0000 - 0x00007ffacbd37000 	C:\WINDOWS\System32\CRYPT32.dll
0x00007ffacb2f0000 - 0x00007ffacb31d000 	C:\WINDOWS\SYSTEM32\ncrypt.dll
0x00007ffacb2b0000 - 0x00007ffacb2e7000 	C:\WINDOWS\SYSTEM32\NTASN1.dll
0x00007ffab89c0000 - 0x00007ffab89c8000 	C:\WINDOWS\system32\wshunix.dll

dbghelp: loaded successfully - version: 4.0.5 - missing functions: none
symbol engine: initialized successfully - sym options: 0x614 - pdb path: .;C:\Users\kku89\.jdks\ms-17.0.15\bin;C:\WINDOWS\SYSTEM32;C:\WINDOWS\WinSxS\amd64_microsoft.windows.common-controls_6595b64144ccf1df_6.0.22621.5124_none_270e8f4f7386d69d;C:\Users\kku89\.jdks\ms-17.0.15\bin\server;C:\Gradle\native\1def1411415f61bf3af743bc5b6707747c0891f09f0c88961ee8f79bc544acac\windows-amd64;C:\Gradle\native\0.2.7\x86_64-windows-gnu

VM Arguments:
jvm_args: --add-opens=java.base/java.lang=ALL-UNNAMED --add-opens=java.base/java.lang.invoke=ALL-UNNAMED --add-opens=java.base/java.util=ALL-UNNAMED --add-opens=java.prefs/java.util.prefs=ALL-UNNAMED --add-exports=jdk.compiler/com.sun.tools.javac.api=ALL-UNNAMED --add-exports=jdk.compiler/com.sun.tools.javac.util=ALL-UNNAMED --add-opens=java.base/java.util=ALL-UNNAMED --add-opens=java.prefs/java.util.prefs=ALL-UNNAMED --add-opens=java.base/java.nio.charset=ALL-UNNAMED --add-opens=java.base/java.net=ALL-UNNAMED --add-opens=java.base/java.util.concurrent.atomic=ALL-UNNAMED --add-opens=java.xml/javax.xml.namespace=ALL-UNNAMED -XX:MaxMetaspaceSize=384m -XX:+HeapDumpOnOutOfMemoryError -Xms256m -Xmx512m -Dfile.encoding=UTF-8 -Duser.country=KR -Duser.language=ko -Duser.variant -javaagent:C:\Gradle\wrapper\dists\gradle-8.13-bin\5xuhj0ry160q40clulazy9h7d\gradle-8.13\lib\agents\gradle-instrumentation-agent-8.13.jar 
java_command: org.gradle.launcher.daemon.bootstrap.GradleDaemon 8.13
java_class_path (initial): C:\Gradle\wrapper\dists\gradle-8.13-bin\5xuhj0ry160q40clulazy9h7d\gradle-8.13\lib\gradle-daemon-main-8.13.jar
Launcher Type: SUN_STANDARD

[Global flags]
     intx CICompilerCount                          = 3                                         {product} {ergonomic}
   size_t CompressedClassSpaceSize                 = 335544320                                 {product} {ergonomic}
     uint ConcGCThreads                            = 1                                         {product} {ergonomic}
     uint G1ConcRefinementThreads                  = 4                                         {product} {ergonomic}
   size_t G1HeapRegionSize                         = 1048576                                   {product} {ergonomic}
    uintx GCDrainStackTargetSize                   = 64                                        {product} {ergonomic}
     bool HeapDumpOnOutOfMemoryError               = true                                   {manageable} {command line}
   size_t InitialHeapSize                          = 268435456                                 {product} {command line}
   size_t MarkStackSize                            = 4194304                                   {product} {ergonomic}
   size_t MaxHeapSize                              = 536870912                                 {product} {command line}
   size_t MaxMetaspaceSize                         = 402653184                                 {product} {command line}
   size_t MaxNewSize                               = 321912832                                 {product} {ergonomic}
   size_t MinHeapDeltaBytes                        = 1048576                                   {product} {ergonomic}
   size_t MinHeapSize                              = 268435456                                 {product} {command line}
    uintx NonNMethodCodeHeapSize                   = 5832780                                {pd product} {ergonomic}
    uintx NonProfiledCodeHeapSize                  = 122912730                              {pd product} {ergonomic}
    uintx ProfiledCodeHeapSize                     = 122912730                              {pd product} {ergonomic}
    uintx ReservedCodeCacheSize                    = 251658240                              {pd product} {ergonomic}
     bool SegmentedCodeCache                       = true                                      {product} {ergonomic}
   size_t SoftMaxHeapSize                          = 536870912                              {manageable} {ergonomic}
     bool UseCompressedClassPointers               = true                           {product lp64_product} {ergonomic}
     bool UseCompressedOops                        = true                           {product lp64_product} {ergonomic}
     bool UseG1GC                                  = true                                      {product} {ergonomic}
     bool UseLargePagesIndividualAllocation        = false                                  {pd product} {ergonomic}

Logging:
Log output configuration:
 #0: stdout all=warning uptime,level,tags
 #1: stderr all=off uptime,level,tags

Environment Variables:
JAVA_HOME=C:\Program Files\Eclipse Adoptium\jdk-17.0.14.7-hotspot
PATH=C:\WINDOWS\system32;C:\WINDOWS;C:\WINDOWS\System32\Wbem;C:\WINDOWS\System32\WindowsPowerShell\v1.0\;C:\WINDOWS\System32\OpenSSH\;C:\Program Files\nodejs\;C:\Program Files\Git\cmd;C:\Program Files\Eclipse Adoptium\jdk-17.0.14.7-hotspot\bin;C:\Users\kku89\gradle-8.13-bin\bin;C:\Program Files\dotnet\;C:\Users\kku89\AppData\Local\Programs\Python\Launcher\;C:\Users\kku89\AppData\Local\Microsoft\WindowsApps;C:\Users\kku89\AppData\Roaming\npm;C:\Program Files\JetBrains\IntelliJ IDEA 2024.3\bin;;C:\Users\kku89\Desktop\Microsoft VS Code\bin
USERNAME=kku89
TMPDIR=C:\Users\Public\Documents\ESTsoft\CreatorTemp
OS=Windows_NT
PROCESSOR_IDENTIFIER=Intel64 Family 6 Model 142 Stepping 12, GenuineIntel
TMP=C:\Users\kku89\AppData\Local\Temp
TEMP=C:\Users\kku89\AppData\Local\Temp



Periodic native trim disabled


---------------  S Y S T E M  ---------------

OS:
 Windows 11 , 64 bit Build 22621 (10.0.22621.5124)
OS uptime: 0 days 3:28 hours
Hyper-V role detected

CPU: total 4 (initial active 4) (2 cores per cpu, 2 threads per core) family 6 model 142 stepping 12 microcode 0xde, cx8, cmov, fxsr, ht, mmx, 3dnowpref, sse, sse2, sse3, ssse3, sse4.1, sse4.2, popcnt, lzcnt, tsc, tscinvbit, aes, erms, clmul, clflush, clflushopt, hv
Processor Information for the first 4 processors :
  Max Mhz: 2400, Current Mhz: 2400, Mhz Limit: 2400

Memory: 4k page, system-wide physical 3876M (657M free)
TotalPageFile size 15652M (AvailPageFile size 317M)
current process WorkingSet (physical memory assigned to process): 115M, peak: 183M
current process commit charge ("private bytes"): 440M, peak: 446M

vm_info: OpenJDK 64-Bit Server VM (17.0.15+6-LTS) for windows-amd64 JRE (17.0.15+6-LTS), built on Apr  9 2025 22:27:25 by "MicrosoftCorporation" with unknown MS VC++:1939

END.
